[0.824s] Invoking command in '/home/cqu/fly2/src/barrel_manager': PYTHONPATH=/home/cqu/fly2/build/barrel_manager/prefix_override:/usr/lib/python3/dist-packages/colcon_core/task/python/colcon_distutils_commands:/home/cqu/fly2/install/barrel_manager/lib/python3.10/site-packages:${PYTHONPATH} /usr/bin/python3 -W ignore:setup.py install is deprecated -W ignore:easy_install command is deprecated setup.py egg_info --egg-base ../../build/barrel_manager build --build-base /home/cqu/fly2/build/barrel_manager/build install --record /home/cqu/fly2/build/barrel_manager/install.log --single-version-externally-managed install_data
[1.000s] running egg_info
[1.000s] writing ../../build/barrel_manager/barrel_manager.egg-info/PKG-INFO
[1.001s] writing dependency_links to ../../build/barrel_manager/barrel_manager.egg-info/dependency_links.txt
[1.001s] writing entry points to ../../build/barrel_manager/barrel_manager.egg-info/entry_points.txt
[1.001s] writing requirements to ../../build/barrel_manager/barrel_manager.egg-info/requires.txt
[1.001s] writing top-level names to ../../build/barrel_manager/barrel_manager.egg-info/top_level.txt
[1.002s] reading manifest file '../../build/barrel_manager/barrel_manager.egg-info/SOURCES.txt'
[1.003s] writing manifest file '../../build/barrel_manager/barrel_manager.egg-info/SOURCES.txt'
[1.003s] running build
[1.003s] running build_py
[1.003s] running install
[1.003s] running install_lib
[1.004s] running install_data
[1.005s] running install_egg_info
[1.006s] removing '/home/cqu/fly2/install/barrel_manager/lib/python3.10/site-packages/barrel_manager-0.0.0-py3.10.egg-info' (and everything under it)
[1.006s] Copying ../../build/barrel_manager/barrel_manager.egg-info to /home/cqu/fly2/install/barrel_manager/lib/python3.10/site-packages/barrel_manager-0.0.0-py3.10.egg-info
[1.007s] running install_scripts
[1.023s] Installing barrel_manager script to /home/cqu/fly2/install/barrel_manager/lib/barrel_manager
[1.024s] writing list of installed files to '/home/cqu/fly2/build/barrel_manager/install.log'
[1.047s] Invoked command in '/home/cqu/fly2/src/barrel_manager' returned '0': PYTHONPATH=/home/cqu/fly2/build/barrel_manager/prefix_override:/usr/lib/python3/dist-packages/colcon_core/task/python/colcon_distutils_commands:/home/cqu/fly2/install/barrel_manager/lib/python3.10/site-packages:${PYTHONPATH} /usr/bin/python3 -W ignore:setup.py install is deprecated -W ignore:easy_install command is deprecated setup.py egg_info --egg-base ../../build/barrel_manager build --build-base /home/cqu/fly2/build/barrel_manager/build install --record /home/cqu/fly2/build/barrel_manager/install.log --single-version-externally-managed install_data
