[1.838s] Invoking command in '/home/fly_ws/src/detect': PYTHONPATH=/home/fly_ws/build/detect/prefix_override:/usr/lib/python3/dist-packages/colcon_core/task/python/colcon_distutils_commands:/home/fly_ws/install/detect/lib/python3.10/site-packages:${PYTHONPATH} /usr/bin/python3 -W ignore:setup.py install is deprecated -W ignore:easy_install command is deprecated setup.py egg_info --egg-base ../../build/detect build --build-base /home/fly_ws/build/detect/build install --record /home/fly_ws/build/detect/install.log --single-version-externally-managed install_data
[2.403s] running egg_info
[2.404s] writing ../../build/detect/detect.egg-info/PKG-INFO
[2.404s] writing dependency_links to ../../build/detect/detect.egg-info/dependency_links.txt
[2.405s] writing entry points to ../../build/detect/detect.egg-info/entry_points.txt
[2.405s] writing requirements to ../../build/detect/detect.egg-info/requires.txt
[2.405s] writing top-level names to ../../build/detect/detect.egg-info/top_level.txt
[2.408s] reading manifest file '../../build/detect/detect.egg-info/SOURCES.txt'
[2.417s] writing manifest file '../../build/detect/detect.egg-info/SOURCES.txt'
[2.417s] running build
[2.418s] running build_py
[2.421s] warning: build_py: byte-compiling is disabled, skipping.
[2.422s] 
[2.422s] running install
[2.423s] running install_lib
[2.425s] warning: install_lib: byte-compiling is disabled, skipping.
[2.425s] 
[2.425s] running install_data
[2.426s] running install_egg_info
[2.430s] removing '/home/fly_ws/install/detect/lib/python3.10/site-packages/detect-0.0.0-py3.10.egg-info' (and everything under it)
[2.431s] Copying ../../build/detect/detect.egg-info to /home/fly_ws/install/detect/lib/python3.10/site-packages/detect-0.0.0-py3.10.egg-info
[2.433s] running install_scripts
[2.475s] Installing detect script to /home/fly_ws/install/detect/lib/detect
[2.475s] Installing detect2 script to /home/fly_ws/install/detect/lib/detect
[2.475s] Installing filter script to /home/fly_ws/install/detect/lib/detect
[2.475s] Installing test script to /home/fly_ws/install/detect/lib/detect
[2.476s] Installing without script to /home/fly_ws/install/detect/lib/detect
[2.476s] writing list of installed files to '/home/fly_ws/build/detect/install.log'
[2.573s] Invoked command in '/home/fly_ws/src/detect' returned '0': PYTHONPATH=/home/fly_ws/build/detect/prefix_override:/usr/lib/python3/dist-packages/colcon_core/task/python/colcon_distutils_commands:/home/fly_ws/install/detect/lib/python3.10/site-packages:${PYTHONPATH} /usr/bin/python3 -W ignore:setup.py install is deprecated -W ignore:easy_install command is deprecated setup.py egg_info --egg-base ../../build/detect build --build-base /home/fly_ws/build/detect/build install --record /home/fly_ws/build/detect/install.log --single-version-externally-managed install_data
