[0.828s] Invoking command in '/home/cqu/fly2/src/fly1': PYTHONPATH=/home/cqu/fly2/build/control/prefix_override:/usr/lib/python3/dist-packages/colcon_core/task/python/colcon_distutils_commands:/home/cqu/fly2/install/control/lib/python3.10/site-packages:${PYTHONPATH} /usr/bin/python3 -W ignore:setup.py install is deprecated -W ignore:easy_install command is deprecated setup.py egg_info --egg-base ../../build/control build --build-base /home/cqu/fly2/build/control/build install --record /home/cqu/fly2/build/control/install.log --single-version-externally-managed install_data
[1.003s] running egg_info
[1.004s] writing ../../build/control/control.egg-info/PKG-INFO
[1.004s] writing dependency_links to ../../build/control/control.egg-info/dependency_links.txt
[1.004s] writing entry points to ../../build/control/control.egg-info/entry_points.txt
[1.004s] writing requirements to ../../build/control/control.egg-info/requires.txt
[1.004s] writing top-level names to ../../build/control/control.egg-info/top_level.txt
[1.005s] reading manifest file '../../build/control/control.egg-info/SOURCES.txt'
[1.006s] writing manifest file '../../build/control/control.egg-info/SOURCES.txt'
[1.006s] running build
[1.006s] running build_py
[1.006s] running install
[1.007s] running install_lib
[1.008s] running install_data
[1.008s] running install_egg_info
[1.009s] removing '/home/cqu/fly2/install/control/lib/python3.10/site-packages/control-0.0.0-py3.10.egg-info' (and everything under it)
[1.009s] Copying ../../build/control/control.egg-info to /home/cqu/fly2/install/control/lib/python3.10/site-packages/control-0.0.0-py3.10.egg-info
[1.010s] running install_scripts
[1.027s] Installing water_drop_mission script to /home/cqu/fly2/install/control/lib/control
[1.027s] writing list of installed files to '/home/cqu/fly2/build/control/install.log'
[1.056s] Invoked command in '/home/cqu/fly2/src/fly1' returned '0': PYTHONPATH=/home/cqu/fly2/build/control/prefix_override:/usr/lib/python3/dist-packages/colcon_core/task/python/colcon_distutils_commands:/home/cqu/fly2/install/control/lib/python3.10/site-packages:${PYTHONPATH} /usr/bin/python3 -W ignore:setup.py install is deprecated -W ignore:easy_install command is deprecated setup.py egg_info --egg-base ../../build/control build --build-base /home/cqu/fly2/build/control/build install --record /home/cqu/fly2/build/control/install.log --single-version-externally-managed install_data
