[0.553s] Invoking command in '/home/cqu/fly2/src/fly1': AMENT_PREFIX_PATH=/home/cqu/fly2/install/px4_msgs:${AMENT_PREFIX_PATH} CMAKE_PREFIX_PATH=/home/cqu/fly2/install/px4_msgs LD_LIBRARY_PATH=/home/cqu/fly2/install/px4_msgs/lib:${LD_LIBRARY_PATH} PYTHONPATH=/home/cqu/fly2/build/control/prefix_override:/usr/lib/python3/dist-packages/colcon_core/task/python/colcon_distutils_commands:/home/cqu/fly2/install/control/lib/python3.10/site-packages:/home/cqu/fly2/install/px4_msgs/local/lib/python3.10/dist-packages:${PYTHONPATH} /usr/bin/python3 -W ignore:setup.py install is deprecated -W ignore:easy_install command is deprecated setup.py egg_info --egg-base ../../build/control build --build-base /home/cqu/fly2/build/control/build install --record /home/cqu/fly2/build/control/install.log --single-version-externally-managed install_data
[0.670s] running egg_info
[0.671s] writing ../../build/control/control.egg-info/PKG-INFO
[0.671s] writing dependency_links to ../../build/control/control.egg-info/dependency_links.txt
[0.671s] writing entry points to ../../build/control/control.egg-info/entry_points.txt
[0.671s] writing requirements to ../../build/control/control.egg-info/requires.txt
[0.671s] writing top-level names to ../../build/control/control.egg-info/top_level.txt
[0.672s] reading manifest file '../../build/control/control.egg-info/SOURCES.txt'
[0.674s] writing manifest file '../../build/control/control.egg-info/SOURCES.txt'
[0.674s] running build
[0.674s] running build_py
[0.674s] running install
[0.675s] running install_lib
[0.675s] running install_data
[0.675s] running install_egg_info
[0.676s] removing '/home/cqu/fly2/install/control/lib/python3.10/site-packages/control-0.0.0-py3.10.egg-info' (and everything under it)
[0.676s] Copying ../../build/control/control.egg-info to /home/cqu/fly2/install/control/lib/python3.10/site-packages/control-0.0.0-py3.10.egg-info
[0.676s] running install_scripts
[0.687s] Installing water_drop_mission script to /home/cqu/fly2/install/control/lib/control
[0.687s] writing list of installed files to '/home/cqu/fly2/build/control/install.log'
[0.704s] Invoked command in '/home/cqu/fly2/src/fly1' returned '0': AMENT_PREFIX_PATH=/home/cqu/fly2/install/px4_msgs:${AMENT_PREFIX_PATH} CMAKE_PREFIX_PATH=/home/cqu/fly2/install/px4_msgs LD_LIBRARY_PATH=/home/cqu/fly2/install/px4_msgs/lib:${LD_LIBRARY_PATH} PYTHONPATH=/home/cqu/fly2/build/control/prefix_override:/usr/lib/python3/dist-packages/colcon_core/task/python/colcon_distutils_commands:/home/cqu/fly2/install/control/lib/python3.10/site-packages:/home/cqu/fly2/install/px4_msgs/local/lib/python3.10/dist-packages:${PYTHONPATH} /usr/bin/python3 -W ignore:setup.py install is deprecated -W ignore:easy_install command is deprecated setup.py egg_info --egg-base ../../build/control build --build-base /home/cqu/fly2/build/control/build install --record /home/cqu/fly2/build/control/install.log --single-version-externally-managed install_data
