[0.336s] [34mcolcon[0m [1;30mDEBUG[0m [32mCommand line arguments: ['/usr/bin/colcon', 'build'][0m
[0.336s] [34mcolcon[0m [1;30mDEBUG[0m [32mParsed command line arguments: Namespace(log_base=None, log_level=None, verb_name='build', build_base='build', install_base='install', merge_install=False, symlink_install=False, test_result_base=None, continue_on_error=False, executor='parallel', parallel_workers=6, event_handlers=None, ignore_user_meta=False, metas=['./colcon.meta'], base_paths=['.'], packages_ignore=None, packages_ignore_regex=None, paths=None, packages_up_to=None, packages_up_to_regex=None, packages_above=None, packages_above_and_dependencies=None, packages_above_depth=None, packages_select_by_dep=None, packages_skip_by_dep=None, packages_skip_up_to=None, packages_select_build_failed=False, packages_skip_build_finished=False, packages_select_test_failures=False, packages_skip_test_passed=False, packages_select=None, packages_skip=None, packages_select_regex=None, packages_skip_regex=None, packages_start=None, packages_end=None, allow_overriding=[], cmake_args=None, cmake_target=None, cmake_target_skip_unavailable=False, cmake_clean_cache=False, cmake_clean_first=False, cmake_force_configure=False, ament_cmake_args=None, catkin_cmake_args=None, catkin_skip_building_tests=False, verb_parser=<colcon_defaults.argument_parser.defaults.DefaultArgumentsDecorator object at 0xffffa85eaa40>, verb_extension=<colcon_core.verb.build.BuildVerb object at 0xffffa8ef6aa0>, main=<bound method BuildVerb.main of <colcon_core.verb.build.BuildVerb object at 0xffffa8ef6aa0>>)[0m
[0.693s] [34mcolcon.colcon_core.package_discovery[0m [1;30mLevel 1[0m discover_packages(colcon_meta) check parameters
[0.693s] [34mcolcon.colcon_core.package_discovery[0m [1;30mLevel 1[0m discover_packages(recursive) check parameters
[0.693s] [34mcolcon.colcon_core.package_discovery[0m [1;30mLevel 1[0m discover_packages(ignore) check parameters
[0.693s] [34mcolcon.colcon_core.package_discovery[0m [1;30mLevel 1[0m discover_packages(path) check parameters
[0.693s] [34mcolcon.colcon_core.package_discovery[0m [1;30mLevel 1[0m discover_packages(colcon_meta) discover
[0.694s] [34mcolcon.colcon_core.package_discovery[0m [1;30mLevel 1[0m discover_packages(recursive) discover
[0.694s] [34mcolcon.colcon_core.package_discovery[0m [1;30mINFO[0m Crawling recursively for packages in '/home/fly_ws'
[0.694s] [34mcolcon.colcon_core.package_identification[0m [1;30mLevel 1[0m _identify(.) by extensions ['ignore', 'ignore_ament_install']
[0.694s] [34mcolcon.colcon_core.package_identification[0m [1;30mLevel 1[0m _identify(.) by extension 'ignore'
[0.694s] [34mcolcon.colcon_core.package_identification[0m [1;30mLevel 1[0m _identify(.) by extension 'ignore_ament_install'
[0.695s] [34mcolcon.colcon_core.package_identification[0m [1;30mLevel 1[0m _identify(.) by extensions ['colcon_pkg']
[0.695s] [34mcolcon.colcon_core.package_identification[0m [1;30mLevel 1[0m _identify(.) by extension 'colcon_pkg'
[0.695s] [34mcolcon.colcon_core.package_identification[0m [1;30mLevel 1[0m _identify(.) by extensions ['colcon_meta']
[0.695s] [34mcolcon.colcon_core.package_identification[0m [1;30mLevel 1[0m _identify(.) by extension 'colcon_meta'
[0.695s] [34mcolcon.colcon_core.package_identification[0m [1;30mLevel 1[0m _identify(.) by extensions ['ros']
[0.695s] [34mcolcon.colcon_core.package_identification[0m [1;30mLevel 1[0m _identify(.) by extension 'ros'
[0.852s] [34mcolcon.colcon_core.package_identification[0m [1;30mLevel 1[0m _identify(.) by extensions ['cmake', 'python']
[0.852s] [34mcolcon.colcon_core.package_identification[0m [1;30mLevel 1[0m _identify(.) by extension 'cmake'
[0.852s] [34mcolcon.colcon_core.package_identification[0m [1;30mLevel 1[0m _identify(.) by extension 'python'
[0.852s] [34mcolcon.colcon_core.package_identification[0m [1;30mLevel 1[0m _identify(.) by extensions ['python_setup_py']
[0.852s] [34mcolcon.colcon_core.package_identification[0m [1;30mLevel 1[0m _identify(.) by extension 'python_setup_py'
[0.853s] [34mcolcon.colcon_core.package_identification[0m [1;30mLevel 1[0m _identify(build) by extensions ['ignore', 'ignore_ament_install']
[0.853s] [34mcolcon.colcon_core.package_identification[0m [1;30mLevel 1[0m _identify(build) by extension 'ignore'
[0.853s] [34mcolcon.colcon_core.package_identification[0m [1;30mLevel 1[0m _identify(build) ignored
[0.853s] [34mcolcon.colcon_core.package_identification[0m [1;30mLevel 1[0m _identify(install) by extensions ['ignore', 'ignore_ament_install']
[0.854s] [34mcolcon.colcon_core.package_identification[0m [1;30mLevel 1[0m _identify(install) by extension 'ignore'
[0.854s] [34mcolcon.colcon_core.package_identification[0m [1;30mLevel 1[0m _identify(install) ignored
[0.854s] [34mcolcon.colcon_core.package_identification[0m [1;30mLevel 1[0m _identify(log) by extensions ['ignore', 'ignore_ament_install']
[0.854s] [34mcolcon.colcon_core.package_identification[0m [1;30mLevel 1[0m _identify(log) by extension 'ignore'
[0.854s] [34mcolcon.colcon_core.package_identification[0m [1;30mLevel 1[0m _identify(log) ignored
[0.855s] [34mcolcon.colcon_core.package_identification[0m [1;30mLevel 1[0m _identify(src) by extensions ['ignore', 'ignore_ament_install']
[0.855s] [34mcolcon.colcon_core.package_identification[0m [1;30mLevel 1[0m _identify(src) by extension 'ignore'
[0.855s] [34mcolcon.colcon_core.package_identification[0m [1;30mLevel 1[0m _identify(src) by extension 'ignore_ament_install'
[0.855s] [34mcolcon.colcon_core.package_identification[0m [1;30mLevel 1[0m _identify(src) by extensions ['colcon_pkg']
[0.855s] [34mcolcon.colcon_core.package_identification[0m [1;30mLevel 1[0m _identify(src) by extension 'colcon_pkg'
[0.855s] [34mcolcon.colcon_core.package_identification[0m [1;30mLevel 1[0m _identify(src) by extensions ['colcon_meta']
[0.855s] [34mcolcon.colcon_core.package_identification[0m [1;30mLevel 1[0m _identify(src) by extension 'colcon_meta'
[0.855s] [34mcolcon.colcon_core.package_identification[0m [1;30mLevel 1[0m _identify(src) by extensions ['ros']
[0.856s] [34mcolcon.colcon_core.package_identification[0m [1;30mLevel 1[0m _identify(src) by extension 'ros'
[0.856s] [34mcolcon.colcon_core.package_identification[0m [1;30mLevel 1[0m _identify(src) by extensions ['cmake', 'python']
[0.856s] [34mcolcon.colcon_core.package_identification[0m [1;30mLevel 1[0m _identify(src) by extension 'cmake'
[0.856s] [34mcolcon.colcon_core.package_identification[0m [1;30mLevel 1[0m _identify(src) by extension 'python'
[0.856s] [34mcolcon.colcon_core.package_identification[0m [1;30mLevel 1[0m _identify(src) by extensions ['python_setup_py']
[0.856s] [34mcolcon.colcon_core.package_identification[0m [1;30mLevel 1[0m _identify(src) by extension 'python_setup_py'
[0.857s] [34mcolcon.colcon_core.package_identification[0m [1;30mLevel 1[0m _identify(src/detect) by extensions ['ignore', 'ignore_ament_install']
[0.857s] [34mcolcon.colcon_core.package_identification[0m [1;30mLevel 1[0m _identify(src/detect) by extension 'ignore'
[0.857s] [34mcolcon.colcon_core.package_identification[0m [1;30mLevel 1[0m _identify(src/detect) by extension 'ignore_ament_install'
[0.857s] [34mcolcon.colcon_core.package_identification[0m [1;30mLevel 1[0m _identify(src/detect) by extensions ['colcon_pkg']
[0.857s] [34mcolcon.colcon_core.package_identification[0m [1;30mLevel 1[0m _identify(src/detect) by extension 'colcon_pkg'
[0.857s] [34mcolcon.colcon_core.package_identification[0m [1;30mLevel 1[0m _identify(src/detect) by extensions ['colcon_meta']
[0.857s] [34mcolcon.colcon_core.package_identification[0m [1;30mLevel 1[0m _identify(src/detect) by extension 'colcon_meta'
[0.857s] [34mcolcon.colcon_core.package_identification[0m [1;30mLevel 1[0m _identify(src/detect) by extensions ['ros']
[0.857s] [34mcolcon.colcon_core.package_identification[0m [1;30mLevel 1[0m _identify(src/detect) by extension 'ros'
[0.863s] [34mcolcon.colcon_core.package_identification[0m [1;30mDEBUG[0m [32mPackage 'src/detect' with type 'ros.ament_python' and name 'detect'[0m
[0.863s] [34mcolcon.colcon_core.package_identification[0m [1;30mLevel 1[0m _identify(src/fly1) by extensions ['ignore', 'ignore_ament_install']
[0.864s] [34mcolcon.colcon_core.package_identification[0m [1;30mLevel 1[0m _identify(src/fly1) by extension 'ignore'
[0.864s] [34mcolcon.colcon_core.package_identification[0m [1;30mLevel 1[0m _identify(src/fly1) by extension 'ignore_ament_install'
[0.864s] [34mcolcon.colcon_core.package_identification[0m [1;30mLevel 1[0m _identify(src/fly1) by extensions ['colcon_pkg']
[0.864s] [34mcolcon.colcon_core.package_identification[0m [1;30mLevel 1[0m _identify(src/fly1) by extension 'colcon_pkg'
[0.864s] [34mcolcon.colcon_core.package_identification[0m [1;30mLevel 1[0m _identify(src/fly1) by extensions ['colcon_meta']
[0.864s] [34mcolcon.colcon_core.package_identification[0m [1;30mLevel 1[0m _identify(src/fly1) by extension 'colcon_meta'
[0.864s] [34mcolcon.colcon_core.package_identification[0m [1;30mLevel 1[0m _identify(src/fly1) by extensions ['ros']
[0.865s] [34mcolcon.colcon_core.package_identification[0m [1;30mLevel 1[0m _identify(src/fly1) by extension 'ros'
[0.866s] [34mcolcon.colcon_core.package_identification[0m [1;30mDEBUG[0m [32mPackage 'src/fly1' with type 'ros.ament_python' and name 'control'[0m
[0.866s] [34mcolcon.colcon_core.package_identification[0m [1;30mLevel 1[0m _identify(src/px4_msgs) by extensions ['ignore', 'ignore_ament_install']
[0.866s] [34mcolcon.colcon_core.package_identification[0m [1;30mLevel 1[0m _identify(src/px4_msgs) by extension 'ignore'
[0.867s] [34mcolcon.colcon_core.package_identification[0m [1;30mLevel 1[0m _identify(src/px4_msgs) by extension 'ignore_ament_install'
[0.867s] [34mcolcon.colcon_core.package_identification[0m [1;30mLevel 1[0m _identify(src/px4_msgs) by extensions ['colcon_pkg']
[0.867s] [34mcolcon.colcon_core.package_identification[0m [1;30mLevel 1[0m _identify(src/px4_msgs) by extension 'colcon_pkg'
[0.867s] [34mcolcon.colcon_core.package_identification[0m [1;30mLevel 1[0m _identify(src/px4_msgs) by extensions ['colcon_meta']
[0.867s] [34mcolcon.colcon_core.package_identification[0m [1;30mLevel 1[0m _identify(src/px4_msgs) by extension 'colcon_meta'
[0.867s] [34mcolcon.colcon_core.package_identification[0m [1;30mLevel 1[0m _identify(src/px4_msgs) by extensions ['ros']
[0.867s] [34mcolcon.colcon_core.package_identification[0m [1;30mLevel 1[0m _identify(src/px4_msgs) by extension 'ros'
[0.869s] [34mcolcon.colcon_core.package_identification[0m [1;30mDEBUG[0m [32mPackage 'src/px4_msgs' with type 'ros.ament_cmake' and name 'px4_msgs'[0m
[0.869s] [34mcolcon.colcon_core.package_identification[0m [1;30mLevel 1[0m _identify(src/test_interface) by extensions ['ignore', 'ignore_ament_install']
[0.869s] [34mcolcon.colcon_core.package_identification[0m [1;30mLevel 1[0m _identify(src/test_interface) by extension 'ignore'
[0.870s] [34mcolcon.colcon_core.package_identification[0m [1;30mLevel 1[0m _identify(src/test_interface) by extension 'ignore_ament_install'
[0.870s] [34mcolcon.colcon_core.package_identification[0m [1;30mLevel 1[0m _identify(src/test_interface) by extensions ['colcon_pkg']
[0.870s] [34mcolcon.colcon_core.package_identification[0m [1;30mLevel 1[0m _identify(src/test_interface) by extension 'colcon_pkg'
[0.870s] [34mcolcon.colcon_core.package_identification[0m [1;30mLevel 1[0m _identify(src/test_interface) by extensions ['colcon_meta']
[0.870s] [34mcolcon.colcon_core.package_identification[0m [1;30mLevel 1[0m _identify(src/test_interface) by extension 'colcon_meta'
[0.870s] [34mcolcon.colcon_core.package_identification[0m [1;30mLevel 1[0m _identify(src/test_interface) by extensions ['ros']
[0.870s] [34mcolcon.colcon_core.package_identification[0m [1;30mLevel 1[0m _identify(src/test_interface) by extension 'ros'
[0.872s] [34mcolcon.colcon_core.package_identification[0m [1;30mDEBUG[0m [32mPackage 'src/test_interface' with type 'ros.ament_cmake' and name 'test_interface'[0m
[0.872s] [34mcolcon.colcon_core.package_discovery[0m [1;30mLevel 1[0m discover_packages(recursive) using defaults
[0.872s] [34mcolcon.colcon_core.package_discovery[0m [1;30mLevel 1[0m discover_packages(ignore) discover
[0.872s] [34mcolcon.colcon_core.package_discovery[0m [1;30mLevel 1[0m discover_packages(ignore) using defaults
[0.872s] [34mcolcon.colcon_core.package_discovery[0m [1;30mLevel 1[0m discover_packages(path) discover
[0.872s] [34mcolcon.colcon_core.package_discovery[0m [1;30mLevel 1[0m discover_packages(path) using defaults
[0.910s] [34mcolcon.colcon_core.package_discovery[0m [1;30mLevel 1[0m discover_packages(prefix_path) check parameters
[0.910s] [34mcolcon.colcon_core.package_discovery[0m [1;30mLevel 1[0m discover_packages(prefix_path) discover
[0.915s] [34mcolcon.colcon_installed_package_information.package_discovery[0m [1;30mDEBUG[0m [32mFound 4 installed packages in /home/fly_ws/install[0m
[0.917s] [34mcolcon.colcon_installed_package_information.package_discovery[0m [1;30mDEBUG[0m [32mFound 189 installed packages in /opt/ros/humble[0m
[0.918s] [34mcolcon.colcon_core.package_discovery[0m [1;30mLevel 1[0m discover_packages(prefix_path) using defaults
[0.980s] [34mcolcon.colcon_core.verb[0m [1;30mLevel 5[0m set package 'px4_msgs' build argument 'cmake_args' from command line to 'None'
[0.980s] [34mcolcon.colcon_core.verb[0m [1;30mLevel 5[0m set package 'px4_msgs' build argument 'cmake_target' from command line to 'None'
[0.980s] [34mcolcon.colcon_core.verb[0m [1;30mLevel 5[0m set package 'px4_msgs' build argument 'cmake_target_skip_unavailable' from command line to 'False'
[0.980s] [34mcolcon.colcon_core.verb[0m [1;30mLevel 5[0m set package 'px4_msgs' build argument 'cmake_clean_cache' from command line to 'False'
[0.980s] [34mcolcon.colcon_core.verb[0m [1;30mLevel 5[0m set package 'px4_msgs' build argument 'cmake_clean_first' from command line to 'False'
[0.981s] [34mcolcon.colcon_core.verb[0m [1;30mLevel 5[0m set package 'px4_msgs' build argument 'cmake_force_configure' from command line to 'False'
[0.981s] [34mcolcon.colcon_core.verb[0m [1;30mLevel 5[0m set package 'px4_msgs' build argument 'ament_cmake_args' from command line to 'None'
[0.981s] [34mcolcon.colcon_core.verb[0m [1;30mLevel 5[0m set package 'px4_msgs' build argument 'catkin_cmake_args' from command line to 'None'
[0.981s] [34mcolcon.colcon_core.verb[0m [1;30mLevel 5[0m set package 'px4_msgs' build argument 'catkin_skip_building_tests' from command line to 'False'
[0.981s] [34mcolcon.colcon_core.verb[0m [1;30mDEBUG[0m [32mBuilding package 'px4_msgs' with the following arguments: {'ament_cmake_args': None, 'build_base': '/home/fly_ws/build/px4_msgs', 'catkin_cmake_args': None, 'catkin_skip_building_tests': False, 'cmake_args': None, 'cmake_clean_cache': False, 'cmake_clean_first': False, 'cmake_force_configure': False, 'cmake_target': None, 'cmake_target_skip_unavailable': False, 'install_base': '/home/fly_ws/install/px4_msgs', 'merge_install': False, 'path': '/home/fly_ws/src/px4_msgs', 'symlink_install': False, 'test_result_base': None}[0m
[0.982s] [34mcolcon.colcon_core.verb[0m [1;30mLevel 5[0m set package 'test_interface' build argument 'cmake_args' from command line to 'None'
[0.982s] [34mcolcon.colcon_core.verb[0m [1;30mLevel 5[0m set package 'test_interface' build argument 'cmake_target' from command line to 'None'
[0.982s] [34mcolcon.colcon_core.verb[0m [1;30mLevel 5[0m set package 'test_interface' build argument 'cmake_target_skip_unavailable' from command line to 'False'
[0.982s] [34mcolcon.colcon_core.verb[0m [1;30mLevel 5[0m set package 'test_interface' build argument 'cmake_clean_cache' from command line to 'False'
[0.982s] [34mcolcon.colcon_core.verb[0m [1;30mLevel 5[0m set package 'test_interface' build argument 'cmake_clean_first' from command line to 'False'
[0.982s] [34mcolcon.colcon_core.verb[0m [1;30mLevel 5[0m set package 'test_interface' build argument 'cmake_force_configure' from command line to 'False'
[0.982s] [34mcolcon.colcon_core.verb[0m [1;30mLevel 5[0m set package 'test_interface' build argument 'ament_cmake_args' from command line to 'None'
[0.982s] [34mcolcon.colcon_core.verb[0m [1;30mLevel 5[0m set package 'test_interface' build argument 'catkin_cmake_args' from command line to 'None'
[0.982s] [34mcolcon.colcon_core.verb[0m [1;30mLevel 5[0m set package 'test_interface' build argument 'catkin_skip_building_tests' from command line to 'False'
[0.982s] [34mcolcon.colcon_core.verb[0m [1;30mDEBUG[0m [32mBuilding package 'test_interface' with the following arguments: {'ament_cmake_args': None, 'build_base': '/home/fly_ws/build/test_interface', 'catkin_cmake_args': None, 'catkin_skip_building_tests': False, 'cmake_args': None, 'cmake_clean_cache': False, 'cmake_clean_first': False, 'cmake_force_configure': False, 'cmake_target': None, 'cmake_target_skip_unavailable': False, 'install_base': '/home/fly_ws/install/test_interface', 'merge_install': False, 'path': '/home/fly_ws/src/test_interface', 'symlink_install': False, 'test_result_base': None}[0m
[0.983s] [34mcolcon.colcon_core.verb[0m [1;30mLevel 5[0m set package 'control' build argument 'cmake_args' from command line to 'None'
[0.983s] [34mcolcon.colcon_core.verb[0m [1;30mLevel 5[0m set package 'control' build argument 'cmake_target' from command line to 'None'
[0.983s] [34mcolcon.colcon_core.verb[0m [1;30mLevel 5[0m set package 'control' build argument 'cmake_target_skip_unavailable' from command line to 'False'
[0.983s] [34mcolcon.colcon_core.verb[0m [1;30mLevel 5[0m set package 'control' build argument 'cmake_clean_cache' from command line to 'False'
[0.983s] [34mcolcon.colcon_core.verb[0m [1;30mLevel 5[0m set package 'control' build argument 'cmake_clean_first' from command line to 'False'
[0.983s] [34mcolcon.colcon_core.verb[0m [1;30mLevel 5[0m set package 'control' build argument 'cmake_force_configure' from command line to 'False'
[0.983s] [34mcolcon.colcon_core.verb[0m [1;30mLevel 5[0m set package 'control' build argument 'ament_cmake_args' from command line to 'None'
[0.983s] [34mcolcon.colcon_core.verb[0m [1;30mLevel 5[0m set package 'control' build argument 'catkin_cmake_args' from command line to 'None'
[0.984s] [34mcolcon.colcon_core.verb[0m [1;30mLevel 5[0m set package 'control' build argument 'catkin_skip_building_tests' from command line to 'False'
[0.984s] [34mcolcon.colcon_core.verb[0m [1;30mDEBUG[0m [32mBuilding package 'control' with the following arguments: {'ament_cmake_args': None, 'build_base': '/home/fly_ws/build/control', 'catkin_cmake_args': None, 'catkin_skip_building_tests': False, 'cmake_args': None, 'cmake_clean_cache': False, 'cmake_clean_first': False, 'cmake_force_configure': False, 'cmake_target': None, 'cmake_target_skip_unavailable': False, 'install_base': '/home/fly_ws/install/control', 'merge_install': False, 'path': '/home/fly_ws/src/fly1', 'symlink_install': False, 'test_result_base': None}[0m
[0.984s] [34mcolcon.colcon_core.verb[0m [1;30mLevel 5[0m set package 'detect' build argument 'cmake_args' from command line to 'None'
[0.984s] [34mcolcon.colcon_core.verb[0m [1;30mLevel 5[0m set package 'detect' build argument 'cmake_target' from command line to 'None'
[0.984s] [34mcolcon.colcon_core.verb[0m [1;30mLevel 5[0m set package 'detect' build argument 'cmake_target_skip_unavailable' from command line to 'False'
[0.984s] [34mcolcon.colcon_core.verb[0m [1;30mLevel 5[0m set package 'detect' build argument 'cmake_clean_cache' from command line to 'False'
[0.985s] [34mcolcon.colcon_core.verb[0m [1;30mLevel 5[0m set package 'detect' build argument 'cmake_clean_first' from command line to 'False'
[0.985s] [34mcolcon.colcon_core.verb[0m [1;30mLevel 5[0m set package 'detect' build argument 'cmake_force_configure' from command line to 'False'
[0.985s] [34mcolcon.colcon_core.verb[0m [1;30mLevel 5[0m set package 'detect' build argument 'ament_cmake_args' from command line to 'None'
[0.985s] [34mcolcon.colcon_core.verb[0m [1;30mLevel 5[0m set package 'detect' build argument 'catkin_cmake_args' from command line to 'None'
[0.985s] [34mcolcon.colcon_core.verb[0m [1;30mLevel 5[0m set package 'detect' build argument 'catkin_skip_building_tests' from command line to 'False'
[0.985s] [34mcolcon.colcon_core.verb[0m [1;30mDEBUG[0m [32mBuilding package 'detect' with the following arguments: {'ament_cmake_args': None, 'build_base': '/home/fly_ws/build/detect', 'catkin_cmake_args': None, 'catkin_skip_building_tests': False, 'cmake_args': None, 'cmake_clean_cache': False, 'cmake_clean_first': False, 'cmake_force_configure': False, 'cmake_target': None, 'cmake_target_skip_unavailable': False, 'install_base': '/home/fly_ws/install/detect', 'merge_install': False, 'path': '/home/fly_ws/src/detect', 'symlink_install': False, 'test_result_base': None}[0m
[0.985s] [34mcolcon.colcon_core.executor[0m [1;30mINFO[0m Executing jobs using 'parallel' executor
[0.987s] [34mcolcon.colcon_parallel_executor.executor.parallel[0m [1;30mDEBUG[0m [32mrun_until_complete[0m
[0.988s] [34mcolcon.colcon_ros.task.ament_cmake.build[0m [1;30mINFO[0m Building ROS package in '/home/fly_ws/src/px4_msgs' with build type 'ament_cmake'
[0.988s] [34mcolcon.colcon_cmake.task.cmake.build[0m [1;30mINFO[0m Building CMake package in '/home/fly_ws/src/px4_msgs'
[0.994s] [34mcolcon.colcon_core.plugin_system[0m [1;30mINFO[0m Skipping extension 'colcon_core.shell.bat': Not used on non-Windows systems
[0.994s] [34mcolcon.colcon_core.shell[0m [1;30mINFO[0m Skip shell extension 'powershell' for command environment: Not usable outside of PowerShell
[0.994s] [34mcolcon.colcon_core.shell[0m [1;30mDEBUG[0m [32mSkip shell extension 'dsv' for command environment[0m
[1.001s] [34mcolcon.colcon_ros.task.ament_cmake.build[0m [1;30mINFO[0m Building ROS package in '/home/fly_ws/src/test_interface' with build type 'ament_cmake'
[1.001s] [34mcolcon.colcon_cmake.task.cmake.build[0m [1;30mINFO[0m Building CMake package in '/home/fly_ws/src/test_interface'
[1.002s] [34mcolcon.colcon_core.shell[0m [1;30mINFO[0m Skip shell extension 'powershell' for command environment: Not usable outside of PowerShell
[1.002s] [34mcolcon.colcon_core.shell[0m [1;30mDEBUG[0m [32mSkip shell extension 'dsv' for command environment[0m
[1.023s] [34mcolcon.colcon_core.event_handler.log_command[0m [1;30mDEBUG[0m [32mInvoking command in '/home/fly_ws/build/px4_msgs': CMAKE_PREFIX_PATH=${CMAKE_PREFIX_PATH}:/home/fly_ws/install/detect:/home/fly_ws/install/control:/opt/ros/humble /usr/bin/cmake --build /home/fly_ws/build/px4_msgs -- -j6 -l6[0m
[1.040s] [34mcolcon.colcon_core.event_handler.log_command[0m [1;30mDEBUG[0m [32mInvoking command in '/home/fly_ws/build/test_interface': CMAKE_PREFIX_PATH=${CMAKE_PREFIX_PATH}:/home/fly_ws/install/detect:/home/fly_ws/install/control:/opt/ros/humble /usr/bin/cmake --build /home/fly_ws/build/test_interface -- -j6 -l6[0m
[1.921s] [34mcolcon.colcon_core.event_handler.log_command[0m [1;30mDEBUG[0m [32mInvoked command in '/home/fly_ws/build/test_interface' returned '0': CMAKE_PREFIX_PATH=${CMAKE_PREFIX_PATH}:/home/fly_ws/install/detect:/home/fly_ws/install/control:/opt/ros/humble /usr/bin/cmake --build /home/fly_ws/build/test_interface -- -j6 -l6[0m
[1.965s] [34mcolcon.colcon_core.event_handler.log_command[0m [1;30mDEBUG[0m [32mInvoking command in '/home/fly_ws/build/test_interface': CMAKE_PREFIX_PATH=${CMAKE_PREFIX_PATH}:/home/fly_ws/install/detect:/home/fly_ws/install/control:/opt/ros/humble /usr/bin/cmake --install /home/fly_ws/build/test_interface[0m
[2.156s] [34mcolcon.colcon_core.environment[0m [1;30mLevel 1[0m create_environment_scripts_only(test_interface)
[2.158s] [34mcolcon.colcon_core.event_handler.log_command[0m [1;30mDEBUG[0m [32mInvoked command in '/home/fly_ws/build/test_interface' returned '0': CMAKE_PREFIX_PATH=${CMAKE_PREFIX_PATH}:/home/fly_ws/install/detect:/home/fly_ws/install/control:/opt/ros/humble /usr/bin/cmake --install /home/fly_ws/build/test_interface[0m
[2.164s] [34mcolcon.colcon_core.environment[0m [1;30mLevel 1[0m checking '/home/fly_ws/install/test_interface' for CMake module files
[2.166s] [34mcolcon.colcon_core.environment[0m [1;30mLevel 1[0m checking '/home/fly_ws/install/test_interface' for CMake config files
[2.166s] [34mcolcon.colcon_core.shell[0m [1;30mLevel 1[0m create_environment_hook('test_interface', 'cmake_prefix_path')
[2.167s] [34mcolcon.colcon_core.shell[0m [1;30mINFO[0m Creating environment hook '/home/fly_ws/install/test_interface/share/test_interface/hook/cmake_prefix_path.ps1'
[2.171s] [34mcolcon.colcon_core.shell[0m [1;30mINFO[0m Creating environment descriptor '/home/fly_ws/install/test_interface/share/test_interface/hook/cmake_prefix_path.dsv'
[2.173s] [34mcolcon.colcon_core.shell[0m [1;30mINFO[0m Creating environment hook '/home/fly_ws/install/test_interface/share/test_interface/hook/cmake_prefix_path.sh'
[2.176s] [34mcolcon.colcon_core.environment[0m [1;30mLevel 1[0m checking '/home/fly_ws/install/test_interface/lib'
[2.176s] [34mcolcon.colcon_core.shell[0m [1;30mLevel 1[0m create_environment_hook('test_interface', 'ld_library_path_lib')
[2.177s] [34mcolcon.colcon_core.shell[0m [1;30mINFO[0m Creating environment hook '/home/fly_ws/install/test_interface/share/test_interface/hook/ld_library_path_lib.ps1'
[2.178s] [34mcolcon.colcon_core.shell[0m [1;30mINFO[0m Creating environment descriptor '/home/fly_ws/install/test_interface/share/test_interface/hook/ld_library_path_lib.dsv'
[2.179s] [34mcolcon.colcon_core.shell[0m [1;30mINFO[0m Creating environment hook '/home/fly_ws/install/test_interface/share/test_interface/hook/ld_library_path_lib.sh'
[2.181s] [34mcolcon.colcon_core.environment[0m [1;30mLevel 1[0m checking '/home/fly_ws/install/test_interface/bin'
[2.181s] [34mcolcon.colcon_core.environment[0m [1;30mLevel 1[0m checking '/home/fly_ws/install/test_interface/lib/pkgconfig/test_interface.pc'
[2.182s] [34mcolcon.colcon_core.environment[0m [1;30mLevel 1[0m checking '/home/fly_ws/install/test_interface/lib/python3.10/site-packages'
[2.183s] [34mcolcon.colcon_core.environment[0m [1;30mLevel 1[0m checking '/home/fly_ws/install/test_interface/bin'
[2.184s] [34mcolcon.colcon_core.shell[0m [1;30mINFO[0m Creating package script '/home/fly_ws/install/test_interface/share/test_interface/package.ps1'
[2.186s] [34mcolcon.colcon_core.shell[0m [1;30mINFO[0m Creating package descriptor '/home/fly_ws/install/test_interface/share/test_interface/package.dsv'
[2.188s] [34mcolcon.colcon_core.shell[0m [1;30mINFO[0m Creating package script '/home/fly_ws/install/test_interface/share/test_interface/package.sh'
[2.191s] [34mcolcon.colcon_core.shell[0m [1;30mINFO[0m Creating package script '/home/fly_ws/install/test_interface/share/test_interface/package.bash'
[2.194s] [34mcolcon.colcon_core.shell[0m [1;30mINFO[0m Creating package script '/home/fly_ws/install/test_interface/share/test_interface/package.zsh'
[2.196s] [34mcolcon.colcon_core.environment[0m [1;30mLevel 1[0m create_file_with_runtime_dependencies(/home/fly_ws/install/test_interface/share/colcon-core/packages/test_interface)
[2.198s] [34mcolcon.colcon_core.environment[0m [1;30mLevel 1[0m create_environment_scripts_only(test_interface)
[2.198s] [34mcolcon.colcon_core.environment[0m [1;30mLevel 1[0m checking '/home/fly_ws/install/test_interface' for CMake module files
[2.200s] [34mcolcon.colcon_core.environment[0m [1;30mLevel 1[0m checking '/home/fly_ws/install/test_interface' for CMake config files
[2.202s] [34mcolcon.colcon_core.shell[0m [1;30mLevel 1[0m create_environment_hook('test_interface', 'cmake_prefix_path')
[2.202s] [34mcolcon.colcon_core.shell[0m [1;30mINFO[0m Creating environment hook '/home/fly_ws/install/test_interface/share/test_interface/hook/cmake_prefix_path.ps1'
[2.204s] [34mcolcon.colcon_core.shell[0m [1;30mINFO[0m Creating environment descriptor '/home/fly_ws/install/test_interface/share/test_interface/hook/cmake_prefix_path.dsv'
[2.205s] [34mcolcon.colcon_core.shell[0m [1;30mINFO[0m Creating environment hook '/home/fly_ws/install/test_interface/share/test_interface/hook/cmake_prefix_path.sh'
[2.206s] [34mcolcon.colcon_core.environment[0m [1;30mLevel 1[0m checking '/home/fly_ws/install/test_interface/lib'
[2.207s] [34mcolcon.colcon_core.shell[0m [1;30mLevel 1[0m create_environment_hook('test_interface', 'ld_library_path_lib')
[2.207s] [34mcolcon.colcon_core.shell[0m [1;30mINFO[0m Creating environment hook '/home/fly_ws/install/test_interface/share/test_interface/hook/ld_library_path_lib.ps1'
[2.209s] [34mcolcon.colcon_core.shell[0m [1;30mINFO[0m Creating environment descriptor '/home/fly_ws/install/test_interface/share/test_interface/hook/ld_library_path_lib.dsv'
[2.210s] [34mcolcon.colcon_core.shell[0m [1;30mINFO[0m Creating environment hook '/home/fly_ws/install/test_interface/share/test_interface/hook/ld_library_path_lib.sh'
[2.211s] [34mcolcon.colcon_core.environment[0m [1;30mLevel 1[0m checking '/home/fly_ws/install/test_interface/bin'
[2.211s] [34mcolcon.colcon_core.environment[0m [1;30mLevel 1[0m checking '/home/fly_ws/install/test_interface/lib/pkgconfig/test_interface.pc'
[2.212s] [34mcolcon.colcon_core.environment[0m [1;30mLevel 1[0m checking '/home/fly_ws/install/test_interface/lib/python3.10/site-packages'
[2.213s] [34mcolcon.colcon_core.environment[0m [1;30mLevel 1[0m checking '/home/fly_ws/install/test_interface/bin'
[2.214s] [34mcolcon.colcon_core.shell[0m [1;30mINFO[0m Creating package script '/home/fly_ws/install/test_interface/share/test_interface/package.ps1'
[2.215s] [34mcolcon.colcon_core.shell[0m [1;30mINFO[0m Creating package descriptor '/home/fly_ws/install/test_interface/share/test_interface/package.dsv'
[2.225s] [34mcolcon.colcon_core.shell[0m [1;30mINFO[0m Creating package script '/home/fly_ws/install/test_interface/share/test_interface/package.sh'
[2.235s] [34mcolcon.colcon_core.shell[0m [1;30mINFO[0m Creating package script '/home/fly_ws/install/test_interface/share/test_interface/package.bash'
[2.248s] [34mcolcon.colcon_core.shell[0m [1;30mINFO[0m Creating package script '/home/fly_ws/install/test_interface/share/test_interface/package.zsh'
[2.251s] [34mcolcon.colcon_core.environment[0m [1;30mLevel 1[0m create_file_with_runtime_dependencies(/home/fly_ws/install/test_interface/share/colcon-core/packages/test_interface)
[2.254s] [34mcolcon.colcon_ros.task.ament_python.build[0m [1;30mINFO[0m Building ROS package in '/home/fly_ws/src/detect' with build type 'ament_python'
[2.255s] [34mcolcon.colcon_core.shell[0m [1;30mLevel 1[0m create_environment_hook('detect', 'ament_prefix_path')
[2.256s] [34mcolcon.colcon_core.shell[0m [1;30mINFO[0m Creating environment hook '/home/fly_ws/install/detect/share/detect/hook/ament_prefix_path.ps1'
[2.257s] [34mcolcon.colcon_core.shell[0m [1;30mINFO[0m Creating environment descriptor '/home/fly_ws/install/detect/share/detect/hook/ament_prefix_path.dsv'
[2.259s] [34mcolcon.colcon_core.shell[0m [1;30mINFO[0m Creating environment hook '/home/fly_ws/install/detect/share/detect/hook/ament_prefix_path.sh'
[2.264s] [34mcolcon.colcon_core.shell[0m [1;30mINFO[0m Skip shell extension 'powershell' for command environment: Not usable outside of PowerShell
[2.264s] [34mcolcon.colcon_core.shell[0m [1;30mDEBUG[0m [32mSkip shell extension 'dsv' for command environment[0m
[2.957s] [34mcolcon.colcon_core.task.python.build[0m [1;30mINFO[0m Building Python package in '/home/fly_ws/src/detect'
[2.958s] [34mcolcon.colcon_core.shell[0m [1;30mINFO[0m Skip shell extension 'powershell' for command environment: Not usable outside of PowerShell
[2.959s] [34mcolcon.colcon_core.shell[0m [1;30mDEBUG[0m [32mSkip shell extension 'dsv' for command environment[0m
[3.528s] [34mcolcon.colcon_core.event_handler.log_command[0m [1;30mDEBUG[0m [32mInvoked command in '/home/fly_ws/build/px4_msgs' returned '0': CMAKE_PREFIX_PATH=${CMAKE_PREFIX_PATH}:/home/fly_ws/install/detect:/home/fly_ws/install/control:/opt/ros/humble /usr/bin/cmake --build /home/fly_ws/build/px4_msgs -- -j6 -l6[0m
[3.539s] [34mcolcon.colcon_core.event_handler.log_command[0m [1;30mDEBUG[0m [32mInvoking command in '/home/fly_ws/build/px4_msgs': CMAKE_PREFIX_PATH=${CMAKE_PREFIX_PATH}:/home/fly_ws/install/detect:/home/fly_ws/install/control:/opt/ros/humble /usr/bin/cmake --install /home/fly_ws/build/px4_msgs[0m
[4.213s] [34mcolcon.colcon_core.event_handler.log_command[0m [1;30mDEBUG[0m [32mInvoking command in '/home/fly_ws/src/detect': LD_LIBRARY_PATH=/home/fly_ws/install/test_interface/lib:/home/fly_ws/install/px4_msgs/lib:/opt/ros/humble/lib/aarch64-linux-gnu:/opt/ros/humble/lib:/usr/local/cuda/lib64 PYTHONPATH=/home/fly_ws/build/detect/prefix_override:/usr/lib/python3/dist-packages/colcon_core/task/python/colcon_distutils_commands:/home/fly_ws/install/detect/lib/python3.10/site-packages:${PYTHONPATH} /usr/bin/python3 -W ignore:setup.py install is deprecated -W ignore:easy_install command is deprecated setup.py egg_info --egg-base ../../build/detect build --build-base /home/fly_ws/build/detect/build install --record /home/fly_ws/build/detect/install.log --single-version-externally-managed install_data[0m
[4.240s] [34mcolcon.colcon_core.environment[0m [1;30mLevel 1[0m create_environment_scripts_only(px4_msgs)
[4.241s] [34mcolcon.colcon_core.environment[0m [1;30mLevel 1[0m checking '/home/fly_ws/install/px4_msgs' for CMake module files
[4.245s] [34mcolcon.colcon_core.environment[0m [1;30mLevel 1[0m checking '/home/fly_ws/install/px4_msgs' for CMake config files
[4.250s] [34mcolcon.colcon_core.shell[0m [1;30mLevel 1[0m create_environment_hook('px4_msgs', 'cmake_prefix_path')
[4.251s] [34mcolcon.colcon_core.shell[0m [1;30mINFO[0m Creating environment hook '/home/fly_ws/install/px4_msgs/share/px4_msgs/hook/cmake_prefix_path.ps1'
[4.253s] [34mcolcon.colcon_core.shell[0m [1;30mINFO[0m Creating environment descriptor '/home/fly_ws/install/px4_msgs/share/px4_msgs/hook/cmake_prefix_path.dsv'
[4.254s] [34mcolcon.colcon_core.shell[0m [1;30mINFO[0m Creating environment hook '/home/fly_ws/install/px4_msgs/share/px4_msgs/hook/cmake_prefix_path.sh'
[4.256s] [34mcolcon.colcon_core.environment[0m [1;30mLevel 1[0m checking '/home/fly_ws/install/px4_msgs/lib'
[4.256s] [34mcolcon.colcon_core.shell[0m [1;30mLevel 1[0m create_environment_hook('px4_msgs', 'ld_library_path_lib')
[4.257s] [34mcolcon.colcon_core.shell[0m [1;30mINFO[0m Creating environment hook '/home/fly_ws/install/px4_msgs/share/px4_msgs/hook/ld_library_path_lib.ps1'
[4.258s] [34mcolcon.colcon_core.shell[0m [1;30mINFO[0m Creating environment descriptor '/home/fly_ws/install/px4_msgs/share/px4_msgs/hook/ld_library_path_lib.dsv'
[4.259s] [34mcolcon.colcon_core.shell[0m [1;30mINFO[0m Creating environment hook '/home/fly_ws/install/px4_msgs/share/px4_msgs/hook/ld_library_path_lib.sh'
[4.261s] [34mcolcon.colcon_core.environment[0m [1;30mLevel 1[0m checking '/home/fly_ws/install/px4_msgs/bin'
[4.261s] [34mcolcon.colcon_core.environment[0m [1;30mLevel 1[0m checking '/home/fly_ws/install/px4_msgs/lib/pkgconfig/px4_msgs.pc'
[4.262s] [34mcolcon.colcon_core.environment[0m [1;30mLevel 1[0m checking '/home/fly_ws/install/px4_msgs/lib/python3.10/site-packages'
[4.262s] [34mcolcon.colcon_core.environment[0m [1;30mLevel 1[0m checking '/home/fly_ws/install/px4_msgs/bin'
[4.263s] [34mcolcon.colcon_core.shell[0m [1;30mINFO[0m Creating package script '/home/fly_ws/install/px4_msgs/share/px4_msgs/package.ps1'
[4.265s] [34mcolcon.colcon_core.shell[0m [1;30mINFO[0m Creating package descriptor '/home/fly_ws/install/px4_msgs/share/px4_msgs/package.dsv'
[4.266s] [34mcolcon.colcon_core.shell[0m [1;30mINFO[0m Creating package script '/home/fly_ws/install/px4_msgs/share/px4_msgs/package.sh'
[4.268s] [34mcolcon.colcon_core.shell[0m [1;30mINFO[0m Creating package script '/home/fly_ws/install/px4_msgs/share/px4_msgs/package.bash'
[4.269s] [34mcolcon.colcon_core.shell[0m [1;30mINFO[0m Creating package script '/home/fly_ws/install/px4_msgs/share/px4_msgs/package.zsh'
[4.270s] [34mcolcon.colcon_core.environment[0m [1;30mLevel 1[0m create_file_with_runtime_dependencies(/home/fly_ws/install/px4_msgs/share/colcon-core/packages/px4_msgs)
[4.272s] [34mcolcon.colcon_core.environment[0m [1;30mLevel 1[0m create_environment_scripts_only(px4_msgs)
[4.273s] [34mcolcon.colcon_core.environment[0m [1;30mLevel 1[0m checking '/home/fly_ws/install/px4_msgs' for CMake module files
[4.277s] [34mcolcon.colcon_core.environment[0m [1;30mLevel 1[0m checking '/home/fly_ws/install/px4_msgs' for CMake config files
[4.282s] [34mcolcon.colcon_core.shell[0m [1;30mLevel 1[0m create_environment_hook('px4_msgs', 'cmake_prefix_path')
[4.283s] [34mcolcon.colcon_core.shell[0m [1;30mINFO[0m Creating environment hook '/home/fly_ws/install/px4_msgs/share/px4_msgs/hook/cmake_prefix_path.ps1'
[4.284s] [34mcolcon.colcon_core.shell[0m [1;30mINFO[0m Creating environment descriptor '/home/fly_ws/install/px4_msgs/share/px4_msgs/hook/cmake_prefix_path.dsv'
[4.286s] [34mcolcon.colcon_core.shell[0m [1;30mINFO[0m Creating environment hook '/home/fly_ws/install/px4_msgs/share/px4_msgs/hook/cmake_prefix_path.sh'
[4.287s] [34mcolcon.colcon_core.environment[0m [1;30mLevel 1[0m checking '/home/fly_ws/install/px4_msgs/lib'
[4.288s] [34mcolcon.colcon_core.shell[0m [1;30mLevel 1[0m create_environment_hook('px4_msgs', 'ld_library_path_lib')
[4.288s] [34mcolcon.colcon_core.shell[0m [1;30mINFO[0m Creating environment hook '/home/fly_ws/install/px4_msgs/share/px4_msgs/hook/ld_library_path_lib.ps1'
[4.290s] [34mcolcon.colcon_core.shell[0m [1;30mINFO[0m Creating environment descriptor '/home/fly_ws/install/px4_msgs/share/px4_msgs/hook/ld_library_path_lib.dsv'
[4.291s] [34mcolcon.colcon_core.shell[0m [1;30mINFO[0m Creating environment hook '/home/fly_ws/install/px4_msgs/share/px4_msgs/hook/ld_library_path_lib.sh'
[4.292s] [34mcolcon.colcon_core.environment[0m [1;30mLevel 1[0m checking '/home/fly_ws/install/px4_msgs/bin'
[4.293s] [34mcolcon.colcon_core.environment[0m [1;30mLevel 1[0m checking '/home/fly_ws/install/px4_msgs/lib/pkgconfig/px4_msgs.pc'
[4.293s] [34mcolcon.colcon_core.environment[0m [1;30mLevel 1[0m checking '/home/fly_ws/install/px4_msgs/lib/python3.10/site-packages'
[4.294s] [34mcolcon.colcon_core.environment[0m [1;30mLevel 1[0m checking '/home/fly_ws/install/px4_msgs/bin'
[4.294s] [34mcolcon.colcon_core.shell[0m [1;30mINFO[0m Creating package script '/home/fly_ws/install/px4_msgs/share/px4_msgs/package.ps1'
[4.297s] [34mcolcon.colcon_core.shell[0m [1;30mINFO[0m Creating package descriptor '/home/fly_ws/install/px4_msgs/share/px4_msgs/package.dsv'
[4.299s] [34mcolcon.colcon_core.shell[0m [1;30mINFO[0m Creating package script '/home/fly_ws/install/px4_msgs/share/px4_msgs/package.sh'
[4.301s] [34mcolcon.colcon_core.shell[0m [1;30mINFO[0m Creating package script '/home/fly_ws/install/px4_msgs/share/px4_msgs/package.bash'
[4.302s] [34mcolcon.colcon_core.shell[0m [1;30mINFO[0m Creating package script '/home/fly_ws/install/px4_msgs/share/px4_msgs/package.zsh'
[4.304s] [34mcolcon.colcon_core.environment[0m [1;30mLevel 1[0m create_file_with_runtime_dependencies(/home/fly_ws/install/px4_msgs/share/colcon-core/packages/px4_msgs)
[4.305s] [34mcolcon.colcon_ros.task.ament_python.build[0m [1;30mINFO[0m Building ROS package in '/home/fly_ws/src/fly1' with build type 'ament_python'
[4.305s] [34mcolcon.colcon_core.shell[0m [1;30mLevel 1[0m create_environment_hook('control', 'ament_prefix_path')
[4.306s] [34mcolcon.colcon_core.shell[0m [1;30mINFO[0m Creating environment hook '/home/fly_ws/install/control/share/control/hook/ament_prefix_path.ps1'
[4.311s] [34mcolcon.colcon_core.shell[0m [1;30mINFO[0m Creating environment descriptor '/home/fly_ws/install/control/share/control/hook/ament_prefix_path.dsv'
[4.313s] [34mcolcon.colcon_core.shell[0m [1;30mINFO[0m Creating environment hook '/home/fly_ws/install/control/share/control/hook/ament_prefix_path.sh'
[4.316s] [34mcolcon.colcon_core.shell[0m [1;30mINFO[0m Skip shell extension 'powershell' for command environment: Not usable outside of PowerShell
[4.316s] [34mcolcon.colcon_core.shell[0m [1;30mDEBUG[0m [32mSkip shell extension 'dsv' for command environment[0m
[4.339s] [34mcolcon.colcon_core.event_handler.log_command[0m [1;30mDEBUG[0m [32mInvoked command in '/home/fly_ws/build/px4_msgs' returned '0': CMAKE_PREFIX_PATH=${CMAKE_PREFIX_PATH}:/home/fly_ws/install/detect:/home/fly_ws/install/control:/opt/ros/humble /usr/bin/cmake --install /home/fly_ws/build/px4_msgs[0m
[4.903s] [34mcolcon.colcon_core.task.python.build[0m [1;30mINFO[0m Building Python package in '/home/fly_ws/src/fly1'
[4.904s] [34mcolcon.colcon_core.shell[0m [1;30mINFO[0m Skip shell extension 'powershell' for command environment: Not usable outside of PowerShell
[4.904s] [34mcolcon.colcon_core.shell[0m [1;30mDEBUG[0m [32mSkip shell extension 'dsv' for command environment[0m
[4.913s] [34mcolcon.colcon_core.environment[0m [1;30mLevel 1[0m checking '/home/fly_ws/install/detect' for CMake module files
[4.914s] [34mcolcon.colcon_core.event_handler.log_command[0m [1;30mDEBUG[0m [32mInvoked command in '/home/fly_ws/src/detect' returned '0': LD_LIBRARY_PATH=/home/fly_ws/install/test_interface/lib:/home/fly_ws/install/px4_msgs/lib:/opt/ros/humble/lib/aarch64-linux-gnu:/opt/ros/humble/lib:/usr/local/cuda/lib64 PYTHONPATH=/home/fly_ws/build/detect/prefix_override:/usr/lib/python3/dist-packages/colcon_core/task/python/colcon_distutils_commands:/home/fly_ws/install/detect/lib/python3.10/site-packages:${PYTHONPATH} /usr/bin/python3 -W ignore:setup.py install is deprecated -W ignore:easy_install command is deprecated setup.py egg_info --egg-base ../../build/detect build --build-base /home/fly_ws/build/detect/build install --record /home/fly_ws/build/detect/install.log --single-version-externally-managed install_data[0m
[4.915s] [34mcolcon.colcon_core.environment[0m [1;30mLevel 1[0m checking '/home/fly_ws/install/detect' for CMake config files
[4.917s] [34mcolcon.colcon_core.environment[0m [1;30mLevel 1[0m checking '/home/fly_ws/install/detect/lib'
[4.917s] [34mcolcon.colcon_core.environment[0m [1;30mLevel 1[0m checking '/home/fly_ws/install/detect/bin'
[4.917s] [34mcolcon.colcon_core.environment[0m [1;30mLevel 1[0m checking '/home/fly_ws/install/detect/lib/pkgconfig/detect.pc'
[4.917s] [34mcolcon.colcon_core.environment[0m [1;30mLevel 1[0m checking '/home/fly_ws/install/detect/lib/python3.10/site-packages'
[4.918s] [34mcolcon.colcon_core.shell[0m [1;30mLevel 1[0m create_environment_hook('detect', 'pythonpath')
[4.918s] [34mcolcon.colcon_core.shell[0m [1;30mINFO[0m Creating environment hook '/home/fly_ws/install/detect/share/detect/hook/pythonpath.ps1'
[4.919s] [34mcolcon.colcon_core.shell[0m [1;30mINFO[0m Creating environment descriptor '/home/fly_ws/install/detect/share/detect/hook/pythonpath.dsv'
[4.920s] [34mcolcon.colcon_core.shell[0m [1;30mINFO[0m Creating environment hook '/home/fly_ws/install/detect/share/detect/hook/pythonpath.sh'
[4.921s] [34mcolcon.colcon_core.environment[0m [1;30mLevel 1[0m checking '/home/fly_ws/install/detect/bin'
[4.921s] [34mcolcon.colcon_core.environment[0m [1;30mLevel 1[0m create_environment_scripts_only(detect)
[4.922s] [34mcolcon.colcon_core.shell[0m [1;30mINFO[0m Creating package script '/home/fly_ws/install/detect/share/detect/package.ps1'
[4.923s] [34mcolcon.colcon_core.shell[0m [1;30mINFO[0m Creating package descriptor '/home/fly_ws/install/detect/share/detect/package.dsv'
[4.924s] [34mcolcon.colcon_core.shell[0m [1;30mINFO[0m Creating package script '/home/fly_ws/install/detect/share/detect/package.sh'
[4.925s] [34mcolcon.colcon_core.shell[0m [1;30mINFO[0m Creating package script '/home/fly_ws/install/detect/share/detect/package.bash'
[4.926s] [34mcolcon.colcon_core.shell[0m [1;30mINFO[0m Creating package script '/home/fly_ws/install/detect/share/detect/package.zsh'
[4.926s] [34mcolcon.colcon_core.environment[0m [1;30mLevel 1[0m create_file_with_runtime_dependencies(/home/fly_ws/install/detect/share/colcon-core/packages/detect)
[5.813s] [34mcolcon.colcon_core.event_handler.log_command[0m [1;30mDEBUG[0m [32mInvoking command in '/home/fly_ws/src/fly1': CMAKE_PREFIX_PATH=/home/fly_ws/install/px4_msgs:/home/fly_ws/install/test_interface LD_LIBRARY_PATH=/home/fly_ws/install/px4_msgs/lib:/home/fly_ws/install/test_interface/lib:/opt/ros/humble/lib/aarch64-linux-gnu:/opt/ros/humble/lib:/usr/local/cuda/lib64 PYTHONPATH=/home/fly_ws/build/control/prefix_override:/usr/lib/python3/dist-packages/colcon_core/task/python/colcon_distutils_commands:/home/fly_ws/install/control/lib/python3.10/site-packages:${PYTHONPATH} /usr/bin/python3 -W ignore:setup.py install is deprecated -W ignore:easy_install command is deprecated setup.py egg_info --egg-base ../../build/control build --build-base /home/fly_ws/build/control/build install --record /home/fly_ws/build/control/install.log --single-version-externally-managed install_data[0m
[6.474s] [34mcolcon.colcon_core.environment[0m [1;30mLevel 1[0m checking '/home/fly_ws/install/control' for CMake module files
[6.476s] [34mcolcon.colcon_core.event_handler.log_command[0m [1;30mDEBUG[0m [32mInvoked command in '/home/fly_ws/src/fly1' returned '0': CMAKE_PREFIX_PATH=/home/fly_ws/install/px4_msgs:/home/fly_ws/install/test_interface LD_LIBRARY_PATH=/home/fly_ws/install/px4_msgs/lib:/home/fly_ws/install/test_interface/lib:/opt/ros/humble/lib/aarch64-linux-gnu:/opt/ros/humble/lib:/usr/local/cuda/lib64 PYTHONPATH=/home/fly_ws/build/control/prefix_override:/usr/lib/python3/dist-packages/colcon_core/task/python/colcon_distutils_commands:/home/fly_ws/install/control/lib/python3.10/site-packages:${PYTHONPATH} /usr/bin/python3 -W ignore:setup.py install is deprecated -W ignore:easy_install command is deprecated setup.py egg_info --egg-base ../../build/control build --build-base /home/fly_ws/build/control/build install --record /home/fly_ws/build/control/install.log --single-version-externally-managed install_data[0m
[6.477s] [34mcolcon.colcon_core.environment[0m [1;30mLevel 1[0m checking '/home/fly_ws/install/control' for CMake config files
[6.479s] [34mcolcon.colcon_core.environment[0m [1;30mLevel 1[0m checking '/home/fly_ws/install/control/lib'
[6.479s] [34mcolcon.colcon_core.environment[0m [1;30mLevel 1[0m checking '/home/fly_ws/install/control/bin'
[6.479s] [34mcolcon.colcon_core.environment[0m [1;30mLevel 1[0m checking '/home/fly_ws/install/control/lib/pkgconfig/control.pc'
[6.480s] [34mcolcon.colcon_core.environment[0m [1;30mLevel 1[0m checking '/home/fly_ws/install/control/lib/python3.10/site-packages'
[6.480s] [34mcolcon.colcon_core.shell[0m [1;30mLevel 1[0m create_environment_hook('control', 'pythonpath')
[6.481s] [34mcolcon.colcon_core.shell[0m [1;30mINFO[0m Creating environment hook '/home/fly_ws/install/control/share/control/hook/pythonpath.ps1'
[6.484s] [34mcolcon.colcon_core.shell[0m [1;30mINFO[0m Creating environment descriptor '/home/fly_ws/install/control/share/control/hook/pythonpath.dsv'
[6.486s] [34mcolcon.colcon_core.shell[0m [1;30mINFO[0m Creating environment hook '/home/fly_ws/install/control/share/control/hook/pythonpath.sh'
[6.488s] [34mcolcon.colcon_core.environment[0m [1;30mLevel 1[0m checking '/home/fly_ws/install/control/bin'
[6.489s] [34mcolcon.colcon_core.environment[0m [1;30mLevel 1[0m create_environment_scripts_only(control)
[6.490s] [34mcolcon.colcon_core.shell[0m [1;30mINFO[0m Creating package script '/home/fly_ws/install/control/share/control/package.ps1'
[6.491s] [34mcolcon.colcon_core.shell[0m [1;30mINFO[0m Creating package descriptor '/home/fly_ws/install/control/share/control/package.dsv'
[6.493s] [34mcolcon.colcon_core.shell[0m [1;30mINFO[0m Creating package script '/home/fly_ws/install/control/share/control/package.sh'
[6.495s] [34mcolcon.colcon_core.shell[0m [1;30mINFO[0m Creating package script '/home/fly_ws/install/control/share/control/package.bash'
[6.497s] [34mcolcon.colcon_core.shell[0m [1;30mINFO[0m Creating package script '/home/fly_ws/install/control/share/control/package.zsh'
[6.498s] [34mcolcon.colcon_core.environment[0m [1;30mLevel 1[0m create_file_with_runtime_dependencies(/home/fly_ws/install/control/share/colcon-core/packages/control)
[6.499s] [34mcolcon.colcon_parallel_executor.executor.parallel[0m [1;30mDEBUG[0m [32mclosing loop[0m
[6.500s] [34mcolcon.colcon_parallel_executor.executor.parallel[0m [1;30mDEBUG[0m [32mloop closed[0m
[6.500s] [34mcolcon.colcon_parallel_executor.executor.parallel[0m [1;30mDEBUG[0m [32mrun_until_complete finished with '0'[0m
[6.500s] [34mcolcon.colcon_core.event_reactor[0m [1;30mDEBUG[0m [32mjoining thread[0m
[6.526s] [34mcolcon.colcon_core.plugin_system[0m [1;30mINFO[0m Skipping extension 'colcon_notification.desktop_notification.notify_send': Could not find 'notify-send'
[6.527s] [34mcolcon.colcon_core.plugin_system[0m [1;30mINFO[0m Skipping extension 'colcon_notification.desktop_notification.terminal_notifier': Not used on non-Darwin systems
[6.527s] [34mcolcon.colcon_core.plugin_system[0m [1;30mINFO[0m Skipping extension 'colcon_notification.desktop_notification.win32': Not used on non-Windows systems
[6.527s] [34mcolcon.colcon_notification.desktop_notification[0m [1;30mINFO[0m Sending desktop notification using 'notify2'
[6.539s] [34mcolcon.colcon_notification.desktop_notification.notify2[0m [1;30mDEBUG[0m [32mFailed to initialize notify2: org.freedesktop.DBus.Error.Spawn.ExecFailed: /usr/bin/dbus-launch terminated abnormally without any error message[0m
[6.541s] [34mcolcon.colcon_core.event_reactor[0m [1;30mDEBUG[0m [32mjoined thread[0m
[6.543s] [34mcolcon.colcon_core.shell[0m [1;30mINFO[0m Creating prefix script '/home/fly_ws/install/local_setup.ps1'
[6.547s] [34mcolcon.colcon_core.shell[0m [1;30mINFO[0m Creating prefix util module '/home/fly_ws/install/_local_setup_util_ps1.py'
[6.551s] [34mcolcon.colcon_core.shell[0m [1;30mINFO[0m Creating prefix chain script '/home/fly_ws/install/setup.ps1'
[6.556s] [34mcolcon.colcon_core.shell[0m [1;30mINFO[0m Creating prefix script '/home/fly_ws/install/local_setup.sh'
[6.558s] [34mcolcon.colcon_core.shell[0m [1;30mINFO[0m Creating prefix util module '/home/fly_ws/install/_local_setup_util_sh.py'
[6.561s] [34mcolcon.colcon_core.shell[0m [1;30mINFO[0m Creating prefix chain script '/home/fly_ws/install/setup.sh'
[6.566s] [34mcolcon.colcon_core.shell[0m [1;30mINFO[0m Creating prefix script '/home/fly_ws/install/local_setup.bash'
[6.568s] [34mcolcon.colcon_core.shell[0m [1;30mINFO[0m Creating prefix chain script '/home/fly_ws/install/setup.bash'
[6.573s] [34mcolcon.colcon_core.shell[0m [1;30mINFO[0m Creating prefix script '/home/fly_ws/install/local_setup.zsh'
[6.575s] [34mcolcon.colcon_core.shell[0m [1;30mINFO[0m Creating prefix chain script '/home/fly_ws/install/setup.zsh'
