[0.546s] Invoking command in '/home/cqu/fly2/src/detect': AMENT_PREFIX_PATH=/home/cqu/fly2/install/px4_msgs:${AMENT_PREFIX_PATH} CMAKE_PREFIX_PATH=/home/cqu/fly2/install/px4_msgs LD_LIBRARY_PATH=/home/cqu/fly2/install/px4_msgs/lib:${LD_LIBRARY_PATH} PYTHONPATH=/home/cqu/fly2/build/detect/prefix_override:/usr/lib/python3/dist-packages/colcon_core/task/python/colcon_distutils_commands:/home/cqu/fly2/install/detect/lib/python3.10/site-packages:/home/cqu/fly2/install/px4_msgs/local/lib/python3.10/dist-packages:${PYTHONPATH} /usr/bin/python3 -W ignore:setup.py install is deprecated -W ignore:easy_install command is deprecated setup.py egg_info --egg-base ../../build/detect build --build-base /home/cqu/fly2/build/detect/build install --record /home/cqu/fly2/build/detect/install.log --single-version-externally-managed install_data
[0.662s] running egg_info
[0.662s] creating ../../build/detect/detect.egg-info
[0.662s] writing ../../build/detect/detect.egg-info/PKG-INFO
[0.662s] writing dependency_links to ../../build/detect/detect.egg-info/dependency_links.txt
[0.663s] writing entry points to ../../build/detect/detect.egg-info/entry_points.txt
[0.663s] writing requirements to ../../build/detect/detect.egg-info/requires.txt
[0.663s] writing top-level names to ../../build/detect/detect.egg-info/top_level.txt
[0.663s] writing manifest file '../../build/detect/detect.egg-info/SOURCES.txt'
[0.664s] reading manifest file '../../build/detect/detect.egg-info/SOURCES.txt'
[0.664s] writing manifest file '../../build/detect/detect.egg-info/SOURCES.txt'
[0.664s] running build
[0.664s] running build_py
[0.665s] creating /home/cqu/fly2/build/detect/build
[0.665s] creating /home/cqu/fly2/build/detect/build/lib
[0.665s] creating /home/cqu/fly2/build/detect/build/lib/detect
[0.665s] copying detect/switchd.py -> /home/cqu/fly2/build/detect/build/lib/detect
[0.665s] copying detect/__init__.py -> /home/cqu/fly2/build/detect/build/lib/detect
[0.665s] copying detect/barrel_manager_node.py -> /home/cqu/fly2/build/detect/build/lib/detect
[0.665s] copying detect/planb.py -> /home/cqu/fly2/build/detect/build/lib/detect
[0.665s] running install
[0.665s] running install_lib
[0.666s] creating /home/cqu/fly2/install/detect/lib/python3.10/site-packages/detect
[0.666s] copying /home/cqu/fly2/build/detect/build/lib/detect/switchd.py -> /home/cqu/fly2/install/detect/lib/python3.10/site-packages/detect
[0.666s] copying /home/cqu/fly2/build/detect/build/lib/detect/__init__.py -> /home/cqu/fly2/install/detect/lib/python3.10/site-packages/detect
[0.666s] copying /home/cqu/fly2/build/detect/build/lib/detect/barrel_manager_node.py -> /home/cqu/fly2/install/detect/lib/python3.10/site-packages/detect
[0.666s] copying /home/cqu/fly2/build/detect/build/lib/detect/planb.py -> /home/cqu/fly2/install/detect/lib/python3.10/site-packages/detect
[0.666s] byte-compiling /home/cqu/fly2/install/detect/lib/python3.10/site-packages/detect/switchd.py to switchd.cpython-310.pyc
[0.666s] byte-compiling /home/cqu/fly2/install/detect/lib/python3.10/site-packages/detect/__init__.py to __init__.cpython-310.pyc
[0.666s] byte-compiling /home/cqu/fly2/install/detect/lib/python3.10/site-packages/detect/barrel_manager_node.py to barrel_manager_node.cpython-310.pyc
[0.667s] byte-compiling /home/cqu/fly2/install/detect/lib/python3.10/site-packages/detect/planb.py to planb.cpython-310.pyc
[0.668s] running install_data
[0.668s] creating /home/cqu/fly2/install/detect/share/ament_index
[0.668s] creating /home/cqu/fly2/install/detect/share/ament_index/resource_index
[0.668s] creating /home/cqu/fly2/install/detect/share/ament_index/resource_index/packages
[0.668s] copying resource/detect -> /home/cqu/fly2/install/detect/share/ament_index/resource_index/packages
[0.668s] copying package.xml -> /home/cqu/fly2/install/detect/share/detect
[0.668s] running install_egg_info
[0.669s] Copying ../../build/detect/detect.egg-info to /home/cqu/fly2/install/detect/lib/python3.10/site-packages/detect-0.0.0-py3.10.egg-info
[0.669s] running install_scripts
[0.681s] Installing barrel_manager script to /home/cqu/fly2/install/detect/lib/detect
[0.682s] Installing planb script to /home/cqu/fly2/install/detect/lib/detect
[0.682s] Installing switchd script to /home/cqu/fly2/install/detect/lib/detect
[0.682s] writing list of installed files to '/home/cqu/fly2/build/detect/install.log'
[0.702s] Invoked command in '/home/cqu/fly2/src/detect' returned '0': AMENT_PREFIX_PATH=/home/cqu/fly2/install/px4_msgs:${AMENT_PREFIX_PATH} CMAKE_PREFIX_PATH=/home/cqu/fly2/install/px4_msgs LD_LIBRARY_PATH=/home/cqu/fly2/install/px4_msgs/lib:${LD_LIBRARY_PATH} PYTHONPATH=/home/cqu/fly2/build/detect/prefix_override:/usr/lib/python3/dist-packages/colcon_core/task/python/colcon_distutils_commands:/home/cqu/fly2/install/detect/lib/python3.10/site-packages:/home/cqu/fly2/install/px4_msgs/local/lib/python3.10/dist-packages:${PYTHONPATH} /usr/bin/python3 -W ignore:setup.py install is deprecated -W ignore:easy_install command is deprecated setup.py egg_info --egg-base ../../build/detect build --build-base /home/cqu/fly2/build/detect/build install --record /home/cqu/fly2/build/detect/install.log --single-version-externally-managed install_data
