[2.678s] Invoking command in '/home/fly2_ws/src/fly1': CMAKE_PREFIX_PATH=/home/fly2_ws/install/px4_msgs:/home/fly2_ws/fly2_ws/install/test_interface:/home/fly2_ws/fly2_ws/install/px4_msgs LD_LIBRARY_PATH=/home/fly2_ws/install/px4_msgs/lib:/home/fly2_ws/fly2_ws/install/test_interface/lib:/home/fly2_ws/fly2_ws/install/px4_msgs/lib:/opt/ros/humble/lib/aarch64-linux-gnu:/opt/ros/humble/lib:/usr/local/cuda/lib64 PYTHONPATH=/home/fly2_ws/build/control/prefix_override:/usr/lib/python3/dist-packages/colcon_core/task/python/colcon_distutils_commands:/home/fly2_ws/install/control/lib/python3.10/site-packages:${PYTHONPATH} /usr/bin/python3 -W ignore:setup.py install is deprecated -W ignore:easy_install command is deprecated setup.py egg_info --egg-base ../../build/control build --build-base /home/fly2_ws/build/control/build install --record /home/fly2_ws/build/control/install.log --single-version-externally-managed install_data
[3.153s] running egg_info
[3.154s] creating ../../build/control/control.egg-info
[3.155s] writing ../../build/control/control.egg-info/PKG-INFO
[3.156s] writing dependency_links to ../../build/control/control.egg-info/dependency_links.txt
[3.156s] writing entry points to ../../build/control/control.egg-info/entry_points.txt
[3.157s] writing requirements to ../../build/control/control.egg-info/requires.txt
[3.157s] writing top-level names to ../../build/control/control.egg-info/top_level.txt
[3.157s] writing manifest file '../../build/control/control.egg-info/SOURCES.txt'
[3.161s] reading manifest file '../../build/control/control.egg-info/SOURCES.txt'
[3.163s] writing manifest file '../../build/control/control.egg-info/SOURCES.txt'
[3.163s] running build
[3.163s] running build_py
[3.165s] creating /home/fly2_ws/build/control/build
[3.166s] creating /home/fly2_ws/build/control/build/lib
[3.166s] creating /home/fly2_ws/build/control/build/lib/control
[3.166s] copying control/DronePositionChecker.py -> /home/fly2_ws/build/control/build/lib/control
[3.166s] copying control/latest_single_drop.py -> /home/fly2_ws/build/control/build/lib/control
[3.166s] copying control/__init__.py -> /home/fly2_ws/build/control/build/lib/control
[3.166s] copying control/water_drop_mission_enhanced.py -> /home/fly2_ws/build/control/build/lib/control
[3.166s] copying control/AlignmentChecker.py -> /home/fly2_ws/build/control/build/lib/control
[3.167s] copying control/mode_change.py -> /home/fly2_ws/build/control/build/lib/control
[3.167s] copying control/ServoControl.py -> /home/fly2_ws/build/control/build/lib/control
[3.167s] running install
[3.167s] warning: build_py: byte-compiling is disabled, skipping.
[3.167s] 
[3.167s] running install_lib
[3.169s] creating /home/fly2_ws/install/control/lib/python3.10/site-packages/control
[3.169s] copying /home/fly2_ws/build/control/build/lib/control/DronePositionChecker.py -> /home/fly2_ws/install/control/lib/python3.10/site-packages/control
[3.169s] copying /home/fly2_ws/build/control/build/lib/control/latest_single_drop.py -> /home/fly2_ws/install/control/lib/python3.10/site-packages/control
[3.170s] copying /home/fly2_ws/build/control/build/lib/control/__init__.py -> /home/fly2_ws/install/control/lib/python3.10/site-packages/control
[3.170s] copying /home/fly2_ws/build/control/build/lib/control/water_drop_mission_enhanced.py -> /home/fly2_ws/install/control/lib/python3.10/site-packages/control
[3.170s] copying /home/fly2_ws/build/control/build/lib/control/AlignmentChecker.py -> /home/fly2_ws/install/control/lib/python3.10/site-packages/control
[3.171s] copying /home/fly2_ws/build/control/build/lib/control/mode_change.py -> /home/fly2_ws/install/control/lib/python3.10/site-packages/control
[3.171s] copying /home/fly2_ws/build/control/build/lib/control/ServoControl.py -> /home/fly2_ws/install/control/lib/python3.10/site-packages/control
[3.172s] running install_data
[3.172s] creating /home/fly2_ws/install/control/share/ament_index
[3.172s] creating /home/fly2_ws/install/control/share/ament_index/resource_index
[3.173s] warning: install_lib: byte-compiling is disabled, skipping.
[3.173s] 
[3.173s] creating /home/fly2_ws/install/control/share/ament_index/resource_index/packages
[3.174s] copying resource/control -> /home/fly2_ws/install/control/share/ament_index/resource_index/packages
[3.174s] copying package.xml -> /home/fly2_ws/install/control/share/control
[3.174s] running install_egg_info
[3.176s] Copying ../../build/control/control.egg-info to /home/fly2_ws/install/control/lib/python3.10/site-packages/control-0.0.0-py3.10.egg-info
[3.179s] running install_scripts
[3.227s] Installing water_drop_mission script to /home/fly2_ws/install/control/lib/control
[3.227s] writing list of installed files to '/home/fly2_ws/build/control/install.log'
[3.316s] Invoked command in '/home/fly2_ws/src/fly1' returned '0': CMAKE_PREFIX_PATH=/home/fly2_ws/install/px4_msgs:/home/fly2_ws/fly2_ws/install/test_interface:/home/fly2_ws/fly2_ws/install/px4_msgs LD_LIBRARY_PATH=/home/fly2_ws/install/px4_msgs/lib:/home/fly2_ws/fly2_ws/install/test_interface/lib:/home/fly2_ws/fly2_ws/install/px4_msgs/lib:/opt/ros/humble/lib/aarch64-linux-gnu:/opt/ros/humble/lib:/usr/local/cuda/lib64 PYTHONPATH=/home/fly2_ws/build/control/prefix_override:/usr/lib/python3/dist-packages/colcon_core/task/python/colcon_distutils_commands:/home/fly2_ws/install/control/lib/python3.10/site-packages:${PYTHONPATH} /usr/bin/python3 -W ignore:setup.py install is deprecated -W ignore:easy_install command is deprecated setup.py egg_info --egg-base ../../build/control build --build-base /home/fly2_ws/build/control/build install --record /home/fly2_ws/build/control/install.log --single-version-externally-managed install_data
