running develop
Removing /home/fly_ws/install/detect/lib/python3.10/site-packages/detect.egg-link (link to .)
running egg_info
writing ../../build/detect/detect.egg-info/PKG-INFO
writing dependency_links to ../../build/detect/detect.egg-info/dependency_links.txt
writing entry points to ../../build/detect/detect.egg-info/entry_points.txt
writing requirements to ../../build/detect/detect.egg-info/requires.txt
writing top-level names to ../../build/detect/detect.egg-info/top_level.txt
reading manifest file '../../build/detect/detect.egg-info/SOURCES.txt'
writing manifest file '../../build/detect/detect.egg-info/SOURCES.txt'
running build
running build_py
running install
running install_lib
creating /home/fly_ws/install/detect/lib/python3.10/site-packages/detect
copying /home/fly_ws/build/detect/build/lib/detect/successdetect.py -> /home/fly_ws/install/detect/lib/python3.10/site-packages/detect
copying /home/fly_ws/build/detect/build/lib/detect/bucket_filter.py -> /home/fly_ws/install/detect/lib/python3.10/site-packages/detect
copying /home/fly_ws/build/detect/build/lib/detect/without_depth.py -> /home/fly_ws/install/detect/lib/python3.10/site-packages/detect
copying /home/fly_ws/build/detect/build/lib/detect/__init__.py -> /home/fly_ws/install/detect/lib/python3.10/site-packages/detect
copying /home/fly_ws/build/detect/build/lib/detect/detect_ros.py -> /home/fly_ws/install/detect/lib/python3.10/site-packages/detect
copying /home/fly_ws/build/detect/build/lib/detect/state_machine.py -> /home/fly_ws/install/detect/lib/python3.10/site-packages/detect
running install_data
copying resource/detect -> /home/fly_ws/install/detect/share/ament_index/resource_index/packages
copying package.xml -> /home/fly_ws/install/detect/share/detect
running install_egg_info
Copying ../../build/detect/detect.egg-info to /home/fly_ws/install/detect/lib/python3.10/site-packages/detect-0.0.0-py3.10.egg-info
running install_scripts
Installing detect script to /home/fly_ws/install/detect/lib/detect
Installing detect2 script to /home/fly_ws/install/detect/lib/detect
Installing filter script to /home/fly_ws/install/detect/lib/detect
Installing test script to /home/fly_ws/install/detect/lib/detect
Installing without script to /home/fly_ws/install/detect/lib/detect
writing list of installed files to '/home/fly_ws/build/detect/install.log'
