/home/fly_ws/install/detect/lib/python3.10/site-packages/detect/__init__.py
/home/fly_ws/install/detect/lib/python3.10/site-packages/detect/detect_ros.py
/home/fly_ws/install/detect/lib/python3.10/site-packages/detect/state_machine.py
/home/fly_ws/install/detect/lib/python3.10/site-packages/detect/successdetect.py
/home/fly_ws/install/detect/lib/python3.10/site-packages/detect/without_depth.py
/home/fly_ws/install/detect/lib/python3.10/site-packages/detect/bucket_filter.py
/home/fly_ws/install/detect/lib/python3.10/site-packages/detect/__pycache__/__init__.cpython-310.pyc
/home/fly_ws/install/detect/lib/python3.10/site-packages/detect/__pycache__/detect_ros.cpython-310.pyc
/home/fly_ws/install/detect/lib/python3.10/site-packages/detect/__pycache__/state_machine.cpython-310.pyc
/home/fly_ws/install/detect/lib/python3.10/site-packages/detect/__pycache__/successdetect.cpython-310.pyc
/home/fly_ws/install/detect/lib/python3.10/site-packages/detect/__pycache__/without_depth.cpython-310.pyc
/home/fly_ws/install/detect/lib/python3.10/site-packages/detect/__pycache__/bucket_filter.cpython-310.pyc
/home/fly_ws/install/detect/share/ament_index/resource_index/packages/detect
/home/fly_ws/install/detect/share/detect/package.xml
/home/fly_ws/install/detect/lib/python3.10/site-packages/detect-0.0.0-py3.10.egg-info/PKG-INFO
/home/fly_ws/install/detect/lib/python3.10/site-packages/detect-0.0.0-py3.10.egg-info/requires.txt
/home/fly_ws/install/detect/lib/python3.10/site-packages/detect-0.0.0-py3.10.egg-info/entry_points.txt
/home/fly_ws/install/detect/lib/python3.10/site-packages/detect-0.0.0-py3.10.egg-info/zip-safe
/home/fly_ws/install/detect/lib/python3.10/site-packages/detect-0.0.0-py3.10.egg-info/top_level.txt
/home/fly_ws/install/detect/lib/python3.10/site-packages/detect-0.0.0-py3.10.egg-info/SOURCES.txt
/home/fly_ws/install/detect/lib/python3.10/site-packages/detect-0.0.0-py3.10.egg-info/dependency_links.txt
/home/fly_ws/install/detect/lib/detect/detect
/home/fly_ws/install/detect/lib/detect/detect2
/home/fly_ws/install/detect/lib/detect/filter
/home/fly_ws/install/detect/lib/detect/test
/home/fly_ws/install/detect/lib/detect/without
