[0.310s] [34mcolcon[0m [1;30mDEBUG[0m [32mCommand line arguments: ['/usr/bin/colcon', 'build'][0m
[0.311s] [34mcolcon[0m [1;30mDEBUG[0m [32mParsed command line arguments: Namespace(log_base=None, log_level=None, verb_name='build', build_base='build', install_base='install', merge_install=False, symlink_install=False, test_result_base=None, continue_on_error=False, executor='parallel', parallel_workers=6, event_handlers=None, ignore_user_meta=False, metas=['./colcon.meta'], base_paths=['.'], packages_ignore=None, packages_ignore_regex=None, paths=None, packages_up_to=None, packages_up_to_regex=None, packages_above=None, packages_above_and_dependencies=None, packages_above_depth=None, packages_select_by_dep=None, packages_skip_by_dep=None, packages_skip_up_to=None, packages_select_build_failed=False, packages_skip_build_finished=False, packages_select_test_failures=False, packages_skip_test_passed=False, packages_select=None, packages_skip=None, packages_select_regex=None, packages_skip_regex=None, packages_start=None, packages_end=None, allow_overriding=[], cmake_args=None, cmake_target=None, cmake_target_skip_unavailable=False, cmake_clean_cache=False, cmake_clean_first=False, cmake_force_configure=False, ament_cmake_args=None, catkin_cmake_args=None, catkin_skip_building_tests=False, verb_parser=<colcon_defaults.argument_parser.defaults.DefaultArgumentsDecorator object at 0xffffacb8ace0>, verb_extension=<colcon_core.verb.build.BuildVerb object at 0xffffad49a980>, main=<bound method BuildVerb.main of <colcon_core.verb.build.BuildVerb object at 0xffffad49a980>>)[0m
[0.647s] [34mcolcon.colcon_core.package_discovery[0m [1;30mLevel 1[0m discover_packages(colcon_meta) check parameters
[0.648s] [34mcolcon.colcon_core.package_discovery[0m [1;30mLevel 1[0m discover_packages(recursive) check parameters
[0.648s] [34mcolcon.colcon_core.package_discovery[0m [1;30mLevel 1[0m discover_packages(ignore) check parameters
[0.648s] [34mcolcon.colcon_core.package_discovery[0m [1;30mLevel 1[0m discover_packages(path) check parameters
[0.648s] [34mcolcon.colcon_core.package_discovery[0m [1;30mLevel 1[0m discover_packages(colcon_meta) discover
[0.648s] [34mcolcon.colcon_core.package_discovery[0m [1;30mLevel 1[0m discover_packages(recursive) discover
[0.648s] [34mcolcon.colcon_core.package_discovery[0m [1;30mINFO[0m Crawling recursively for packages in '/home/fly_ws'
[0.649s] [34mcolcon.colcon_core.package_identification[0m [1;30mLevel 1[0m _identify(.) by extensions ['ignore', 'ignore_ament_install']
[0.649s] [34mcolcon.colcon_core.package_identification[0m [1;30mLevel 1[0m _identify(.) by extension 'ignore'
[0.649s] [34mcolcon.colcon_core.package_identification[0m [1;30mLevel 1[0m _identify(.) by extension 'ignore_ament_install'
[0.649s] [34mcolcon.colcon_core.package_identification[0m [1;30mLevel 1[0m _identify(.) by extensions ['colcon_pkg']
[0.649s] [34mcolcon.colcon_core.package_identification[0m [1;30mLevel 1[0m _identify(.) by extension 'colcon_pkg'
[0.650s] [34mcolcon.colcon_core.package_identification[0m [1;30mLevel 1[0m _identify(.) by extensions ['colcon_meta']
[0.650s] [34mcolcon.colcon_core.package_identification[0m [1;30mLevel 1[0m _identify(.) by extension 'colcon_meta'
[0.650s] [34mcolcon.colcon_core.package_identification[0m [1;30mLevel 1[0m _identify(.) by extensions ['ros']
[0.650s] [34mcolcon.colcon_core.package_identification[0m [1;30mLevel 1[0m _identify(.) by extension 'ros'
[0.808s] [34mcolcon.colcon_core.package_identification[0m [1;30mLevel 1[0m _identify(.) by extensions ['cmake', 'python']
[0.809s] [34mcolcon.colcon_core.package_identification[0m [1;30mLevel 1[0m _identify(.) by extension 'cmake'
[0.809s] [34mcolcon.colcon_core.package_identification[0m [1;30mLevel 1[0m _identify(.) by extension 'python'
[0.809s] [34mcolcon.colcon_core.package_identification[0m [1;30mLevel 1[0m _identify(.) by extensions ['python_setup_py']
[0.809s] [34mcolcon.colcon_core.package_identification[0m [1;30mLevel 1[0m _identify(.) by extension 'python_setup_py'
[0.810s] [34mcolcon.colcon_core.package_identification[0m [1;30mLevel 1[0m _identify(build) by extensions ['ignore', 'ignore_ament_install']
[0.810s] [34mcolcon.colcon_core.package_identification[0m [1;30mLevel 1[0m _identify(build) by extension 'ignore'
[0.810s] [34mcolcon.colcon_core.package_identification[0m [1;30mLevel 1[0m _identify(build) ignored
[0.810s] [34mcolcon.colcon_core.package_identification[0m [1;30mLevel 1[0m _identify(install) by extensions ['ignore', 'ignore_ament_install']
[0.810s] [34mcolcon.colcon_core.package_identification[0m [1;30mLevel 1[0m _identify(install) by extension 'ignore'
[0.810s] [34mcolcon.colcon_core.package_identification[0m [1;30mLevel 1[0m _identify(install) ignored
[0.811s] [34mcolcon.colcon_core.package_identification[0m [1;30mLevel 1[0m _identify(log) by extensions ['ignore', 'ignore_ament_install']
[0.811s] [34mcolcon.colcon_core.package_identification[0m [1;30mLevel 1[0m _identify(log) by extension 'ignore'
[0.811s] [34mcolcon.colcon_core.package_identification[0m [1;30mLevel 1[0m _identify(log) ignored
[0.811s] [34mcolcon.colcon_core.package_identification[0m [1;30mLevel 1[0m _identify(src) by extensions ['ignore', 'ignore_ament_install']
[0.811s] [34mcolcon.colcon_core.package_identification[0m [1;30mLevel 1[0m _identify(src) by extension 'ignore'
[0.812s] [34mcolcon.colcon_core.package_identification[0m [1;30mLevel 1[0m _identify(src) by extension 'ignore_ament_install'
[0.812s] [34mcolcon.colcon_core.package_identification[0m [1;30mLevel 1[0m _identify(src) by extensions ['colcon_pkg']
[0.812s] [34mcolcon.colcon_core.package_identification[0m [1;30mLevel 1[0m _identify(src) by extension 'colcon_pkg'
[0.812s] [34mcolcon.colcon_core.package_identification[0m [1;30mLevel 1[0m _identify(src) by extensions ['colcon_meta']
[0.812s] [34mcolcon.colcon_core.package_identification[0m [1;30mLevel 1[0m _identify(src) by extension 'colcon_meta'
[0.812s] [34mcolcon.colcon_core.package_identification[0m [1;30mLevel 1[0m _identify(src) by extensions ['ros']
[0.812s] [34mcolcon.colcon_core.package_identification[0m [1;30mLevel 1[0m _identify(src) by extension 'ros'
[0.812s] [34mcolcon.colcon_core.package_identification[0m [1;30mLevel 1[0m _identify(src) by extensions ['cmake', 'python']
[0.812s] [34mcolcon.colcon_core.package_identification[0m [1;30mLevel 1[0m _identify(src) by extension 'cmake'
[0.813s] [34mcolcon.colcon_core.package_identification[0m [1;30mLevel 1[0m _identify(src) by extension 'python'
[0.813s] [34mcolcon.colcon_core.package_identification[0m [1;30mLevel 1[0m _identify(src) by extensions ['python_setup_py']
[0.813s] [34mcolcon.colcon_core.package_identification[0m [1;30mLevel 1[0m _identify(src) by extension 'python_setup_py'
[0.813s] [34mcolcon.colcon_core.package_identification[0m [1;30mLevel 1[0m _identify(src/detect) by extensions ['ignore', 'ignore_ament_install']
[0.813s] [34mcolcon.colcon_core.package_identification[0m [1;30mLevel 1[0m _identify(src/detect) by extension 'ignore'
[0.813s] [34mcolcon.colcon_core.package_identification[0m [1;30mLevel 1[0m _identify(src/detect) by extension 'ignore_ament_install'
[0.813s] [34mcolcon.colcon_core.package_identification[0m [1;30mLevel 1[0m _identify(src/detect) by extensions ['colcon_pkg']
[0.814s] [34mcolcon.colcon_core.package_identification[0m [1;30mLevel 1[0m _identify(src/detect) by extension 'colcon_pkg'
[0.814s] [34mcolcon.colcon_core.package_identification[0m [1;30mLevel 1[0m _identify(src/detect) by extensions ['colcon_meta']
[0.814s] [34mcolcon.colcon_core.package_identification[0m [1;30mLevel 1[0m _identify(src/detect) by extension 'colcon_meta'
[0.814s] [34mcolcon.colcon_core.package_identification[0m [1;30mLevel 1[0m _identify(src/detect) by extensions ['ros']
[0.814s] [34mcolcon.colcon_core.package_identification[0m [1;30mLevel 1[0m _identify(src/detect) by extension 'ros'
[0.819s] [34mcolcon.colcon_core.package_identification[0m [1;30mDEBUG[0m [32mPackage 'src/detect' with type 'ros.ament_python' and name 'detect'[0m
[0.820s] [34mcolcon.colcon_core.package_identification[0m [1;30mLevel 1[0m _identify(src/fly1) by extensions ['ignore', 'ignore_ament_install']
[0.820s] [34mcolcon.colcon_core.package_identification[0m [1;30mLevel 1[0m _identify(src/fly1) by extension 'ignore'
[0.820s] [34mcolcon.colcon_core.package_identification[0m [1;30mLevel 1[0m _identify(src/fly1) by extension 'ignore_ament_install'
[0.820s] [34mcolcon.colcon_core.package_identification[0m [1;30mLevel 1[0m _identify(src/fly1) by extensions ['colcon_pkg']
[0.820s] [34mcolcon.colcon_core.package_identification[0m [1;30mLevel 1[0m _identify(src/fly1) by extension 'colcon_pkg'
[0.821s] [34mcolcon.colcon_core.package_identification[0m [1;30mLevel 1[0m _identify(src/fly1) by extensions ['colcon_meta']
[0.821s] [34mcolcon.colcon_core.package_identification[0m [1;30mLevel 1[0m _identify(src/fly1) by extension 'colcon_meta'
[0.821s] [34mcolcon.colcon_core.package_identification[0m [1;30mLevel 1[0m _identify(src/fly1) by extensions ['ros']
[0.821s] [34mcolcon.colcon_core.package_identification[0m [1;30mLevel 1[0m _identify(src/fly1) by extension 'ros'
[0.822s] [34mcolcon.colcon_core.package_identification[0m [1;30mDEBUG[0m [32mPackage 'src/fly1' with type 'ros.ament_python' and name 'control'[0m
[0.822s] [34mcolcon.colcon_core.package_identification[0m [1;30mLevel 1[0m _identify(src/px4_msgs) by extensions ['ignore', 'ignore_ament_install']
[0.823s] [34mcolcon.colcon_core.package_identification[0m [1;30mLevel 1[0m _identify(src/px4_msgs) by extension 'ignore'
[0.823s] [34mcolcon.colcon_core.package_identification[0m [1;30mLevel 1[0m _identify(src/px4_msgs) by extension 'ignore_ament_install'
[0.823s] [34mcolcon.colcon_core.package_identification[0m [1;30mLevel 1[0m _identify(src/px4_msgs) by extensions ['colcon_pkg']
[0.823s] [34mcolcon.colcon_core.package_identification[0m [1;30mLevel 1[0m _identify(src/px4_msgs) by extension 'colcon_pkg'
[0.823s] [34mcolcon.colcon_core.package_identification[0m [1;30mLevel 1[0m _identify(src/px4_msgs) by extensions ['colcon_meta']
[0.823s] [34mcolcon.colcon_core.package_identification[0m [1;30mLevel 1[0m _identify(src/px4_msgs) by extension 'colcon_meta'
[0.823s] [34mcolcon.colcon_core.package_identification[0m [1;30mLevel 1[0m _identify(src/px4_msgs) by extensions ['ros']
[0.823s] [34mcolcon.colcon_core.package_identification[0m [1;30mLevel 1[0m _identify(src/px4_msgs) by extension 'ros'
[0.825s] [34mcolcon.colcon_core.package_identification[0m [1;30mDEBUG[0m [32mPackage 'src/px4_msgs' with type 'ros.ament_cmake' and name 'px4_msgs'[0m
[0.825s] [34mcolcon.colcon_core.package_identification[0m [1;30mLevel 1[0m _identify(src/test_interface) by extensions ['ignore', 'ignore_ament_install']
[0.825s] [34mcolcon.colcon_core.package_identification[0m [1;30mLevel 1[0m _identify(src/test_interface) by extension 'ignore'
[0.825s] [34mcolcon.colcon_core.package_identification[0m [1;30mLevel 1[0m _identify(src/test_interface) by extension 'ignore_ament_install'
[0.825s] [34mcolcon.colcon_core.package_identification[0m [1;30mLevel 1[0m _identify(src/test_interface) by extensions ['colcon_pkg']
[0.825s] [34mcolcon.colcon_core.package_identification[0m [1;30mLevel 1[0m _identify(src/test_interface) by extension 'colcon_pkg'
[0.825s] [34mcolcon.colcon_core.package_identification[0m [1;30mLevel 1[0m _identify(src/test_interface) by extensions ['colcon_meta']
[0.826s] [34mcolcon.colcon_core.package_identification[0m [1;30mLevel 1[0m _identify(src/test_interface) by extension 'colcon_meta'
[0.826s] [34mcolcon.colcon_core.package_identification[0m [1;30mLevel 1[0m _identify(src/test_interface) by extensions ['ros']
[0.826s] [34mcolcon.colcon_core.package_identification[0m [1;30mLevel 1[0m _identify(src/test_interface) by extension 'ros'
[0.827s] [34mcolcon.colcon_core.package_identification[0m [1;30mDEBUG[0m [32mPackage 'src/test_interface' with type 'ros.ament_cmake' and name 'test_interface'[0m
[0.827s] [34mcolcon.colcon_core.package_discovery[0m [1;30mLevel 1[0m discover_packages(recursive) using defaults
[0.827s] [34mcolcon.colcon_core.package_discovery[0m [1;30mLevel 1[0m discover_packages(ignore) discover
[0.827s] [34mcolcon.colcon_core.package_discovery[0m [1;30mLevel 1[0m discover_packages(ignore) using defaults
[0.828s] [34mcolcon.colcon_core.package_discovery[0m [1;30mLevel 1[0m discover_packages(path) discover
[0.828s] [34mcolcon.colcon_core.package_discovery[0m [1;30mLevel 1[0m discover_packages(path) using defaults
[0.864s] [34mcolcon.colcon_core.package_discovery[0m [1;30mLevel 1[0m discover_packages(prefix_path) check parameters
[0.864s] [34mcolcon.colcon_core.package_discovery[0m [1;30mLevel 1[0m discover_packages(prefix_path) discover
[0.866s] [34mcolcon.colcon_ros.prefix_path.ament[0m [1;30mWARNING[0m [33mThe path '/home/fly_ws/install/detect' in the environment variable AMENT_PREFIX_PATH doesn't exist[0m
[0.866s] [34mcolcon.colcon_ros.prefix_path.ament[0m [1;30mWARNING[0m [33mThe path '/home/fly_ws/install/test_interface' in the environment variable AMENT_PREFIX_PATH doesn't exist[0m
[0.866s] [34mcolcon.colcon_ros.prefix_path.ament[0m [1;30mWARNING[0m [33mThe path '/home/fly_ws/install/control' in the environment variable AMENT_PREFIX_PATH doesn't exist[0m
[0.867s] [34mcolcon.colcon_ros.prefix_path.ament[0m [1;30mWARNING[0m [33mThe path '/home/fly_ws/install/px4_msgs' in the environment variable AMENT_PREFIX_PATH doesn't exist[0m
[0.867s] [34mcolcon.colcon_ros.prefix_path.catkin[0m [1;30mWARNING[0m [33mThe path '/home/fly_ws/install/test_interface' in the environment variable CMAKE_PREFIX_PATH doesn't exist[0m
[0.867s] [34mcolcon.colcon_ros.prefix_path.catkin[0m [1;30mWARNING[0m [33mThe path '/home/fly_ws/install/px4_msgs' in the environment variable CMAKE_PREFIX_PATH doesn't exist[0m
[0.869s] [34mcolcon.colcon_installed_package_information.package_discovery[0m [1;30mDEBUG[0m [32mFound 0 installed packages in /home/fly_ws/install[0m
[0.871s] [34mcolcon.colcon_installed_package_information.package_discovery[0m [1;30mDEBUG[0m [32mFound 189 installed packages in /opt/ros/humble[0m
[0.873s] [34mcolcon.colcon_core.package_discovery[0m [1;30mLevel 1[0m discover_packages(prefix_path) using defaults
[0.927s] [34mcolcon.colcon_core.verb[0m [1;30mLevel 5[0m set package 'px4_msgs' build argument 'cmake_args' from command line to 'None'
[0.927s] [34mcolcon.colcon_core.verb[0m [1;30mLevel 5[0m set package 'px4_msgs' build argument 'cmake_target' from command line to 'None'
[0.927s] [34mcolcon.colcon_core.verb[0m [1;30mLevel 5[0m set package 'px4_msgs' build argument 'cmake_target_skip_unavailable' from command line to 'False'
[0.927s] [34mcolcon.colcon_core.verb[0m [1;30mLevel 5[0m set package 'px4_msgs' build argument 'cmake_clean_cache' from command line to 'False'
[0.927s] [34mcolcon.colcon_core.verb[0m [1;30mLevel 5[0m set package 'px4_msgs' build argument 'cmake_clean_first' from command line to 'False'
[0.927s] [34mcolcon.colcon_core.verb[0m [1;30mLevel 5[0m set package 'px4_msgs' build argument 'cmake_force_configure' from command line to 'False'
[0.927s] [34mcolcon.colcon_core.verb[0m [1;30mLevel 5[0m set package 'px4_msgs' build argument 'ament_cmake_args' from command line to 'None'
[0.927s] [34mcolcon.colcon_core.verb[0m [1;30mLevel 5[0m set package 'px4_msgs' build argument 'catkin_cmake_args' from command line to 'None'
[0.927s] [34mcolcon.colcon_core.verb[0m [1;30mLevel 5[0m set package 'px4_msgs' build argument 'catkin_skip_building_tests' from command line to 'False'
[0.928s] [34mcolcon.colcon_core.verb[0m [1;30mDEBUG[0m [32mBuilding package 'px4_msgs' with the following arguments: {'ament_cmake_args': None, 'build_base': '/home/fly_ws/build/px4_msgs', 'catkin_cmake_args': None, 'catkin_skip_building_tests': False, 'cmake_args': None, 'cmake_clean_cache': False, 'cmake_clean_first': False, 'cmake_force_configure': False, 'cmake_target': None, 'cmake_target_skip_unavailable': False, 'install_base': '/home/fly_ws/install/px4_msgs', 'merge_install': False, 'path': '/home/fly_ws/src/px4_msgs', 'symlink_install': False, 'test_result_base': None}[0m
[0.928s] [34mcolcon.colcon_core.verb[0m [1;30mLevel 5[0m set package 'test_interface' build argument 'cmake_args' from command line to 'None'
[0.928s] [34mcolcon.colcon_core.verb[0m [1;30mLevel 5[0m set package 'test_interface' build argument 'cmake_target' from command line to 'None'
[0.928s] [34mcolcon.colcon_core.verb[0m [1;30mLevel 5[0m set package 'test_interface' build argument 'cmake_target_skip_unavailable' from command line to 'False'
[0.929s] [34mcolcon.colcon_core.verb[0m [1;30mLevel 5[0m set package 'test_interface' build argument 'cmake_clean_cache' from command line to 'False'
[0.929s] [34mcolcon.colcon_core.verb[0m [1;30mLevel 5[0m set package 'test_interface' build argument 'cmake_clean_first' from command line to 'False'
[0.929s] [34mcolcon.colcon_core.verb[0m [1;30mLevel 5[0m set package 'test_interface' build argument 'cmake_force_configure' from command line to 'False'
[0.929s] [34mcolcon.colcon_core.verb[0m [1;30mLevel 5[0m set package 'test_interface' build argument 'ament_cmake_args' from command line to 'None'
[0.929s] [34mcolcon.colcon_core.verb[0m [1;30mLevel 5[0m set package 'test_interface' build argument 'catkin_cmake_args' from command line to 'None'
[0.929s] [34mcolcon.colcon_core.verb[0m [1;30mLevel 5[0m set package 'test_interface' build argument 'catkin_skip_building_tests' from command line to 'False'
[0.929s] [34mcolcon.colcon_core.verb[0m [1;30mDEBUG[0m [32mBuilding package 'test_interface' with the following arguments: {'ament_cmake_args': None, 'build_base': '/home/fly_ws/build/test_interface', 'catkin_cmake_args': None, 'catkin_skip_building_tests': False, 'cmake_args': None, 'cmake_clean_cache': False, 'cmake_clean_first': False, 'cmake_force_configure': False, 'cmake_target': None, 'cmake_target_skip_unavailable': False, 'install_base': '/home/fly_ws/install/test_interface', 'merge_install': False, 'path': '/home/fly_ws/src/test_interface', 'symlink_install': False, 'test_result_base': None}[0m
[0.930s] [34mcolcon.colcon_core.verb[0m [1;30mLevel 5[0m set package 'control' build argument 'cmake_args' from command line to 'None'
[0.930s] [34mcolcon.colcon_core.verb[0m [1;30mLevel 5[0m set package 'control' build argument 'cmake_target' from command line to 'None'
[0.930s] [34mcolcon.colcon_core.verb[0m [1;30mLevel 5[0m set package 'control' build argument 'cmake_target_skip_unavailable' from command line to 'False'
[0.930s] [34mcolcon.colcon_core.verb[0m [1;30mLevel 5[0m set package 'control' build argument 'cmake_clean_cache' from command line to 'False'
[0.930s] [34mcolcon.colcon_core.verb[0m [1;30mLevel 5[0m set package 'control' build argument 'cmake_clean_first' from command line to 'False'
[0.930s] [34mcolcon.colcon_core.verb[0m [1;30mLevel 5[0m set package 'control' build argument 'cmake_force_configure' from command line to 'False'
[0.930s] [34mcolcon.colcon_core.verb[0m [1;30mLevel 5[0m set package 'control' build argument 'ament_cmake_args' from command line to 'None'
[0.930s] [34mcolcon.colcon_core.verb[0m [1;30mLevel 5[0m set package 'control' build argument 'catkin_cmake_args' from command line to 'None'
[0.930s] [34mcolcon.colcon_core.verb[0m [1;30mLevel 5[0m set package 'control' build argument 'catkin_skip_building_tests' from command line to 'False'
[0.930s] [34mcolcon.colcon_core.verb[0m [1;30mDEBUG[0m [32mBuilding package 'control' with the following arguments: {'ament_cmake_args': None, 'build_base': '/home/fly_ws/build/control', 'catkin_cmake_args': None, 'catkin_skip_building_tests': False, 'cmake_args': None, 'cmake_clean_cache': False, 'cmake_clean_first': False, 'cmake_force_configure': False, 'cmake_target': None, 'cmake_target_skip_unavailable': False, 'install_base': '/home/fly_ws/install/control', 'merge_install': False, 'path': '/home/fly_ws/src/fly1', 'symlink_install': False, 'test_result_base': None}[0m
[0.931s] [34mcolcon.colcon_core.verb[0m [1;30mLevel 5[0m set package 'detect' build argument 'cmake_args' from command line to 'None'
[0.931s] [34mcolcon.colcon_core.verb[0m [1;30mLevel 5[0m set package 'detect' build argument 'cmake_target' from command line to 'None'
[0.931s] [34mcolcon.colcon_core.verb[0m [1;30mLevel 5[0m set package 'detect' build argument 'cmake_target_skip_unavailable' from command line to 'False'
[0.931s] [34mcolcon.colcon_core.verb[0m [1;30mLevel 5[0m set package 'detect' build argument 'cmake_clean_cache' from command line to 'False'
[0.931s] [34mcolcon.colcon_core.verb[0m [1;30mLevel 5[0m set package 'detect' build argument 'cmake_clean_first' from command line to 'False'
[0.931s] [34mcolcon.colcon_core.verb[0m [1;30mLevel 5[0m set package 'detect' build argument 'cmake_force_configure' from command line to 'False'
[0.931s] [34mcolcon.colcon_core.verb[0m [1;30mLevel 5[0m set package 'detect' build argument 'ament_cmake_args' from command line to 'None'
[0.931s] [34mcolcon.colcon_core.verb[0m [1;30mLevel 5[0m set package 'detect' build argument 'catkin_cmake_args' from command line to 'None'
[0.931s] [34mcolcon.colcon_core.verb[0m [1;30mLevel 5[0m set package 'detect' build argument 'catkin_skip_building_tests' from command line to 'False'
[0.931s] [34mcolcon.colcon_core.verb[0m [1;30mDEBUG[0m [32mBuilding package 'detect' with the following arguments: {'ament_cmake_args': None, 'build_base': '/home/fly_ws/build/detect', 'catkin_cmake_args': None, 'catkin_skip_building_tests': False, 'cmake_args': None, 'cmake_clean_cache': False, 'cmake_clean_first': False, 'cmake_force_configure': False, 'cmake_target': None, 'cmake_target_skip_unavailable': False, 'install_base': '/home/fly_ws/install/detect', 'merge_install': False, 'path': '/home/fly_ws/src/detect', 'symlink_install': False, 'test_result_base': None}[0m
[0.931s] [34mcolcon.colcon_core.executor[0m [1;30mINFO[0m Executing jobs using 'parallel' executor
[0.934s] [34mcolcon.colcon_parallel_executor.executor.parallel[0m [1;30mDEBUG[0m [32mrun_until_complete[0m
[0.935s] [34mcolcon.colcon_ros.task.ament_cmake.build[0m [1;30mINFO[0m Building ROS package in '/home/fly_ws/src/px4_msgs' with build type 'ament_cmake'
[0.935s] [34mcolcon.colcon_cmake.task.cmake.build[0m [1;30mINFO[0m Building CMake package in '/home/fly_ws/src/px4_msgs'
[0.940s] [34mcolcon.colcon_core.plugin_system[0m [1;30mINFO[0m Skipping extension 'colcon_core.shell.bat': Not used on non-Windows systems
[0.940s] [34mcolcon.colcon_core.shell[0m [1;30mINFO[0m Skip shell extension 'powershell' for command environment: Not usable outside of PowerShell
[0.940s] [34mcolcon.colcon_core.shell[0m [1;30mDEBUG[0m [32mSkip shell extension 'dsv' for command environment[0m
[0.947s] [34mcolcon.colcon_ros.task.ament_cmake.build[0m [1;30mINFO[0m Building ROS package in '/home/fly_ws/src/test_interface' with build type 'ament_cmake'
[0.948s] [34mcolcon.colcon_cmake.task.cmake.build[0m [1;30mINFO[0m Building CMake package in '/home/fly_ws/src/test_interface'
[0.948s] [34mcolcon.colcon_core.shell[0m [1;30mINFO[0m Skip shell extension 'powershell' for command environment: Not usable outside of PowerShell
[0.948s] [34mcolcon.colcon_core.shell[0m [1;30mDEBUG[0m [32mSkip shell extension 'dsv' for command environment[0m
[0.974s] [34mcolcon.colcon_core.event_handler.log_command[0m [1;30mDEBUG[0m [32mInvoking command in '/home/fly_ws/build/px4_msgs': CMAKE_PREFIX_PATH=${CMAKE_PREFIX_PATH}:/home/fly_ws/install/detect:/home/fly_ws/install/control:/opt/ros/humble /usr/bin/cmake /home/fly_ws/src/px4_msgs -DCMAKE_INSTALL_PREFIX=/home/fly_ws/install/px4_msgs[0m
[0.983s] [34mcolcon.colcon_core.event_handler.log_command[0m [1;30mDEBUG[0m [32mInvoking command in '/home/fly_ws/build/test_interface': CMAKE_PREFIX_PATH=${CMAKE_PREFIX_PATH}:/home/fly_ws/install/detect:/home/fly_ws/install/control:/opt/ros/humble /usr/bin/cmake /home/fly_ws/src/test_interface -DCMAKE_INSTALL_PREFIX=/home/fly_ws/install/test_interface[0m
[5.599s] [34mcolcon.colcon_core.event_handler.log_command[0m [1;30mDEBUG[0m [32mInvoked command in '/home/fly_ws/build/test_interface' returned '0': CMAKE_PREFIX_PATH=${CMAKE_PREFIX_PATH}:/home/fly_ws/install/detect:/home/fly_ws/install/control:/opt/ros/humble /usr/bin/cmake /home/fly_ws/src/test_interface -DCMAKE_INSTALL_PREFIX=/home/fly_ws/install/test_interface[0m
[5.603s] [34mcolcon.colcon_core.event_handler.log_command[0m [1;30mDEBUG[0m [32mInvoking command in '/home/fly_ws/build/test_interface': CMAKE_PREFIX_PATH=${CMAKE_PREFIX_PATH}:/home/fly_ws/install/detect:/home/fly_ws/install/control:/opt/ros/humble /usr/bin/cmake --build /home/fly_ws/build/test_interface -- -j6 -l6[0m
[10.072s] [34mcolcon.colcon_core.event_handler.log_command[0m [1;30mDEBUG[0m [32mInvoked command in '/home/fly_ws/build/px4_msgs' returned '0': CMAKE_PREFIX_PATH=${CMAKE_PREFIX_PATH}:/home/fly_ws/install/detect:/home/fly_ws/install/control:/opt/ros/humble /usr/bin/cmake /home/fly_ws/src/px4_msgs -DCMAKE_INSTALL_PREFIX=/home/fly_ws/install/px4_msgs[0m
[10.075s] [34mcolcon.colcon_core.event_handler.log_command[0m [1;30mDEBUG[0m [32mInvoking command in '/home/fly_ws/build/px4_msgs': CMAKE_PREFIX_PATH=${CMAKE_PREFIX_PATH}:/home/fly_ws/install/detect:/home/fly_ws/install/control:/opt/ros/humble /usr/bin/cmake --build /home/fly_ws/build/px4_msgs -- -j6 -l6[0m
[10.160s] [34mcolcon.colcon_core.event_handler.log_command[0m [1;30mDEBUG[0m [32mInvoked command in '/home/fly_ws/build/test_interface' returned '0': CMAKE_PREFIX_PATH=${CMAKE_PREFIX_PATH}:/home/fly_ws/install/detect:/home/fly_ws/install/control:/opt/ros/humble /usr/bin/cmake --build /home/fly_ws/build/test_interface -- -j6 -l6[0m
[10.182s] [34mcolcon.colcon_core.event_handler.log_command[0m [1;30mDEBUG[0m [32mInvoking command in '/home/fly_ws/build/test_interface': CMAKE_PREFIX_PATH=${CMAKE_PREFIX_PATH}:/home/fly_ws/install/detect:/home/fly_ws/install/control:/opt/ros/humble /usr/bin/cmake --install /home/fly_ws/build/test_interface[0m
[10.357s] [34mcolcon.colcon_core.environment[0m [1;30mLevel 1[0m create_environment_scripts_only(test_interface)
[10.358s] [34mcolcon.colcon_core.event_handler.log_command[0m [1;30mDEBUG[0m [32mInvoked command in '/home/fly_ws/build/test_interface' returned '0': CMAKE_PREFIX_PATH=${CMAKE_PREFIX_PATH}:/home/fly_ws/install/detect:/home/fly_ws/install/control:/opt/ros/humble /usr/bin/cmake --install /home/fly_ws/build/test_interface[0m
[10.363s] [34mcolcon.colcon_core.environment[0m [1;30mLevel 1[0m checking '/home/fly_ws/install/test_interface' for CMake module files
[10.364s] [34mcolcon.colcon_core.environment[0m [1;30mLevel 1[0m checking '/home/fly_ws/install/test_interface' for CMake config files
[10.365s] [34mcolcon.colcon_core.shell[0m [1;30mLevel 1[0m create_environment_hook('test_interface', 'cmake_prefix_path')
[10.365s] [34mcolcon.colcon_core.shell[0m [1;30mINFO[0m Creating environment hook '/home/fly_ws/install/test_interface/share/test_interface/hook/cmake_prefix_path.ps1'
[10.367s] [34mcolcon.colcon_core.shell[0m [1;30mINFO[0m Creating environment descriptor '/home/fly_ws/install/test_interface/share/test_interface/hook/cmake_prefix_path.dsv'
[10.368s] [34mcolcon.colcon_core.shell[0m [1;30mINFO[0m Creating environment hook '/home/fly_ws/install/test_interface/share/test_interface/hook/cmake_prefix_path.sh'
[10.370s] [34mcolcon.colcon_core.environment[0m [1;30mLevel 1[0m checking '/home/fly_ws/install/test_interface/lib'
[10.370s] [34mcolcon.colcon_core.shell[0m [1;30mLevel 1[0m create_environment_hook('test_interface', 'ld_library_path_lib')
[10.370s] [34mcolcon.colcon_core.shell[0m [1;30mINFO[0m Creating environment hook '/home/fly_ws/install/test_interface/share/test_interface/hook/ld_library_path_lib.ps1'
[10.371s] [34mcolcon.colcon_core.shell[0m [1;30mINFO[0m Creating environment descriptor '/home/fly_ws/install/test_interface/share/test_interface/hook/ld_library_path_lib.dsv'
[10.372s] [34mcolcon.colcon_core.shell[0m [1;30mINFO[0m Creating environment hook '/home/fly_ws/install/test_interface/share/test_interface/hook/ld_library_path_lib.sh'
[10.374s] [34mcolcon.colcon_core.environment[0m [1;30mLevel 1[0m checking '/home/fly_ws/install/test_interface/bin'
[10.374s] [34mcolcon.colcon_core.environment[0m [1;30mLevel 1[0m checking '/home/fly_ws/install/test_interface/lib/pkgconfig/test_interface.pc'
[10.374s] [34mcolcon.colcon_core.environment[0m [1;30mLevel 1[0m checking '/home/fly_ws/install/test_interface/lib/python3.10/site-packages'
[10.375s] [34mcolcon.colcon_core.environment[0m [1;30mLevel 1[0m checking '/home/fly_ws/install/test_interface/bin'
[10.375s] [34mcolcon.colcon_core.shell[0m [1;30mINFO[0m Creating package script '/home/fly_ws/install/test_interface/share/test_interface/package.ps1'
[10.377s] [34mcolcon.colcon_core.shell[0m [1;30mINFO[0m Creating package descriptor '/home/fly_ws/install/test_interface/share/test_interface/package.dsv'
[10.378s] [34mcolcon.colcon_core.shell[0m [1;30mINFO[0m Creating package script '/home/fly_ws/install/test_interface/share/test_interface/package.sh'
[10.380s] [34mcolcon.colcon_core.shell[0m [1;30mINFO[0m Creating package script '/home/fly_ws/install/test_interface/share/test_interface/package.bash'
[10.382s] [34mcolcon.colcon_core.shell[0m [1;30mINFO[0m Creating package script '/home/fly_ws/install/test_interface/share/test_interface/package.zsh'
[10.385s] [34mcolcon.colcon_core.environment[0m [1;30mLevel 1[0m create_file_with_runtime_dependencies(/home/fly_ws/install/test_interface/share/colcon-core/packages/test_interface)
[10.387s] [34mcolcon.colcon_core.environment[0m [1;30mLevel 1[0m create_environment_scripts_only(test_interface)
[10.387s] [34mcolcon.colcon_core.environment[0m [1;30mLevel 1[0m checking '/home/fly_ws/install/test_interface' for CMake module files
[10.388s] [34mcolcon.colcon_core.environment[0m [1;30mLevel 1[0m checking '/home/fly_ws/install/test_interface' for CMake config files
[10.389s] [34mcolcon.colcon_core.shell[0m [1;30mLevel 1[0m create_environment_hook('test_interface', 'cmake_prefix_path')
[10.390s] [34mcolcon.colcon_core.shell[0m [1;30mINFO[0m Creating environment hook '/home/fly_ws/install/test_interface/share/test_interface/hook/cmake_prefix_path.ps1'
[10.391s] [34mcolcon.colcon_core.shell[0m [1;30mINFO[0m Creating environment descriptor '/home/fly_ws/install/test_interface/share/test_interface/hook/cmake_prefix_path.dsv'
[10.391s] [34mcolcon.colcon_core.shell[0m [1;30mINFO[0m Creating environment hook '/home/fly_ws/install/test_interface/share/test_interface/hook/cmake_prefix_path.sh'
[10.393s] [34mcolcon.colcon_core.environment[0m [1;30mLevel 1[0m checking '/home/fly_ws/install/test_interface/lib'
[10.393s] [34mcolcon.colcon_core.shell[0m [1;30mLevel 1[0m create_environment_hook('test_interface', 'ld_library_path_lib')
[10.393s] [34mcolcon.colcon_core.shell[0m [1;30mINFO[0m Creating environment hook '/home/fly_ws/install/test_interface/share/test_interface/hook/ld_library_path_lib.ps1'
[10.394s] [34mcolcon.colcon_core.shell[0m [1;30mINFO[0m Creating environment descriptor '/home/fly_ws/install/test_interface/share/test_interface/hook/ld_library_path_lib.dsv'
[10.395s] [34mcolcon.colcon_core.shell[0m [1;30mINFO[0m Creating environment hook '/home/fly_ws/install/test_interface/share/test_interface/hook/ld_library_path_lib.sh'
[10.396s] [34mcolcon.colcon_core.environment[0m [1;30mLevel 1[0m checking '/home/fly_ws/install/test_interface/bin'
[10.396s] [34mcolcon.colcon_core.environment[0m [1;30mLevel 1[0m checking '/home/fly_ws/install/test_interface/lib/pkgconfig/test_interface.pc'
[10.397s] [34mcolcon.colcon_core.environment[0m [1;30mLevel 1[0m checking '/home/fly_ws/install/test_interface/lib/python3.10/site-packages'
[10.397s] [34mcolcon.colcon_core.environment[0m [1;30mLevel 1[0m checking '/home/fly_ws/install/test_interface/bin'
[10.398s] [34mcolcon.colcon_core.shell[0m [1;30mINFO[0m Creating package script '/home/fly_ws/install/test_interface/share/test_interface/package.ps1'
[10.399s] [34mcolcon.colcon_core.shell[0m [1;30mINFO[0m Creating package descriptor '/home/fly_ws/install/test_interface/share/test_interface/package.dsv'
[10.400s] [34mcolcon.colcon_core.shell[0m [1;30mINFO[0m Creating package script '/home/fly_ws/install/test_interface/share/test_interface/package.sh'
[10.401s] [34mcolcon.colcon_core.shell[0m [1;30mINFO[0m Creating package script '/home/fly_ws/install/test_interface/share/test_interface/package.bash'
[10.402s] [34mcolcon.colcon_core.shell[0m [1;30mINFO[0m Creating package script '/home/fly_ws/install/test_interface/share/test_interface/package.zsh'
[10.403s] [34mcolcon.colcon_core.environment[0m [1;30mLevel 1[0m create_file_with_runtime_dependencies(/home/fly_ws/install/test_interface/share/colcon-core/packages/test_interface)
[10.404s] [34mcolcon.colcon_ros.task.ament_python.build[0m [1;30mINFO[0m Building ROS package in '/home/fly_ws/src/detect' with build type 'ament_python'
[10.404s] [34mcolcon.colcon_core.shell[0m [1;30mLevel 1[0m create_environment_hook('detect', 'ament_prefix_path')
[10.405s] [34mcolcon.colcon_core.shell[0m [1;30mINFO[0m Creating environment hook '/home/fly_ws/install/detect/share/detect/hook/ament_prefix_path.ps1'
[10.406s] [34mcolcon.colcon_core.shell[0m [1;30mINFO[0m Creating environment descriptor '/home/fly_ws/install/detect/share/detect/hook/ament_prefix_path.dsv'
[10.407s] [34mcolcon.colcon_core.shell[0m [1;30mINFO[0m Creating environment hook '/home/fly_ws/install/detect/share/detect/hook/ament_prefix_path.sh'
[10.408s] [34mcolcon.colcon_core.shell[0m [1;30mINFO[0m Skip shell extension 'powershell' for command environment: Not usable outside of PowerShell
[10.408s] [34mcolcon.colcon_core.shell[0m [1;30mDEBUG[0m [32mSkip shell extension 'dsv' for command environment[0m
[11.021s] [34mcolcon.colcon_core.task.python.build[0m [1;30mINFO[0m Building Python package in '/home/fly_ws/src/detect'
[11.022s] [34mcolcon.colcon_core.shell[0m [1;30mINFO[0m Skip shell extension 'powershell' for command environment: Not usable outside of PowerShell
[11.022s] [34mcolcon.colcon_core.shell[0m [1;30mDEBUG[0m [32mSkip shell extension 'dsv' for command environment[0m
[11.937s] [34mcolcon.colcon_core.event_handler.log_command[0m [1;30mDEBUG[0m [32mInvoking command in '/home/fly_ws/src/detect': LD_LIBRARY_PATH=/home/fly_ws/install/test_interface/lib:/home/fly_ws/install/px4_msgs/lib:/opt/ros/humble/lib/aarch64-linux-gnu:/opt/ros/humble/lib:/usr/local/cuda/lib64 PYTHONPATH=/home/fly_ws/build/detect/prefix_override:/usr/lib/python3/dist-packages/colcon_core/task/python/colcon_distutils_commands:/home/fly_ws/install/detect/lib/python3.10/site-packages:${PYTHONPATH} /usr/bin/python3 -W ignore:setup.py install is deprecated -W ignore:easy_install command is deprecated setup.py egg_info --egg-base ../../build/detect build --build-base /home/fly_ws/build/detect/build install --record /home/fly_ws/build/detect/install.log --single-version-externally-managed install_data[0m
[12.621s] [34mcolcon.colcon_core.environment[0m [1;30mLevel 1[0m checking '/home/fly_ws/install/detect' for CMake module files
[12.623s] [34mcolcon.colcon_core.environment[0m [1;30mLevel 1[0m checking '/home/fly_ws/install/detect' for CMake config files
[12.624s] [34mcolcon.colcon_core.environment[0m [1;30mLevel 1[0m checking '/home/fly_ws/install/detect/lib'
[12.624s] [34mcolcon.colcon_core.environment[0m [1;30mLevel 1[0m checking '/home/fly_ws/install/detect/bin'
[12.624s] [34mcolcon.colcon_core.environment[0m [1;30mLevel 1[0m checking '/home/fly_ws/install/detect/lib/pkgconfig/detect.pc'
[12.624s] [34mcolcon.colcon_core.environment[0m [1;30mLevel 1[0m checking '/home/fly_ws/install/detect/lib/python3.10/site-packages'
[12.625s] [34mcolcon.colcon_core.shell[0m [1;30mLevel 1[0m create_environment_hook('detect', 'pythonpath')
[12.625s] [34mcolcon.colcon_core.shell[0m [1;30mINFO[0m Creating environment hook '/home/fly_ws/install/detect/share/detect/hook/pythonpath.ps1'
[12.626s] [34mcolcon.colcon_core.shell[0m [1;30mINFO[0m Creating environment descriptor '/home/fly_ws/install/detect/share/detect/hook/pythonpath.dsv'
[12.627s] [34mcolcon.colcon_core.shell[0m [1;30mINFO[0m Creating environment hook '/home/fly_ws/install/detect/share/detect/hook/pythonpath.sh'
[12.628s] [34mcolcon.colcon_core.environment[0m [1;30mLevel 1[0m checking '/home/fly_ws/install/detect/bin'
[12.628s] [34mcolcon.colcon_core.environment[0m [1;30mLevel 1[0m create_environment_scripts_only(detect)
[12.629s] [34mcolcon.colcon_core.shell[0m [1;30mINFO[0m Creating package script '/home/fly_ws/install/detect/share/detect/package.ps1'
[12.630s] [34mcolcon.colcon_core.shell[0m [1;30mINFO[0m Creating package descriptor '/home/fly_ws/install/detect/share/detect/package.dsv'
[12.631s] [34mcolcon.colcon_core.shell[0m [1;30mINFO[0m Creating package script '/home/fly_ws/install/detect/share/detect/package.sh'
[12.632s] [34mcolcon.colcon_core.shell[0m [1;30mINFO[0m Creating package script '/home/fly_ws/install/detect/share/detect/package.bash'
[12.634s] [34mcolcon.colcon_core.event_handler.log_command[0m [1;30mDEBUG[0m [32mInvoked command in '/home/fly_ws/src/detect' returned '0': LD_LIBRARY_PATH=/home/fly_ws/install/test_interface/lib:/home/fly_ws/install/px4_msgs/lib:/opt/ros/humble/lib/aarch64-linux-gnu:/opt/ros/humble/lib:/usr/local/cuda/lib64 PYTHONPATH=/home/fly_ws/build/detect/prefix_override:/usr/lib/python3/dist-packages/colcon_core/task/python/colcon_distutils_commands:/home/fly_ws/install/detect/lib/python3.10/site-packages:${PYTHONPATH} /usr/bin/python3 -W ignore:setup.py install is deprecated -W ignore:easy_install command is deprecated setup.py egg_info --egg-base ../../build/detect build --build-base /home/fly_ws/build/detect/build install --record /home/fly_ws/build/detect/install.log --single-version-externally-managed install_data[0m
[12.635s] [34mcolcon.colcon_core.shell[0m [1;30mINFO[0m Creating package script '/home/fly_ws/install/detect/share/detect/package.zsh'
[12.635s] [34mcolcon.colcon_core.environment[0m [1;30mLevel 1[0m create_file_with_runtime_dependencies(/home/fly_ws/install/detect/share/colcon-core/packages/detect)
[509.179s] [34mcolcon.colcon_core.event_handler.log_command[0m [1;30mDEBUG[0m [32mInvoked command in '/home/fly_ws/build/px4_msgs' returned '0': CMAKE_PREFIX_PATH=${CMAKE_PREFIX_PATH}:/home/fly_ws/install/detect:/home/fly_ws/install/control:/opt/ros/humble /usr/bin/cmake --build /home/fly_ws/build/px4_msgs -- -j6 -l6[0m
[509.184s] [34mcolcon.colcon_core.event_handler.log_command[0m [1;30mDEBUG[0m [32mInvoking command in '/home/fly_ws/build/px4_msgs': CMAKE_PREFIX_PATH=${CMAKE_PREFIX_PATH}:/home/fly_ws/install/detect:/home/fly_ws/install/control:/opt/ros/humble /usr/bin/cmake --install /home/fly_ws/build/px4_msgs[0m
[511.953s] [34mcolcon.colcon_core.environment[0m [1;30mLevel 1[0m create_environment_scripts_only(px4_msgs)
[511.955s] [34mcolcon.colcon_core.environment[0m [1;30mLevel 1[0m checking '/home/fly_ws/install/px4_msgs' for CMake module files
[511.956s] [34mcolcon.colcon_core.event_handler.log_command[0m [1;30mDEBUG[0m [32mInvoked command in '/home/fly_ws/build/px4_msgs' returned '0': CMAKE_PREFIX_PATH=${CMAKE_PREFIX_PATH}:/home/fly_ws/install/detect:/home/fly_ws/install/control:/opt/ros/humble /usr/bin/cmake --install /home/fly_ws/build/px4_msgs[0m
[511.960s] [34mcolcon.colcon_core.environment[0m [1;30mLevel 1[0m checking '/home/fly_ws/install/px4_msgs' for CMake config files
[511.963s] [34mcolcon.colcon_core.shell[0m [1;30mLevel 1[0m create_environment_hook('px4_msgs', 'cmake_prefix_path')
[511.964s] [34mcolcon.colcon_core.shell[0m [1;30mINFO[0m Creating environment hook '/home/fly_ws/install/px4_msgs/share/px4_msgs/hook/cmake_prefix_path.ps1'
[511.966s] [34mcolcon.colcon_core.shell[0m [1;30mINFO[0m Creating environment descriptor '/home/fly_ws/install/px4_msgs/share/px4_msgs/hook/cmake_prefix_path.dsv'
[511.967s] [34mcolcon.colcon_core.shell[0m [1;30mINFO[0m Creating environment hook '/home/fly_ws/install/px4_msgs/share/px4_msgs/hook/cmake_prefix_path.sh'
[511.969s] [34mcolcon.colcon_core.environment[0m [1;30mLevel 1[0m checking '/home/fly_ws/install/px4_msgs/lib'
[511.969s] [34mcolcon.colcon_core.shell[0m [1;30mLevel 1[0m create_environment_hook('px4_msgs', 'ld_library_path_lib')
[511.970s] [34mcolcon.colcon_core.shell[0m [1;30mINFO[0m Creating environment hook '/home/fly_ws/install/px4_msgs/share/px4_msgs/hook/ld_library_path_lib.ps1'
[511.972s] [34mcolcon.colcon_core.shell[0m [1;30mINFO[0m Creating environment descriptor '/home/fly_ws/install/px4_msgs/share/px4_msgs/hook/ld_library_path_lib.dsv'
[511.973s] [34mcolcon.colcon_core.shell[0m [1;30mINFO[0m Creating environment hook '/home/fly_ws/install/px4_msgs/share/px4_msgs/hook/ld_library_path_lib.sh'
[511.974s] [34mcolcon.colcon_core.environment[0m [1;30mLevel 1[0m checking '/home/fly_ws/install/px4_msgs/bin'
[511.975s] [34mcolcon.colcon_core.environment[0m [1;30mLevel 1[0m checking '/home/fly_ws/install/px4_msgs/lib/pkgconfig/px4_msgs.pc'
[511.976s] [34mcolcon.colcon_core.environment[0m [1;30mLevel 1[0m checking '/home/fly_ws/install/px4_msgs/lib/python3.10/site-packages'
[511.976s] [34mcolcon.colcon_core.environment[0m [1;30mLevel 1[0m checking '/home/fly_ws/install/px4_msgs/bin'
[511.978s] [34mcolcon.colcon_core.shell[0m [1;30mINFO[0m Creating package script '/home/fly_ws/install/px4_msgs/share/px4_msgs/package.ps1'
[511.979s] [34mcolcon.colcon_core.shell[0m [1;30mINFO[0m Creating package descriptor '/home/fly_ws/install/px4_msgs/share/px4_msgs/package.dsv'
[511.981s] [34mcolcon.colcon_core.shell[0m [1;30mINFO[0m Creating package script '/home/fly_ws/install/px4_msgs/share/px4_msgs/package.sh'
[511.983s] [34mcolcon.colcon_core.shell[0m [1;30mINFO[0m Creating package script '/home/fly_ws/install/px4_msgs/share/px4_msgs/package.bash'
[511.984s] [34mcolcon.colcon_core.shell[0m [1;30mINFO[0m Creating package script '/home/fly_ws/install/px4_msgs/share/px4_msgs/package.zsh'
[511.986s] [34mcolcon.colcon_core.environment[0m [1;30mLevel 1[0m create_file_with_runtime_dependencies(/home/fly_ws/install/px4_msgs/share/colcon-core/packages/px4_msgs)
[511.988s] [34mcolcon.colcon_core.environment[0m [1;30mLevel 1[0m create_environment_scripts_only(px4_msgs)
[511.989s] [34mcolcon.colcon_core.environment[0m [1;30mLevel 1[0m checking '/home/fly_ws/install/px4_msgs' for CMake module files
[511.991s] [34mcolcon.colcon_core.environment[0m [1;30mLevel 1[0m checking '/home/fly_ws/install/px4_msgs' for CMake config files
[511.994s] [34mcolcon.colcon_core.shell[0m [1;30mLevel 1[0m create_environment_hook('px4_msgs', 'cmake_prefix_path')
[511.995s] [34mcolcon.colcon_core.shell[0m [1;30mINFO[0m Creating environment hook '/home/fly_ws/install/px4_msgs/share/px4_msgs/hook/cmake_prefix_path.ps1'
[511.997s] [34mcolcon.colcon_core.shell[0m [1;30mINFO[0m Creating environment descriptor '/home/fly_ws/install/px4_msgs/share/px4_msgs/hook/cmake_prefix_path.dsv'
[511.998s] [34mcolcon.colcon_core.shell[0m [1;30mINFO[0m Creating environment hook '/home/fly_ws/install/px4_msgs/share/px4_msgs/hook/cmake_prefix_path.sh'
[512.000s] [34mcolcon.colcon_core.environment[0m [1;30mLevel 1[0m checking '/home/fly_ws/install/px4_msgs/lib'
[512.000s] [34mcolcon.colcon_core.shell[0m [1;30mLevel 1[0m create_environment_hook('px4_msgs', 'ld_library_path_lib')
[512.001s] [34mcolcon.colcon_core.shell[0m [1;30mINFO[0m Creating environment hook '/home/fly_ws/install/px4_msgs/share/px4_msgs/hook/ld_library_path_lib.ps1'
[512.003s] [34mcolcon.colcon_core.shell[0m [1;30mINFO[0m Creating environment descriptor '/home/fly_ws/install/px4_msgs/share/px4_msgs/hook/ld_library_path_lib.dsv'
[512.004s] [34mcolcon.colcon_core.shell[0m [1;30mINFO[0m Creating environment hook '/home/fly_ws/install/px4_msgs/share/px4_msgs/hook/ld_library_path_lib.sh'
[512.006s] [34mcolcon.colcon_core.environment[0m [1;30mLevel 1[0m checking '/home/fly_ws/install/px4_msgs/bin'
[512.006s] [34mcolcon.colcon_core.environment[0m [1;30mLevel 1[0m checking '/home/fly_ws/install/px4_msgs/lib/pkgconfig/px4_msgs.pc'
[512.007s] [34mcolcon.colcon_core.environment[0m [1;30mLevel 1[0m checking '/home/fly_ws/install/px4_msgs/lib/python3.10/site-packages'
[512.007s] [34mcolcon.colcon_core.environment[0m [1;30mLevel 1[0m checking '/home/fly_ws/install/px4_msgs/bin'
[512.008s] [34mcolcon.colcon_core.shell[0m [1;30mINFO[0m Creating package script '/home/fly_ws/install/px4_msgs/share/px4_msgs/package.ps1'
[512.010s] [34mcolcon.colcon_core.shell[0m [1;30mINFO[0m Creating package descriptor '/home/fly_ws/install/px4_msgs/share/px4_msgs/package.dsv'
[512.012s] [34mcolcon.colcon_core.shell[0m [1;30mINFO[0m Creating package script '/home/fly_ws/install/px4_msgs/share/px4_msgs/package.sh'
[512.014s] [34mcolcon.colcon_core.shell[0m [1;30mINFO[0m Creating package script '/home/fly_ws/install/px4_msgs/share/px4_msgs/package.bash'
[512.016s] [34mcolcon.colcon_core.shell[0m [1;30mINFO[0m Creating package script '/home/fly_ws/install/px4_msgs/share/px4_msgs/package.zsh'
[512.017s] [34mcolcon.colcon_core.environment[0m [1;30mLevel 1[0m create_file_with_runtime_dependencies(/home/fly_ws/install/px4_msgs/share/colcon-core/packages/px4_msgs)
[512.018s] [34mcolcon.colcon_ros.task.ament_python.build[0m [1;30mINFO[0m Building ROS package in '/home/fly_ws/src/fly1' with build type 'ament_python'
[512.019s] [34mcolcon.colcon_core.shell[0m [1;30mLevel 1[0m create_environment_hook('control', 'ament_prefix_path')
[512.020s] [34mcolcon.colcon_core.shell[0m [1;30mINFO[0m Creating environment hook '/home/fly_ws/install/control/share/control/hook/ament_prefix_path.ps1'
[512.023s] [34mcolcon.colcon_core.shell[0m [1;30mINFO[0m Creating environment descriptor '/home/fly_ws/install/control/share/control/hook/ament_prefix_path.dsv'
[512.024s] [34mcolcon.colcon_core.shell[0m [1;30mINFO[0m Creating environment hook '/home/fly_ws/install/control/share/control/hook/ament_prefix_path.sh'
[512.026s] [34mcolcon.colcon_core.shell[0m [1;30mINFO[0m Skip shell extension 'powershell' for command environment: Not usable outside of PowerShell
[512.027s] [34mcolcon.colcon_core.shell[0m [1;30mDEBUG[0m [32mSkip shell extension 'dsv' for command environment[0m
[512.618s] [34mcolcon.colcon_core.task.python.build[0m [1;30mINFO[0m Building Python package in '/home/fly_ws/src/fly1'
[512.619s] [34mcolcon.colcon_core.shell[0m [1;30mINFO[0m Skip shell extension 'powershell' for command environment: Not usable outside of PowerShell
[512.619s] [34mcolcon.colcon_core.shell[0m [1;30mDEBUG[0m [32mSkip shell extension 'dsv' for command environment[0m
[513.486s] [34mcolcon.colcon_core.event_handler.log_command[0m [1;30mDEBUG[0m [32mInvoking command in '/home/fly_ws/src/fly1': CMAKE_PREFIX_PATH=/home/fly_ws/install/px4_msgs:/home/fly_ws/install/test_interface LD_LIBRARY_PATH=/home/fly_ws/install/px4_msgs/lib:/home/fly_ws/install/test_interface/lib:/opt/ros/humble/lib/aarch64-linux-gnu:/opt/ros/humble/lib:/usr/local/cuda/lib64 PYTHONPATH=/home/fly_ws/build/control/prefix_override:/usr/lib/python3/dist-packages/colcon_core/task/python/colcon_distutils_commands:/home/fly_ws/install/control/lib/python3.10/site-packages:${PYTHONPATH} /usr/bin/python3 -W ignore:setup.py install is deprecated -W ignore:easy_install command is deprecated setup.py egg_info --egg-base ../../build/control build --build-base /home/fly_ws/build/control/build install --record /home/fly_ws/build/control/install.log --single-version-externally-managed install_data[0m
[514.137s] [34mcolcon.colcon_core.environment[0m [1;30mLevel 1[0m checking '/home/fly_ws/install/control' for CMake module files
[514.138s] [34mcolcon.colcon_core.event_handler.log_command[0m [1;30mDEBUG[0m [32mInvoked command in '/home/fly_ws/src/fly1' returned '0': CMAKE_PREFIX_PATH=/home/fly_ws/install/px4_msgs:/home/fly_ws/install/test_interface LD_LIBRARY_PATH=/home/fly_ws/install/px4_msgs/lib:/home/fly_ws/install/test_interface/lib:/opt/ros/humble/lib/aarch64-linux-gnu:/opt/ros/humble/lib:/usr/local/cuda/lib64 PYTHONPATH=/home/fly_ws/build/control/prefix_override:/usr/lib/python3/dist-packages/colcon_core/task/python/colcon_distutils_commands:/home/fly_ws/install/control/lib/python3.10/site-packages:${PYTHONPATH} /usr/bin/python3 -W ignore:setup.py install is deprecated -W ignore:easy_install command is deprecated setup.py egg_info --egg-base ../../build/control build --build-base /home/fly_ws/build/control/build install --record /home/fly_ws/build/control/install.log --single-version-externally-managed install_data[0m
[514.140s] [34mcolcon.colcon_core.environment[0m [1;30mLevel 1[0m checking '/home/fly_ws/install/control' for CMake config files
[514.142s] [34mcolcon.colcon_core.environment[0m [1;30mLevel 1[0m checking '/home/fly_ws/install/control/lib'
[514.142s] [34mcolcon.colcon_core.environment[0m [1;30mLevel 1[0m checking '/home/fly_ws/install/control/bin'
[514.143s] [34mcolcon.colcon_core.environment[0m [1;30mLevel 1[0m checking '/home/fly_ws/install/control/lib/pkgconfig/control.pc'
[514.143s] [34mcolcon.colcon_core.environment[0m [1;30mLevel 1[0m checking '/home/fly_ws/install/control/lib/python3.10/site-packages'
[514.143s] [34mcolcon.colcon_core.shell[0m [1;30mLevel 1[0m create_environment_hook('control', 'pythonpath')
[514.144s] [34mcolcon.colcon_core.shell[0m [1;30mINFO[0m Creating environment hook '/home/fly_ws/install/control/share/control/hook/pythonpath.ps1'
[514.145s] [34mcolcon.colcon_core.shell[0m [1;30mINFO[0m Creating environment descriptor '/home/fly_ws/install/control/share/control/hook/pythonpath.dsv'
[514.147s] [34mcolcon.colcon_core.shell[0m [1;30mINFO[0m Creating environment hook '/home/fly_ws/install/control/share/control/hook/pythonpath.sh'
[514.149s] [34mcolcon.colcon_core.environment[0m [1;30mLevel 1[0m checking '/home/fly_ws/install/control/bin'
[514.149s] [34mcolcon.colcon_core.environment[0m [1;30mLevel 1[0m create_environment_scripts_only(control)
[514.150s] [34mcolcon.colcon_core.shell[0m [1;30mINFO[0m Creating package script '/home/fly_ws/install/control/share/control/package.ps1'
[514.152s] [34mcolcon.colcon_core.shell[0m [1;30mINFO[0m Creating package descriptor '/home/fly_ws/install/control/share/control/package.dsv'
[514.153s] [34mcolcon.colcon_core.shell[0m [1;30mINFO[0m Creating package script '/home/fly_ws/install/control/share/control/package.sh'
[514.154s] [34mcolcon.colcon_core.shell[0m [1;30mINFO[0m Creating package script '/home/fly_ws/install/control/share/control/package.bash'
[514.155s] [34mcolcon.colcon_core.shell[0m [1;30mINFO[0m Creating package script '/home/fly_ws/install/control/share/control/package.zsh'
[514.156s] [34mcolcon.colcon_core.environment[0m [1;30mLevel 1[0m create_file_with_runtime_dependencies(/home/fly_ws/install/control/share/colcon-core/packages/control)
[514.157s] [34mcolcon.colcon_parallel_executor.executor.parallel[0m [1;30mDEBUG[0m [32mclosing loop[0m
[514.158s] [34mcolcon.colcon_parallel_executor.executor.parallel[0m [1;30mDEBUG[0m [32mloop closed[0m
[514.159s] [34mcolcon.colcon_parallel_executor.executor.parallel[0m [1;30mDEBUG[0m [32mrun_until_complete finished with '0'[0m
[514.159s] [34mcolcon.colcon_core.event_reactor[0m [1;30mDEBUG[0m [32mjoining thread[0m
[514.179s] [34mcolcon.colcon_core.plugin_system[0m [1;30mINFO[0m Skipping extension 'colcon_notification.desktop_notification.notify_send': Could not find 'notify-send'
[514.179s] [34mcolcon.colcon_core.plugin_system[0m [1;30mINFO[0m Skipping extension 'colcon_notification.desktop_notification.terminal_notifier': Not used on non-Darwin systems
[514.179s] [34mcolcon.colcon_core.plugin_system[0m [1;30mINFO[0m Skipping extension 'colcon_notification.desktop_notification.win32': Not used on non-Windows systems
[514.179s] [34mcolcon.colcon_notification.desktop_notification[0m [1;30mINFO[0m Sending desktop notification using 'notify2'
[514.186s] [34mcolcon.colcon_notification.desktop_notification.notify2[0m [1;30mDEBUG[0m [32mFailed to initialize notify2: org.freedesktop.DBus.Error.Spawn.ExecFailed: /usr/bin/dbus-launch terminated abnormally without any error message[0m
[514.187s] [34mcolcon.colcon_core.event_reactor[0m [1;30mDEBUG[0m [32mjoined thread[0m
[514.189s] [34mcolcon.colcon_core.shell[0m [1;30mINFO[0m Creating prefix script '/home/fly_ws/install/local_setup.ps1'
[514.193s] [34mcolcon.colcon_core.shell[0m [1;30mINFO[0m Creating prefix util module '/home/fly_ws/install/_local_setup_util_ps1.py'
[514.200s] [34mcolcon.colcon_core.shell[0m [1;30mINFO[0m Creating prefix chain script '/home/fly_ws/install/setup.ps1'
[514.203s] [34mcolcon.colcon_core.shell[0m [1;30mINFO[0m Creating prefix script '/home/fly_ws/install/local_setup.sh'
[514.205s] [34mcolcon.colcon_core.shell[0m [1;30mINFO[0m Creating prefix util module '/home/fly_ws/install/_local_setup_util_sh.py'
[514.208s] [34mcolcon.colcon_core.shell[0m [1;30mINFO[0m Creating prefix chain script '/home/fly_ws/install/setup.sh'
[514.211s] [34mcolcon.colcon_core.shell[0m [1;30mINFO[0m Creating prefix script '/home/fly_ws/install/local_setup.bash'
[514.213s] [34mcolcon.colcon_core.shell[0m [1;30mINFO[0m Creating prefix chain script '/home/fly_ws/install/setup.bash'
[514.217s] [34mcolcon.colcon_core.shell[0m [1;30mINFO[0m Creating prefix script '/home/fly_ws/install/local_setup.zsh'
[514.219s] [34mcolcon.colcon_core.shell[0m [1;30mINFO[0m Creating prefix chain script '/home/fly_ws/install/setup.zsh'
