[2.768s] Invoking command in '/home/fly2_ws/src/fly1': AMENT_PREFIX_PATH=/home/fly2_ws/install/px4_msgs:${AMENT_PREFIX_PATH} CMAKE_PREFIX_PATH=/home/fly2_ws/install/px4_msgs LD_LIBRARY_PATH=/home/fly2_ws/install/px4_msgs/lib:/opt/ros/humble/lib/aarch64-linux-gnu:/opt/ros/humble/lib:/usr/local/cuda/lib64 PYTHONPATH=/home/fly2_ws/build/control/prefix_override:/usr/lib/python3/dist-packages/colcon_core/task/python/colcon_distutils_commands:/home/fly2_ws/install/control/lib/python3.10/site-packages:/home/fly2_ws/install/px4_msgs/local/lib/python3.10/dist-packages:${PYTHONPATH} /usr/bin/python3 -W ignore:setup.py install is deprecated -W ignore:easy_install command is deprecated setup.py egg_info --egg-base ../../build/control build --build-base /home/fly2_ws/build/control/build install --record /home/fly2_ws/build/control/install.log --single-version-externally-managed install_data
[3.282s] running egg_info
[3.284s] writing ../../build/control/control.egg-info/PKG-INFO
[3.287s] writing dependency_links to ../../build/control/control.egg-info/dependency_links.txt
[3.288s] writing entry points to ../../build/control/control.egg-info/entry_points.txt
[3.289s] writing requirements to ../../build/control/control.egg-info/requires.txt
[3.290s] writing top-level names to ../../build/control/control.egg-info/top_level.txt
[3.294s] reading manifest file '../../build/control/control.egg-info/SOURCES.txt'
[3.296s] writing manifest file '../../build/control/control.egg-info/SOURCES.txt'
[3.296s] running build
[3.296s] running build_py
[3.297s] copying control/water_drop_mission_enhanced.py -> /home/fly2_ws/build/control/build/lib/control
[3.298s] warning: build_py: byte-compiling is disabled, skipping.
[3.298s] 
[3.299s] running install
[3.299s] running install_lib
[3.301s] copying /home/fly2_ws/build/control/build/lib/control/water_drop_mission_enhanced.py -> /home/fly2_ws/install/control/lib/python3.10/site-packages/control
[3.302s] warning: install_lib: byte-compiling is disabled, skipping.
[3.302s] 
[3.302s] running install_data
[3.303s] running install_egg_info
[3.306s] removing '/home/fly2_ws/install/control/lib/python3.10/site-packages/control-0.0.0-py3.10.egg-info' (and everything under it)
[3.307s] Copying ../../build/control/control.egg-info to /home/fly2_ws/install/control/lib/python3.10/site-packages/control-0.0.0-py3.10.egg-info
[3.310s] running install_scripts
[3.357s] Installing water_drop_mission script to /home/fly2_ws/install/control/lib/control
[3.358s] writing list of installed files to '/home/fly2_ws/build/control/install.log'
[3.517s] Invoked command in '/home/fly2_ws/src/fly1' returned '0': AMENT_PREFIX_PATH=/home/fly2_ws/install/px4_msgs:${AMENT_PREFIX_PATH} CMAKE_PREFIX_PATH=/home/fly2_ws/install/px4_msgs LD_LIBRARY_PATH=/home/fly2_ws/install/px4_msgs/lib:/opt/ros/humble/lib/aarch64-linux-gnu:/opt/ros/humble/lib:/usr/local/cuda/lib64 PYTHONPATH=/home/fly2_ws/build/control/prefix_override:/usr/lib/python3/dist-packages/colcon_core/task/python/colcon_distutils_commands:/home/fly2_ws/install/control/lib/python3.10/site-packages:/home/fly2_ws/install/px4_msgs/local/lib/python3.10/dist-packages:${PYTHONPATH} /usr/bin/python3 -W ignore:setup.py install is deprecated -W ignore:easy_install command is deprecated setup.py egg_info --egg-base ../../build/control build --build-base /home/fly2_ws/build/control/build install --record /home/fly2_ws/build/control/install.log --single-version-externally-managed install_data
