[1.805s] Invoking command in '/home/fly_ws/src/detect': PYTHONPATH=/home/fly_ws/build/detect/prefix_override:/usr/lib/python3/dist-packages/colcon_core/task/python/colcon_distutils_commands:/home/fly_ws/install/detect/lib/python3.10/site-packages:${PYTHONPATH} /usr/bin/python3 -W ignore:setup.py install is deprecated -W ignore:easy_install command is deprecated setup.py egg_info --egg-base ../../build/detect build --build-base /home/fly_ws/build/detect/build install --record /home/fly_ws/build/detect/install.log --single-version-externally-managed install_data
[2.362s] running egg_info
[2.363s] writing ../../build/detect/detect.egg-info/PKG-INFO
[2.364s] writing dependency_links to ../../build/detect/detect.egg-info/dependency_links.txt
[2.365s] writing entry points to ../../build/detect/detect.egg-info/entry_points.txt
[2.365s] writing requirements to ../../build/detect/detect.egg-info/requires.txt
[2.365s] writing top-level names to ../../build/detect/detect.egg-info/top_level.txt
[2.370s] reading manifest file '../../build/detect/detect.egg-info/SOURCES.txt'
[2.372s] writing manifest file '../../build/detect/detect.egg-info/SOURCES.txt'
[2.372s] running build
[2.373s] running build_py
[2.374s] warning: build_py: byte-compiling is disabled, skipping.
[2.375s] 
[2.375s] running install
[2.376s] running install_lib
[2.377s] warning: install_lib: byte-compiling is disabled, skipping.
[2.377s] 
[2.377s] running install_data
[2.378s] running install_egg_info
[2.382s] removing '/home/fly_ws/install/detect/lib/python3.10/site-packages/detect-0.0.0-py3.10.egg-info' (and everything under it)
[2.386s] Copying ../../build/detect/detect.egg-info to /home/fly_ws/install/detect/lib/python3.10/site-packages/detect-0.0.0-py3.10.egg-info
[2.389s] running install_scripts
[2.437s] Installing detect script to /home/fly_ws/install/detect/lib/detect
[2.437s] Installing detect2 script to /home/fly_ws/install/detect/lib/detect
[2.438s] Installing filter script to /home/fly_ws/install/detect/lib/detect
[2.438s] Installing test script to /home/fly_ws/install/detect/lib/detect
[2.438s] Installing without script to /home/fly_ws/install/detect/lib/detect
[2.439s] writing list of installed files to '/home/fly_ws/build/detect/install.log'
[2.542s] Invoked command in '/home/fly_ws/src/detect' returned '0': PYTHONPATH=/home/fly_ws/build/detect/prefix_override:/usr/lib/python3/dist-packages/colcon_core/task/python/colcon_distutils_commands:/home/fly_ws/install/detect/lib/python3.10/site-packages:${PYTHONPATH} /usr/bin/python3 -W ignore:setup.py install is deprecated -W ignore:easy_install command is deprecated setup.py egg_info --egg-base ../../build/detect build --build-base /home/fly_ws/build/detect/build install --record /home/fly_ws/build/detect/install.log --single-version-externally-managed install_data
