running egg_info
creating ../../build/detect/detect.egg-info
writing ../../build/detect/detect.egg-info/PKG-INFO
writing dependency_links to ../../build/detect/detect.egg-info/dependency_links.txt
writing entry points to ../../build/detect/detect.egg-info/entry_points.txt
writing requirements to ../../build/detect/detect.egg-info/requires.txt
writing top-level names to ../../build/detect/detect.egg-info/top_level.txt
writing manifest file '../../build/detect/detect.egg-info/SOURCES.txt'
reading manifest file '../../build/detect/detect.egg-info/SOURCES.txt'
writing manifest file '../../build/detect/detect.egg-info/SOURCES.txt'
running build
running build_py
creating /home/fly2_ws/build/detect/build
creating /home/fly2_ws/build/detect/build/lib
creating /home/fly2_ws/build/detect/build/lib/detect
copying detect/__init__.py -> /home/fly2_ws/build/detect/build/lib/detect
copying detect/switchd.py -> /home/fly2_ws/build/detect/build/lib/detect
copying detect/planb.py -> /home/fly2_ws/build/detect/build/lib/detect
running install
running install_lib
creating /home/fly2_ws/install/detect/lib/python3.10/site-packages/detect
copying /home/fly2_ws/build/detect/build/lib/detect/__init__.py -> /home/fly2_ws/install/detect/lib/python3.10/site-packages/detect
copying /home/fly2_ws/build/detect/build/lib/detect/switchd.py -> /home/fly2_ws/install/detect/lib/python3.10/site-packages/detect
copying /home/fly2_ws/build/detect/build/lib/detect/planb.py -> /home/fly2_ws/install/detect/lib/python3.10/site-packages/detect
running install_data
creating /home/fly2_ws/install/detect/share/ament_index
creating /home/fly2_ws/install/detect/share/ament_index/resource_index
creating /home/fly2_ws/install/detect/share/ament_index/resource_index/packages
copying resource/detect -> /home/fly2_ws/install/detect/share/ament_index/resource_index/packages
copying package.xml -> /home/fly2_ws/install/detect/share/detect
running install_egg_info
Copying ../../build/detect/detect.egg-info to /home/fly2_ws/install/detect/lib/python3.10/site-packages/detect-0.0.0-py3.10.egg-info
running install_scripts
Installing planb script to /home/fly2_ws/install/detect/lib/detect
Installing switchd script to /home/fly2_ws/install/detect/lib/detect
writing list of installed files to '/home/fly2_ws/build/detect/install.log'
