[2.683s] Invoking command in '/home/fly2_ws/src/detect': CMAKE_PREFIX_PATH=/home/fly2_ws/install/px4_msgs:/home/fly2_ws/fly2_ws/install/test_interface:/home/fly2_ws/fly2_ws/install/px4_msgs LD_LIBRARY_PATH=/home/fly2_ws/install/px4_msgs/lib:/home/fly2_ws/fly2_ws/install/test_interface/lib:/home/fly2_ws/fly2_ws/install/px4_msgs/lib:/opt/ros/humble/lib/aarch64-linux-gnu:/opt/ros/humble/lib:/usr/local/cuda/lib64 PYTHONPATH=/home/fly2_ws/build/detect/prefix_override:/usr/lib/python3/dist-packages/colcon_core/task/python/colcon_distutils_commands:/home/fly2_ws/install/detect/lib/python3.10/site-packages:${PYTHONPATH} /usr/bin/python3 -W ignore:setup.py install is deprecated -W ignore:easy_install command is deprecated setup.py egg_info --egg-base ../../build/detect build --build-base /home/fly2_ws/build/detect/build install --record /home/fly2_ws/build/detect/install.log --single-version-externally-managed install_data
[3.201s] running egg_info
[3.201s] creating ../../build/detect/detect.egg-info
[3.202s] writing ../../build/detect/detect.egg-info/PKG-INFO
[3.202s] writing dependency_links to ../../build/detect/detect.egg-info/dependency_links.txt
[3.202s] writing entry points to ../../build/detect/detect.egg-info/entry_points.txt
[3.202s] writing requirements to ../../build/detect/detect.egg-info/requires.txt
[3.202s] writing top-level names to ../../build/detect/detect.egg-info/top_level.txt
[3.202s] writing manifest file '../../build/detect/detect.egg-info/SOURCES.txt'
[3.205s] reading manifest file '../../build/detect/detect.egg-info/SOURCES.txt'
[3.206s] writing manifest file '../../build/detect/detect.egg-info/SOURCES.txt'
[3.206s] running build
[3.207s] running build_py
[3.207s] creating /home/fly2_ws/build/detect/build
[3.207s] creating /home/fly2_ws/build/detect/build/lib
[3.208s] creating /home/fly2_ws/build/detect/build/lib/detect
[3.208s] copying detect/__init__.py -> /home/fly2_ws/build/detect/build/lib/detect
[3.208s] copying detect/switchd.py -> /home/fly2_ws/build/detect/build/lib/detect
[3.208s] copying detect/planb.py -> /home/fly2_ws/build/detect/build/lib/detect
[3.209s] warning: build_py: byte-compiling is disabled, skipping.
[3.209s] 
[3.209s] running install
[3.209s] running install_lib
[3.212s] creating /home/fly2_ws/install/detect/lib/python3.10/site-packages/detect
[3.213s] copying /home/fly2_ws/build/detect/build/lib/detect/__init__.py -> /home/fly2_ws/install/detect/lib/python3.10/site-packages/detect
[3.213s] copying /home/fly2_ws/build/detect/build/lib/detect/switchd.py -> /home/fly2_ws/install/detect/lib/python3.10/site-packages/detect
[3.214s] copying /home/fly2_ws/build/detect/build/lib/detect/planb.py -> /home/fly2_ws/install/detect/lib/python3.10/site-packages/detect
[3.214s] warning: install_lib: byte-compiling is disabled, skipping.
[3.214s] 
[3.214s] running install_data
[3.214s] creating /home/fly2_ws/install/detect/share/ament_index
[3.215s] creating /home/fly2_ws/install/detect/share/ament_index/resource_index
[3.215s] creating /home/fly2_ws/install/detect/share/ament_index/resource_index/packages
[3.215s] copying resource/detect -> /home/fly2_ws/install/detect/share/ament_index/resource_index/packages
[3.215s] copying package.xml -> /home/fly2_ws/install/detect/share/detect
[3.216s] running install_egg_info
[3.220s] Copying ../../build/detect/detect.egg-info to /home/fly2_ws/install/detect/lib/python3.10/site-packages/detect-0.0.0-py3.10.egg-info
[3.223s] running install_scripts
[3.273s] Installing planb script to /home/fly2_ws/install/detect/lib/detect
[3.273s] Installing switchd script to /home/fly2_ws/install/detect/lib/detect
[3.275s] writing list of installed files to '/home/fly2_ws/build/detect/install.log'
[3.380s] Invoked command in '/home/fly2_ws/src/detect' returned '0': CMAKE_PREFIX_PATH=/home/fly2_ws/install/px4_msgs:/home/fly2_ws/fly2_ws/install/test_interface:/home/fly2_ws/fly2_ws/install/px4_msgs LD_LIBRARY_PATH=/home/fly2_ws/install/px4_msgs/lib:/home/fly2_ws/fly2_ws/install/test_interface/lib:/home/fly2_ws/fly2_ws/install/px4_msgs/lib:/opt/ros/humble/lib/aarch64-linux-gnu:/opt/ros/humble/lib:/usr/local/cuda/lib64 PYTHONPATH=/home/fly2_ws/build/detect/prefix_override:/usr/lib/python3/dist-packages/colcon_core/task/python/colcon_distutils_commands:/home/fly2_ws/install/detect/lib/python3.10/site-packages:${PYTHONPATH} /usr/bin/python3 -W ignore:setup.py install is deprecated -W ignore:easy_install command is deprecated setup.py egg_info --egg-base ../../build/detect build --build-base /home/fly2_ws/build/detect/build install --record /home/fly2_ws/build/detect/install.log --single-version-externally-managed install_data
