[1.472s] Invoking command in '/home/fly_ws/src/fly1': CMAKE_PREFIX_PATH=/home/fly_ws/install/px4_msgs:/home/fly_ws/install/test_interface LD_LIBRARY_PATH=/home/fly_ws/install/px4_msgs/lib:/home/fly_ws/install/test_interface/lib:/opt/ros/humble/lib/aarch64-linux-gnu:/opt/ros/humble/lib:/usr/local/cuda/lib64 PYTHONPATH=/home/fly_ws/build/control/prefix_override:/usr/lib/python3/dist-packages/colcon_core/task/python/colcon_distutils_commands:/home/fly_ws/install/control/lib/python3.10/site-packages:${PYTHONPATH} /usr/bin/python3 -W ignore:setup.py install is deprecated -W ignore:easy_install command is deprecated setup.py egg_info --egg-base ../../build/control build --build-base /home/fly_ws/build/control/build install --record /home/fly_ws/build/control/install.log --single-version-externally-managed install_data
[1.984s] running egg_info
[1.985s] writing ../../build/control/control.egg-info/PKG-INFO
[1.986s] writing dependency_links to ../../build/control/control.egg-info/dependency_links.txt
[1.986s] writing entry points to ../../build/control/control.egg-info/entry_points.txt
[1.986s] writing requirements to ../../build/control/control.egg-info/requires.txt
[1.987s] writing top-level names to ../../build/control/control.egg-info/top_level.txt
[1.991s] reading manifest file '../../build/control/control.egg-info/SOURCES.txt'
[1.992s] writing manifest file '../../build/control/control.egg-info/SOURCES.txt'
[1.993s] running build
[1.993s] running build_py
[1.994s] warning: build_py: byte-compiling is disabled, skipping.
[1.995s] 
[1.995s] running install
[1.995s] running install_lib
[1.997s] warning: install_lib: byte-compiling is disabled, skipping.
[1.998s] 
[1.998s] running install_data
[1.998s] running install_egg_info
[2.003s] removing '/home/fly_ws/install/control/lib/python3.10/site-packages/control-0.0.0-py3.10.egg-info' (and everything under it)
[2.003s] Copying ../../build/control/control.egg-info to /home/fly_ws/install/control/lib/python3.10/site-packages/control-0.0.0-py3.10.egg-info
[2.010s] running install_scripts
[2.052s] Installing fly script to /home/fly_ws/install/control/lib/control
[2.052s] Installing pub script to /home/fly_ws/install/control/lib/control
[2.054s] writing list of installed files to '/home/fly_ws/build/control/install.log'
[2.134s] Invoked command in '/home/fly_ws/src/fly1' returned '0': CMAKE_PREFIX_PATH=/home/fly_ws/install/px4_msgs:/home/fly_ws/install/test_interface LD_LIBRARY_PATH=/home/fly_ws/install/px4_msgs/lib:/home/fly_ws/install/test_interface/lib:/opt/ros/humble/lib/aarch64-linux-gnu:/opt/ros/humble/lib:/usr/local/cuda/lib64 PYTHONPATH=/home/fly_ws/build/control/prefix_override:/usr/lib/python3/dist-packages/colcon_core/task/python/colcon_distutils_commands:/home/fly_ws/install/control/lib/python3.10/site-packages:${PYTHONPATH} /usr/bin/python3 -W ignore:setup.py install is deprecated -W ignore:easy_install command is deprecated setup.py egg_info --egg-base ../../build/control build --build-base /home/fly_ws/build/control/build install --record /home/fly_ws/build/control/install.log --single-version-externally-managed install_data
