running egg_info
creating ../../build/control/control.egg-info
writing ../../build/control/control.egg-info/PKG-INFO
writing dependency_links to ../../build/control/control.egg-info/dependency_links.txt
writing entry points to ../../build/control/control.egg-info/entry_points.txt
writing requirements to ../../build/control/control.egg-info/requires.txt
writing top-level names to ../../build/control/control.egg-info/top_level.txt
writing manifest file '../../build/control/control.egg-info/SOURCES.txt'
reading manifest file '../../build/control/control.egg-info/SOURCES.txt'
writing manifest file '../../build/control/control.egg-info/SOURCES.txt'
running build
running build_py
creating /home/cqu/fly2/build/control/build
creating /home/cqu/fly2/build/control/build/lib
creating /home/cqu/fly2/build/control/build/lib/control
copying control/AlignmentChecker.py -> /home/cqu/fly2/build/control/build/lib/control
copying control/water_drop_mission_enhanced.py -> /home/cqu/fly2/build/control/build/lib/control
copying control/__init__.py -> /home/cqu/fly2/build/control/build/lib/control
copying control/DronePositionChecker.py -> /home/cqu/fly2/build/control/build/lib/control
copying control/ServoControl.py -> /home/cqu/fly2/build/control/build/lib/control
copying control/mode_change.py -> /home/cqu/fly2/build/control/build/lib/control
copying control/latest_single_drop.py -> /home/cqu/fly2/build/control/build/lib/control
running install
running install_lib
creating /home/cqu/fly2/install/control/lib/python3.10/site-packages/control
copying /home/cqu/fly2/build/control/build/lib/control/AlignmentChecker.py -> /home/cqu/fly2/install/control/lib/python3.10/site-packages/control
copying /home/cqu/fly2/build/control/build/lib/control/water_drop_mission_enhanced.py -> /home/cqu/fly2/install/control/lib/python3.10/site-packages/control
copying /home/cqu/fly2/build/control/build/lib/control/__init__.py -> /home/cqu/fly2/install/control/lib/python3.10/site-packages/control
copying /home/cqu/fly2/build/control/build/lib/control/DronePositionChecker.py -> /home/cqu/fly2/install/control/lib/python3.10/site-packages/control
copying /home/cqu/fly2/build/control/build/lib/control/ServoControl.py -> /home/cqu/fly2/install/control/lib/python3.10/site-packages/control
copying /home/cqu/fly2/build/control/build/lib/control/mode_change.py -> /home/cqu/fly2/install/control/lib/python3.10/site-packages/control
copying /home/cqu/fly2/build/control/build/lib/control/latest_single_drop.py -> /home/cqu/fly2/install/control/lib/python3.10/site-packages/control
byte-compiling /home/cqu/fly2/install/control/lib/python3.10/site-packages/control/AlignmentChecker.py to AlignmentChecker.cpython-310.pyc
byte-compiling /home/cqu/fly2/install/control/lib/python3.10/site-packages/control/water_drop_mission_enhanced.py to water_drop_mission_enhanced.cpython-310.pyc
byte-compiling /home/cqu/fly2/install/control/lib/python3.10/site-packages/control/__init__.py to __init__.cpython-310.pyc
byte-compiling /home/cqu/fly2/install/control/lib/python3.10/site-packages/control/DronePositionChecker.py to DronePositionChecker.cpython-310.pyc
byte-compiling /home/cqu/fly2/install/control/lib/python3.10/site-packages/control/ServoControl.py to ServoControl.cpython-310.pyc
byte-compiling /home/cqu/fly2/install/control/lib/python3.10/site-packages/control/mode_change.py to mode_change.cpython-310.pyc
byte-compiling /home/cqu/fly2/install/control/lib/python3.10/site-packages/control/latest_single_drop.py to latest_single_drop.cpython-310.pyc
running install_data
creating /home/cqu/fly2/install/control/share/ament_index
creating /home/cqu/fly2/install/control/share/ament_index/resource_index
creating /home/cqu/fly2/install/control/share/ament_index/resource_index/packages
copying resource/control -> /home/cqu/fly2/install/control/share/ament_index/resource_index/packages
copying package.xml -> /home/cqu/fly2/install/control/share/control
running install_egg_info
Copying ../../build/control/control.egg-info to /home/cqu/fly2/install/control/lib/python3.10/site-packages/control-0.0.0-py3.10.egg-info
running install_scripts
Installing water_drop_mission script to /home/cqu/fly2/install/control/lib/control
writing list of installed files to '/home/cqu/fly2/build/control/install.log'
