[0.546s] Invoking command in '/home/cqu/fly2/src/fly1': AMENT_PREFIX_PATH=/home/cqu/fly2/install/px4_msgs:${AMENT_PREFIX_PATH} CMAKE_PREFIX_PATH=/home/cqu/fly2/install/px4_msgs LD_LIBRARY_PATH=/home/cqu/fly2/install/px4_msgs/lib:${LD_LIBRARY_PATH} PYTHONPATH=/home/cqu/fly2/build/control/prefix_override:/usr/lib/python3/dist-packages/colcon_core/task/python/colcon_distutils_commands:/home/cqu/fly2/install/control/lib/python3.10/site-packages:/home/cqu/fly2/install/px4_msgs/local/lib/python3.10/dist-packages:${PYTHONPATH} /usr/bin/python3 -W ignore:setup.py install is deprecated -W ignore:easy_install command is deprecated setup.py egg_info --egg-base ../../build/control build --build-base /home/cqu/fly2/build/control/build install --record /home/cqu/fly2/build/control/install.log --single-version-externally-managed install_data
[0.661s] running egg_info
[0.661s] creating ../../build/control/control.egg-info
[0.661s] writing ../../build/control/control.egg-info/PKG-INFO
[0.661s] writing dependency_links to ../../build/control/control.egg-info/dependency_links.txt
[0.661s] writing entry points to ../../build/control/control.egg-info/entry_points.txt
[0.662s] writing requirements to ../../build/control/control.egg-info/requires.txt
[0.662s] writing top-level names to ../../build/control/control.egg-info/top_level.txt
[0.662s] writing manifest file '../../build/control/control.egg-info/SOURCES.txt'
[0.662s] reading manifest file '../../build/control/control.egg-info/SOURCES.txt'
[0.663s] writing manifest file '../../build/control/control.egg-info/SOURCES.txt'
[0.663s] running build
[0.663s] running build_py
[0.663s] creating /home/cqu/fly2/build/control/build
[0.663s] creating /home/cqu/fly2/build/control/build/lib
[0.663s] creating /home/cqu/fly2/build/control/build/lib/control
[0.663s] copying control/AlignmentChecker.py -> /home/cqu/fly2/build/control/build/lib/control
[0.664s] copying control/water_drop_mission_enhanced.py -> /home/cqu/fly2/build/control/build/lib/control
[0.664s] copying control/__init__.py -> /home/cqu/fly2/build/control/build/lib/control
[0.664s] copying control/DronePositionChecker.py -> /home/cqu/fly2/build/control/build/lib/control
[0.664s] copying control/ServoControl.py -> /home/cqu/fly2/build/control/build/lib/control
[0.664s] copying control/mode_change.py -> /home/cqu/fly2/build/control/build/lib/control
[0.664s] copying control/latest_single_drop.py -> /home/cqu/fly2/build/control/build/lib/control
[0.664s] running install
[0.665s] running install_lib
[0.665s] creating /home/cqu/fly2/install/control/lib/python3.10/site-packages/control
[0.665s] copying /home/cqu/fly2/build/control/build/lib/control/AlignmentChecker.py -> /home/cqu/fly2/install/control/lib/python3.10/site-packages/control
[0.666s] copying /home/cqu/fly2/build/control/build/lib/control/water_drop_mission_enhanced.py -> /home/cqu/fly2/install/control/lib/python3.10/site-packages/control
[0.666s] copying /home/cqu/fly2/build/control/build/lib/control/__init__.py -> /home/cqu/fly2/install/control/lib/python3.10/site-packages/control
[0.666s] copying /home/cqu/fly2/build/control/build/lib/control/DronePositionChecker.py -> /home/cqu/fly2/install/control/lib/python3.10/site-packages/control
[0.666s] copying /home/cqu/fly2/build/control/build/lib/control/ServoControl.py -> /home/cqu/fly2/install/control/lib/python3.10/site-packages/control
[0.666s] copying /home/cqu/fly2/build/control/build/lib/control/mode_change.py -> /home/cqu/fly2/install/control/lib/python3.10/site-packages/control
[0.666s] copying /home/cqu/fly2/build/control/build/lib/control/latest_single_drop.py -> /home/cqu/fly2/install/control/lib/python3.10/site-packages/control
[0.666s] byte-compiling /home/cqu/fly2/install/control/lib/python3.10/site-packages/control/AlignmentChecker.py to AlignmentChecker.cpython-310.pyc
[0.666s] byte-compiling /home/cqu/fly2/install/control/lib/python3.10/site-packages/control/water_drop_mission_enhanced.py to water_drop_mission_enhanced.cpython-310.pyc
[0.668s] byte-compiling /home/cqu/fly2/install/control/lib/python3.10/site-packages/control/__init__.py to __init__.cpython-310.pyc
[0.668s] byte-compiling /home/cqu/fly2/install/control/lib/python3.10/site-packages/control/DronePositionChecker.py to DronePositionChecker.cpython-310.pyc
[0.668s] byte-compiling /home/cqu/fly2/install/control/lib/python3.10/site-packages/control/ServoControl.py to ServoControl.cpython-310.pyc
[0.668s] byte-compiling /home/cqu/fly2/install/control/lib/python3.10/site-packages/control/mode_change.py to mode_change.cpython-310.pyc
[0.668s] byte-compiling /home/cqu/fly2/install/control/lib/python3.10/site-packages/control/latest_single_drop.py to latest_single_drop.cpython-310.pyc
[0.670s] running install_data
[0.670s] creating /home/cqu/fly2/install/control/share/ament_index
[0.670s] creating /home/cqu/fly2/install/control/share/ament_index/resource_index
[0.670s] creating /home/cqu/fly2/install/control/share/ament_index/resource_index/packages
[0.670s] copying resource/control -> /home/cqu/fly2/install/control/share/ament_index/resource_index/packages
[0.670s] copying package.xml -> /home/cqu/fly2/install/control/share/control
[0.670s] running install_egg_info
[0.671s] Copying ../../build/control/control.egg-info to /home/cqu/fly2/install/control/lib/python3.10/site-packages/control-0.0.0-py3.10.egg-info
[0.671s] running install_scripts
[0.683s] Installing water_drop_mission script to /home/cqu/fly2/install/control/lib/control
[0.683s] writing list of installed files to '/home/cqu/fly2/build/control/install.log'
[0.701s] Invoked command in '/home/cqu/fly2/src/fly1' returned '0': AMENT_PREFIX_PATH=/home/cqu/fly2/install/px4_msgs:${AMENT_PREFIX_PATH} CMAKE_PREFIX_PATH=/home/cqu/fly2/install/px4_msgs LD_LIBRARY_PATH=/home/cqu/fly2/install/px4_msgs/lib:${LD_LIBRARY_PATH} PYTHONPATH=/home/cqu/fly2/build/control/prefix_override:/usr/lib/python3/dist-packages/colcon_core/task/python/colcon_distutils_commands:/home/cqu/fly2/install/control/lib/python3.10/site-packages:/home/cqu/fly2/install/px4_msgs/local/lib/python3.10/dist-packages:${PYTHONPATH} /usr/bin/python3 -W ignore:setup.py install is deprecated -W ignore:easy_install command is deprecated setup.py egg_info --egg-base ../../build/control build --build-base /home/cqu/fly2/build/control/build install --record /home/cqu/fly2/build/control/install.log --single-version-externally-managed install_data
