[2.773s] Invoking command in '/home/fly2_ws/src/barrel_manager': CMAKE_PREFIX_PATH=/home/fly2_ws/install/px4_msgs:/home/fly2_ws/fly2_ws/install/test_interface:/home/fly2_ws/fly2_ws/install/px4_msgs LD_LIBRARY_PATH=/home/fly2_ws/install/px4_msgs/lib:/home/fly2_ws/fly2_ws/install/test_interface/lib:/home/fly2_ws/fly2_ws/install/px4_msgs/lib:/opt/ros/humble/lib/aarch64-linux-gnu:/opt/ros/humble/lib:/usr/local/cuda/lib64 PYTHONPATH=/home/fly2_ws/build/barrel_manager/prefix_override:/usr/lib/python3/dist-packages/colcon_core/task/python/colcon_distutils_commands:/home/fly2_ws/install/barrel_manager/lib/python3.10/site-packages:${PYTHONPATH} /usr/bin/python3 -W ignore:setup.py install is deprecated -W ignore:easy_install command is deprecated setup.py egg_info --egg-base ../../build/barrel_manager build --build-base /home/fly2_ws/build/barrel_manager/build install --record /home/fly2_ws/build/barrel_manager/install.log --single-version-externally-managed install_data
[3.279s] running egg_info
[3.280s] writing ../../build/barrel_manager/barrel_manager.egg-info/PKG-INFO
[3.281s] writing dependency_links to ../../build/barrel_manager/barrel_manager.egg-info/dependency_links.txt
[3.281s] writing entry points to ../../build/barrel_manager/barrel_manager.egg-info/entry_points.txt
[3.282s] writing requirements to ../../build/barrel_manager/barrel_manager.egg-info/requires.txt
[3.282s] writing top-level names to ../../build/barrel_manager/barrel_manager.egg-info/top_level.txt
[3.287s] reading manifest file '../../build/barrel_manager/barrel_manager.egg-info/SOURCES.txt'
[3.290s] warning: build_py: byte-compiling is disabled, skipping.
[3.290s] 
[3.293s] writing manifest file '../../build/barrel_manager/barrel_manager.egg-info/SOURCES.txt'
[3.294s] running build
[3.294s] running build_py
[3.295s] running install
[3.295s] running install_lib
[3.295s] running install_data
[3.295s] running install_egg_info
[3.295s] warning: install_lib: byte-compiling is disabled, skipping.
[3.296s] 
[3.300s] removing '/home/fly2_ws/install/barrel_manager/lib/python3.10/site-packages/barrel_manager-0.0.0-py3.10.egg-info' (and everything under it)
[3.300s] Copying ../../build/barrel_manager/barrel_manager.egg-info to /home/fly2_ws/install/barrel_manager/lib/python3.10/site-packages/barrel_manager-0.0.0-py3.10.egg-info
[3.308s] running install_scripts
[3.356s] Installing barrel_manager script to /home/fly2_ws/install/barrel_manager/lib/barrel_manager
[3.357s] writing list of installed files to '/home/fly2_ws/build/barrel_manager/install.log'
[3.468s] Invoked command in '/home/fly2_ws/src/barrel_manager' returned '0': CMAKE_PREFIX_PATH=/home/fly2_ws/install/px4_msgs:/home/fly2_ws/fly2_ws/install/test_interface:/home/fly2_ws/fly2_ws/install/px4_msgs LD_LIBRARY_PATH=/home/fly2_ws/install/px4_msgs/lib:/home/fly2_ws/fly2_ws/install/test_interface/lib:/home/fly2_ws/fly2_ws/install/px4_msgs/lib:/opt/ros/humble/lib/aarch64-linux-gnu:/opt/ros/humble/lib:/usr/local/cuda/lib64 PYTHONPATH=/home/fly2_ws/build/barrel_manager/prefix_override:/usr/lib/python3/dist-packages/colcon_core/task/python/colcon_distutils_commands:/home/fly2_ws/install/barrel_manager/lib/python3.10/site-packages:${PYTHONPATH} /usr/bin/python3 -W ignore:setup.py install is deprecated -W ignore:easy_install command is deprecated setup.py egg_info --egg-base ../../build/barrel_manager build --build-base /home/fly2_ws/build/barrel_manager/build install --record /home/fly2_ws/build/barrel_manager/install.log --single-version-externally-managed install_data
