/home/cqu/fly2/install/detect/lib/python3.10/site-packages/detect/switchd.py
/home/cqu/fly2/install/detect/lib/python3.10/site-packages/detect/__init__.py
/home/cqu/fly2/install/detect/lib/python3.10/site-packages/detect/barrel_manager_node.py
/home/cqu/fly2/install/detect/lib/python3.10/site-packages/detect/planb.py
/home/cqu/fly2/install/detect/lib/python3.10/site-packages/detect/__pycache__/switchd.cpython-310.pyc
/home/cqu/fly2/install/detect/lib/python3.10/site-packages/detect/__pycache__/__init__.cpython-310.pyc
/home/cqu/fly2/install/detect/lib/python3.10/site-packages/detect/__pycache__/barrel_manager_node.cpython-310.pyc
/home/cqu/fly2/install/detect/lib/python3.10/site-packages/detect/__pycache__/planb.cpython-310.pyc
/home/cqu/fly2/install/detect/share/ament_index/resource_index/packages/detect
/home/cqu/fly2/install/detect/share/detect/package.xml
/home/cqu/fly2/install/detect/lib/python3.10/site-packages/detect-0.0.0-py3.10.egg-info/PKG-INFO
/home/cqu/fly2/install/detect/lib/python3.10/site-packages/detect-0.0.0-py3.10.egg-info/SOURCES.txt
/home/cqu/fly2/install/detect/lib/python3.10/site-packages/detect-0.0.0-py3.10.egg-info/top_level.txt
/home/cqu/fly2/install/detect/lib/python3.10/site-packages/detect-0.0.0-py3.10.egg-info/zip-safe
/home/cqu/fly2/install/detect/lib/python3.10/site-packages/detect-0.0.0-py3.10.egg-info/dependency_links.txt
/home/cqu/fly2/install/detect/lib/python3.10/site-packages/detect-0.0.0-py3.10.egg-info/entry_points.txt
/home/cqu/fly2/install/detect/lib/python3.10/site-packages/detect-0.0.0-py3.10.egg-info/requires.txt
/home/cqu/fly2/install/detect/lib/detect/barrel_manager
/home/cqu/fly2/install/detect/lib/detect/planb
/home/cqu/fly2/install/detect/lib/detect/switchd
