[1.519s] Invoking command in '/home/fly_ws/src/detect': LD_LIBRARY_PATH=/home/fly_ws/install/test_interface/lib:/home/fly_ws/install/px4_msgs/lib:/opt/ros/humble/lib/aarch64-linux-gnu:/opt/ros/humble/lib:/usr/local/cuda/lib64 PYTHONPATH=/home/fly_ws/build/detect/prefix_override:/usr/lib/python3/dist-packages/colcon_core/task/python/colcon_distutils_commands:/home/fly_ws/install/detect/lib/python3.10/site-packages:${PYTHONPATH} /usr/bin/python3 -W ignore:setup.py install is deprecated -W ignore:easy_install command is deprecated setup.py egg_info --egg-base ../../build/detect build --build-base /home/fly_ws/build/detect/build install --record /home/fly_ws/build/detect/install.log --single-version-externally-managed install_data
[2.050s] running egg_info
[2.051s] creating ../../build/detect/detect.egg-info
[2.052s] writing ../../build/detect/detect.egg-info/PKG-INFO
[2.053s] writing dependency_links to ../../build/detect/detect.egg-info/dependency_links.txt
[2.053s] writing entry points to ../../build/detect/detect.egg-info/entry_points.txt
[2.053s] writing requirements to ../../build/detect/detect.egg-info/requires.txt
[2.054s] writing top-level names to ../../build/detect/detect.egg-info/top_level.txt
[2.054s] writing manifest file '../../build/detect/detect.egg-info/SOURCES.txt'
[2.058s] reading manifest file '../../build/detect/detect.egg-info/SOURCES.txt'
[2.060s] writing manifest file '../../build/detect/detect.egg-info/SOURCES.txt'
[2.060s] running build
[2.060s] running build_py
[2.061s] creating /home/fly_ws/build/detect/build
[2.061s] creating /home/fly_ws/build/detect/build/lib
[2.061s] creating /home/fly_ws/build/detect/build/lib/detect
[2.061s] copying detect/__init__.py -> /home/fly_ws/build/detect/build/lib/detect
[2.062s] copying detect/detect_ros.py -> /home/fly_ws/build/detect/build/lib/detect
[2.062s] copying detect/state_machine.py -> /home/fly_ws/build/detect/build/lib/detect
[2.063s] copying detect/without_depth.py -> /home/fly_ws/build/detect/build/lib/detect
[2.064s] copying detect/bucket_filter.py -> /home/fly_ws/build/detect/build/lib/detect
[2.064s] running install
[2.064s] warning: build_py: byte-compiling is disabled, skipping.
[2.065s] 
[2.065s] running install_lib
[2.067s] creating /home/fly_ws/install/detect/lib/python3.10/site-packages/detect
[2.067s] copying /home/fly_ws/build/detect/build/lib/detect/bucket_filter.py -> /home/fly_ws/install/detect/lib/python3.10/site-packages/detect
[2.067s] copying /home/fly_ws/build/detect/build/lib/detect/without_depth.py -> /home/fly_ws/install/detect/lib/python3.10/site-packages/detect
[2.068s] copying /home/fly_ws/build/detect/build/lib/detect/__init__.py -> /home/fly_ws/install/detect/lib/python3.10/site-packages/detect
[2.068s] copying /home/fly_ws/build/detect/build/lib/detect/detect_ros.py -> /home/fly_ws/install/detect/lib/python3.10/site-packages/detect
[2.068s] copying /home/fly_ws/build/detect/build/lib/detect/state_machine.py -> /home/fly_ws/install/detect/lib/python3.10/site-packages/detect
[2.069s] warning: install_lib: byte-compiling is disabled, skipping.
[2.069s] 
[2.069s] running install_data
[2.069s] creating /home/fly_ws/install/detect/share/ament_index
[2.070s] creating /home/fly_ws/install/detect/share/ament_index/resource_index
[2.070s] creating /home/fly_ws/install/detect/share/ament_index/resource_index/packages
[2.070s] copying resource/detect -> /home/fly_ws/install/detect/share/ament_index/resource_index/packages
[2.070s] copying package.xml -> /home/fly_ws/install/detect/share/detect
[2.070s] running install_egg_info
[2.074s] Copying ../../build/detect/detect.egg-info to /home/fly_ws/install/detect/lib/python3.10/site-packages/detect-0.0.0-py3.10.egg-info
[2.077s] running install_scripts
[2.121s] Installing detect script to /home/fly_ws/install/detect/lib/detect
[2.121s] Installing filter script to /home/fly_ws/install/detect/lib/detect
[2.123s] Installing test script to /home/fly_ws/install/detect/lib/detect
[2.124s] Installing without script to /home/fly_ws/install/detect/lib/detect
[2.124s] writing list of installed files to '/home/fly_ws/build/detect/install.log'
[2.216s] Invoked command in '/home/fly_ws/src/detect' returned '0': LD_LIBRARY_PATH=/home/fly_ws/install/test_interface/lib:/home/fly_ws/install/px4_msgs/lib:/opt/ros/humble/lib/aarch64-linux-gnu:/opt/ros/humble/lib:/usr/local/cuda/lib64 PYTHONPATH=/home/fly_ws/build/detect/prefix_override:/usr/lib/python3/dist-packages/colcon_core/task/python/colcon_distutils_commands:/home/fly_ws/install/detect/lib/python3.10/site-packages:${PYTHONPATH} /usr/bin/python3 -W ignore:setup.py install is deprecated -W ignore:easy_install command is deprecated setup.py egg_info --egg-base ../../build/detect build --build-base /home/fly_ws/build/detect/build install --record /home/fly_ws/build/detect/install.log --single-version-externally-managed install_data
