[0.322s] [34mcolcon[0m [1;30mDEBUG[0m [32mCommand line arguments: ['/usr/bin/colcon', 'build'][0m
[0.322s] [34mcolcon[0m [1;30mDEBUG[0m [32mParsed command line arguments: Namespace(log_base=None, log_level=None, verb_name='build', build_base='build', install_base='install', merge_install=False, symlink_install=False, test_result_base=None, continue_on_error=False, executor='parallel', parallel_workers=6, event_handlers=None, ignore_user_meta=False, metas=['./colcon.meta'], base_paths=['.'], packages_ignore=None, packages_ignore_regex=None, paths=None, packages_up_to=None, packages_up_to_regex=None, packages_above=None, packages_above_and_dependencies=None, packages_above_depth=None, packages_select_by_dep=None, packages_skip_by_dep=None, packages_skip_up_to=None, packages_select_build_failed=False, packages_skip_build_finished=False, packages_select_test_failures=False, packages_skip_test_passed=False, packages_select=None, packages_skip=None, packages_select_regex=None, packages_skip_regex=None, packages_start=None, packages_end=None, allow_overriding=[], cmake_args=None, cmake_target=None, cmake_target_skip_unavailable=False, cmake_clean_cache=False, cmake_clean_first=False, cmake_force_configure=False, ament_cmake_args=None, catkin_cmake_args=None, catkin_skip_building_tests=False, verb_parser=<colcon_defaults.argument_parser.defaults.DefaultArgumentsDecorator object at 0xffffad7ab370>, verb_extension=<colcon_core.verb.build.BuildVerb object at 0xffffad72ad40>, main=<bound method BuildVerb.main of <colcon_core.verb.build.BuildVerb object at 0xffffad72ad40>>)[0m
[0.629s] [34mcolcon.colcon_core.package_discovery[0m [1;30mLevel 1[0m discover_packages(colcon_meta) check parameters
[0.629s] [34mcolcon.colcon_core.package_discovery[0m [1;30mLevel 1[0m discover_packages(recursive) check parameters
[0.629s] [34mcolcon.colcon_core.package_discovery[0m [1;30mLevel 1[0m discover_packages(ignore) check parameters
[0.629s] [34mcolcon.colcon_core.package_discovery[0m [1;30mLevel 1[0m discover_packages(path) check parameters
[0.630s] [34mcolcon.colcon_core.package_discovery[0m [1;30mLevel 1[0m discover_packages(colcon_meta) discover
[0.630s] [34mcolcon.colcon_core.package_discovery[0m [1;30mLevel 1[0m discover_packages(recursive) discover
[0.630s] [34mcolcon.colcon_core.package_discovery[0m [1;30mINFO[0m Crawling recursively for packages in '/home/fly2_ws'
[0.630s] [34mcolcon.colcon_core.package_identification[0m [1;30mLevel 1[0m _identify(.) by extensions ['ignore', 'ignore_ament_install']
[0.630s] [34mcolcon.colcon_core.package_identification[0m [1;30mLevel 1[0m _identify(.) by extension 'ignore'
[0.630s] [34mcolcon.colcon_core.package_identification[0m [1;30mLevel 1[0m _identify(.) by extension 'ignore_ament_install'
[0.630s] [34mcolcon.colcon_core.package_identification[0m [1;30mLevel 1[0m _identify(.) by extensions ['colcon_pkg']
[0.631s] [34mcolcon.colcon_core.package_identification[0m [1;30mLevel 1[0m _identify(.) by extension 'colcon_pkg'
[0.631s] [34mcolcon.colcon_core.package_identification[0m [1;30mLevel 1[0m _identify(.) by extensions ['colcon_meta']
[0.631s] [34mcolcon.colcon_core.package_identification[0m [1;30mLevel 1[0m _identify(.) by extension 'colcon_meta'
[0.631s] [34mcolcon.colcon_core.package_identification[0m [1;30mLevel 1[0m _identify(.) by extensions ['ros']
[0.631s] [34mcolcon.colcon_core.package_identification[0m [1;30mLevel 1[0m _identify(.) by extension 'ros'
[0.775s] [34mcolcon.colcon_core.package_identification[0m [1;30mLevel 1[0m _identify(.) by extensions ['cmake', 'python']
[0.775s] [34mcolcon.colcon_core.package_identification[0m [1;30mLevel 1[0m _identify(.) by extension 'cmake'
[0.775s] [34mcolcon.colcon_core.package_identification[0m [1;30mLevel 1[0m _identify(.) by extension 'python'
[0.776s] [34mcolcon.colcon_core.package_identification[0m [1;30mLevel 1[0m _identify(.) by extensions ['python_setup_py']
[0.776s] [34mcolcon.colcon_core.package_identification[0m [1;30mLevel 1[0m _identify(.) by extension 'python_setup_py'
[0.776s] [34mcolcon.colcon_core.package_identification[0m [1;30mLevel 1[0m _identify(build) by extensions ['ignore', 'ignore_ament_install']
[0.776s] [34mcolcon.colcon_core.package_identification[0m [1;30mLevel 1[0m _identify(build) by extension 'ignore'
[0.776s] [34mcolcon.colcon_core.package_identification[0m [1;30mLevel 1[0m _identify(build) ignored
[0.777s] [34mcolcon.colcon_core.package_identification[0m [1;30mLevel 1[0m _identify(install) by extensions ['ignore', 'ignore_ament_install']
[0.777s] [34mcolcon.colcon_core.package_identification[0m [1;30mLevel 1[0m _identify(install) by extension 'ignore'
[0.777s] [34mcolcon.colcon_core.package_identification[0m [1;30mLevel 1[0m _identify(install) ignored
[0.777s] [34mcolcon.colcon_core.package_identification[0m [1;30mLevel 1[0m _identify(log) by extensions ['ignore', 'ignore_ament_install']
[0.777s] [34mcolcon.colcon_core.package_identification[0m [1;30mLevel 1[0m _identify(log) by extension 'ignore'
[0.777s] [34mcolcon.colcon_core.package_identification[0m [1;30mLevel 1[0m _identify(log) ignored
[0.777s] [34mcolcon.colcon_core.package_identification[0m [1;30mLevel 1[0m _identify(src) by extensions ['ignore', 'ignore_ament_install']
[0.778s] [34mcolcon.colcon_core.package_identification[0m [1;30mLevel 1[0m _identify(src) by extension 'ignore'
[0.778s] [34mcolcon.colcon_core.package_identification[0m [1;30mLevel 1[0m _identify(src) by extension 'ignore_ament_install'
[0.778s] [34mcolcon.colcon_core.package_identification[0m [1;30mLevel 1[0m _identify(src) by extensions ['colcon_pkg']
[0.778s] [34mcolcon.colcon_core.package_identification[0m [1;30mLevel 1[0m _identify(src) by extension 'colcon_pkg'
[0.778s] [34mcolcon.colcon_core.package_identification[0m [1;30mLevel 1[0m _identify(src) by extensions ['colcon_meta']
[0.778s] [34mcolcon.colcon_core.package_identification[0m [1;30mLevel 1[0m _identify(src) by extension 'colcon_meta'
[0.778s] [34mcolcon.colcon_core.package_identification[0m [1;30mLevel 1[0m _identify(src) by extensions ['ros']
[0.778s] [34mcolcon.colcon_core.package_identification[0m [1;30mLevel 1[0m _identify(src) by extension 'ros'
[0.778s] [34mcolcon.colcon_core.package_identification[0m [1;30mLevel 1[0m _identify(src) by extensions ['cmake', 'python']
[0.778s] [34mcolcon.colcon_core.package_identification[0m [1;30mLevel 1[0m _identify(src) by extension 'cmake'
[0.779s] [34mcolcon.colcon_core.package_identification[0m [1;30mLevel 1[0m _identify(src) by extension 'python'
[0.779s] [34mcolcon.colcon_core.package_identification[0m [1;30mLevel 1[0m _identify(src) by extensions ['python_setup_py']
[0.779s] [34mcolcon.colcon_core.package_identification[0m [1;30mLevel 1[0m _identify(src) by extension 'python_setup_py'
[0.779s] [34mcolcon.colcon_core.package_identification[0m [1;30mLevel 1[0m _identify(src/barrel_manager) by extensions ['ignore', 'ignore_ament_install']
[0.779s] [34mcolcon.colcon_core.package_identification[0m [1;30mLevel 1[0m _identify(src/barrel_manager) by extension 'ignore'
[0.779s] [34mcolcon.colcon_core.package_identification[0m [1;30mLevel 1[0m _identify(src/barrel_manager) by extension 'ignore_ament_install'
[0.779s] [34mcolcon.colcon_core.package_identification[0m [1;30mLevel 1[0m _identify(src/barrel_manager) by extensions ['colcon_pkg']
[0.779s] [34mcolcon.colcon_core.package_identification[0m [1;30mLevel 1[0m _identify(src/barrel_manager) by extension 'colcon_pkg'
[0.779s] [34mcolcon.colcon_core.package_identification[0m [1;30mLevel 1[0m _identify(src/barrel_manager) by extensions ['colcon_meta']
[0.780s] [34mcolcon.colcon_core.package_identification[0m [1;30mLevel 1[0m _identify(src/barrel_manager) by extension 'colcon_meta'
[0.780s] [34mcolcon.colcon_core.package_identification[0m [1;30mLevel 1[0m _identify(src/barrel_manager) by extensions ['ros']
[0.780s] [34mcolcon.colcon_core.package_identification[0m [1;30mLevel 1[0m _identify(src/barrel_manager) by extension 'ros'
[0.785s] [34mcolcon.colcon_core.package_identification[0m [1;30mDEBUG[0m [32mPackage 'src/barrel_manager' with type 'ros.ament_python' and name 'barrel_manager'[0m
[0.785s] [34mcolcon.colcon_core.package_identification[0m [1;30mLevel 1[0m _identify(src/detect) by extensions ['ignore', 'ignore_ament_install']
[0.785s] [34mcolcon.colcon_core.package_identification[0m [1;30mLevel 1[0m _identify(src/detect) by extension 'ignore'
[0.785s] [34mcolcon.colcon_core.package_identification[0m [1;30mLevel 1[0m _identify(src/detect) by extension 'ignore_ament_install'
[0.786s] [34mcolcon.colcon_core.package_identification[0m [1;30mLevel 1[0m _identify(src/detect) by extensions ['colcon_pkg']
[0.786s] [34mcolcon.colcon_core.package_identification[0m [1;30mLevel 1[0m _identify(src/detect) by extension 'colcon_pkg'
[0.786s] [34mcolcon.colcon_core.package_identification[0m [1;30mLevel 1[0m _identify(src/detect) by extensions ['colcon_meta']
[0.786s] [34mcolcon.colcon_core.package_identification[0m [1;30mLevel 1[0m _identify(src/detect) by extension 'colcon_meta'
[0.786s] [34mcolcon.colcon_core.package_identification[0m [1;30mLevel 1[0m _identify(src/detect) by extensions ['ros']
[0.786s] [34mcolcon.colcon_core.package_identification[0m [1;30mLevel 1[0m _identify(src/detect) by extension 'ros'
[0.787s] [34mcolcon.colcon_core.package_identification[0m [1;30mDEBUG[0m [32mPackage 'src/detect' with type 'ros.ament_python' and name 'detect'[0m
[0.787s] [34mcolcon.colcon_core.package_identification[0m [1;30mLevel 1[0m _identify(src/fly1) by extensions ['ignore', 'ignore_ament_install']
[0.787s] [34mcolcon.colcon_core.package_identification[0m [1;30mLevel 1[0m _identify(src/fly1) by extension 'ignore'
[0.788s] [34mcolcon.colcon_core.package_identification[0m [1;30mLevel 1[0m _identify(src/fly1) by extension 'ignore_ament_install'
[0.788s] [34mcolcon.colcon_core.package_identification[0m [1;30mLevel 1[0m _identify(src/fly1) by extensions ['colcon_pkg']
[0.788s] [34mcolcon.colcon_core.package_identification[0m [1;30mLevel 1[0m _identify(src/fly1) by extension 'colcon_pkg'
[0.788s] [34mcolcon.colcon_core.package_identification[0m [1;30mLevel 1[0m _identify(src/fly1) by extensions ['colcon_meta']
[0.788s] [34mcolcon.colcon_core.package_identification[0m [1;30mLevel 1[0m _identify(src/fly1) by extension 'colcon_meta'
[0.788s] [34mcolcon.colcon_core.package_identification[0m [1;30mLevel 1[0m _identify(src/fly1) by extensions ['ros']
[0.788s] [34mcolcon.colcon_core.package_identification[0m [1;30mLevel 1[0m _identify(src/fly1) by extension 'ros'
[0.789s] [34mcolcon.colcon_core.package_identification[0m [1;30mDEBUG[0m [32mPackage 'src/fly1' with type 'ros.ament_python' and name 'control'[0m
[0.789s] [34mcolcon.colcon_core.package_identification[0m [1;30mLevel 1[0m _identify(src/px4_msgs) by extensions ['ignore', 'ignore_ament_install']
[0.789s] [34mcolcon.colcon_core.package_identification[0m [1;30mLevel 1[0m _identify(src/px4_msgs) by extension 'ignore'
[0.790s] [34mcolcon.colcon_core.package_identification[0m [1;30mLevel 1[0m _identify(src/px4_msgs) by extension 'ignore_ament_install'
[0.790s] [34mcolcon.colcon_core.package_identification[0m [1;30mLevel 1[0m _identify(src/px4_msgs) by extensions ['colcon_pkg']
[0.790s] [34mcolcon.colcon_core.package_identification[0m [1;30mLevel 1[0m _identify(src/px4_msgs) by extension 'colcon_pkg'
[0.790s] [34mcolcon.colcon_core.package_identification[0m [1;30mLevel 1[0m _identify(src/px4_msgs) by extensions ['colcon_meta']
[0.790s] [34mcolcon.colcon_core.package_identification[0m [1;30mLevel 1[0m _identify(src/px4_msgs) by extension 'colcon_meta'
[0.790s] [34mcolcon.colcon_core.package_identification[0m [1;30mLevel 1[0m _identify(src/px4_msgs) by extensions ['ros']
[0.790s] [34mcolcon.colcon_core.package_identification[0m [1;30mLevel 1[0m _identify(src/px4_msgs) by extension 'ros'
[0.791s] [34mcolcon.colcon_core.package_identification[0m [1;30mDEBUG[0m [32mPackage 'src/px4_msgs' with type 'ros.ament_cmake' and name 'px4_msgs'[0m
[0.791s] [34mcolcon.colcon_core.package_discovery[0m [1;30mLevel 1[0m discover_packages(recursive) using defaults
[0.792s] [34mcolcon.colcon_core.package_discovery[0m [1;30mLevel 1[0m discover_packages(ignore) discover
[0.792s] [34mcolcon.colcon_core.package_discovery[0m [1;30mLevel 1[0m discover_packages(ignore) using defaults
[0.792s] [34mcolcon.colcon_core.package_discovery[0m [1;30mLevel 1[0m discover_packages(path) discover
[0.792s] [34mcolcon.colcon_core.package_discovery[0m [1;30mLevel 1[0m discover_packages(path) using defaults
[0.826s] [34mcolcon.colcon_core.package_discovery[0m [1;30mLevel 1[0m discover_packages(prefix_path) check parameters
[0.826s] [34mcolcon.colcon_core.package_discovery[0m [1;30mLevel 1[0m discover_packages(prefix_path) discover
[0.828s] [34mcolcon.colcon_core.prefix_path.colcon[0m [1;30mWARNING[0m [33mThe path '/home/fly2_ws/fly2_ws/install' in the environment variable COLCON_PREFIX_PATH doesn't exist[0m
[0.828s] [34mcolcon.colcon_ros.prefix_path.ament[0m [1;30mWARNING[0m [33mThe path '/home/fly2_ws/fly2_ws/install/test_interface' in the environment variable AMENT_PREFIX_PATH doesn't exist[0m
[0.829s] [34mcolcon.colcon_ros.prefix_path.ament[0m [1;30mWARNING[0m [33mThe path '/home/fly2_ws/fly2_ws/install/detect' in the environment variable AMENT_PREFIX_PATH doesn't exist[0m
[0.829s] [34mcolcon.colcon_ros.prefix_path.ament[0m [1;30mWARNING[0m [33mThe path '/home/fly2_ws/fly2_ws/install/control' in the environment variable AMENT_PREFIX_PATH doesn't exist[0m
[0.829s] [34mcolcon.colcon_ros.prefix_path.ament[0m [1;30mWARNING[0m [33mThe path '/home/fly2_ws/fly2_ws/install/barrel_manager' in the environment variable AMENT_PREFIX_PATH doesn't exist[0m
[0.829s] [34mcolcon.colcon_ros.prefix_path.ament[0m [1;30mWARNING[0m [33mThe path '/home/fly2_ws/fly2_ws/install/px4_msgs' in the environment variable AMENT_PREFIX_PATH doesn't exist[0m
[0.830s] [34mcolcon.colcon_ros.prefix_path.catkin[0m [1;30mWARNING[0m [33mThe path '/home/fly2_ws/fly2_ws/install/test_interface' in the environment variable CMAKE_PREFIX_PATH doesn't exist[0m
[0.830s] [34mcolcon.colcon_ros.prefix_path.catkin[0m [1;30mWARNING[0m [33mThe path '/home/fly2_ws/fly2_ws/install/px4_msgs' in the environment variable CMAKE_PREFIX_PATH doesn't exist[0m
[0.831s] [34mcolcon.colcon_installed_package_information.package_discovery[0m [1;30mDEBUG[0m [32mFound 4 installed packages in /home/fly2_ws/install[0m
[0.833s] [34mcolcon.colcon_installed_package_information.package_discovery[0m [1;30mDEBUG[0m [32mFound 189 installed packages in /opt/ros/humble[0m
[0.835s] [34mcolcon.colcon_core.package_discovery[0m [1;30mLevel 1[0m discover_packages(prefix_path) using defaults
[0.884s] [34mcolcon.colcon_core.verb[0m [1;30mLevel 5[0m set package 'px4_msgs' build argument 'cmake_args' from command line to 'None'
[0.884s] [34mcolcon.colcon_core.verb[0m [1;30mLevel 5[0m set package 'px4_msgs' build argument 'cmake_target' from command line to 'None'
[0.884s] [34mcolcon.colcon_core.verb[0m [1;30mLevel 5[0m set package 'px4_msgs' build argument 'cmake_target_skip_unavailable' from command line to 'False'
[0.884s] [34mcolcon.colcon_core.verb[0m [1;30mLevel 5[0m set package 'px4_msgs' build argument 'cmake_clean_cache' from command line to 'False'
[0.885s] [34mcolcon.colcon_core.verb[0m [1;30mLevel 5[0m set package 'px4_msgs' build argument 'cmake_clean_first' from command line to 'False'
[0.885s] [34mcolcon.colcon_core.verb[0m [1;30mLevel 5[0m set package 'px4_msgs' build argument 'cmake_force_configure' from command line to 'False'
[0.885s] [34mcolcon.colcon_core.verb[0m [1;30mLevel 5[0m set package 'px4_msgs' build argument 'ament_cmake_args' from command line to 'None'
[0.885s] [34mcolcon.colcon_core.verb[0m [1;30mLevel 5[0m set package 'px4_msgs' build argument 'catkin_cmake_args' from command line to 'None'
[0.885s] [34mcolcon.colcon_core.verb[0m [1;30mLevel 5[0m set package 'px4_msgs' build argument 'catkin_skip_building_tests' from command line to 'False'
[0.885s] [34mcolcon.colcon_core.verb[0m [1;30mDEBUG[0m [32mBuilding package 'px4_msgs' with the following arguments: {'ament_cmake_args': None, 'build_base': '/home/fly2_ws/build/px4_msgs', 'catkin_cmake_args': None, 'catkin_skip_building_tests': False, 'cmake_args': None, 'cmake_clean_cache': False, 'cmake_clean_first': False, 'cmake_force_configure': False, 'cmake_target': None, 'cmake_target_skip_unavailable': False, 'install_base': '/home/fly2_ws/install/px4_msgs', 'merge_install': False, 'path': '/home/fly2_ws/src/px4_msgs', 'symlink_install': False, 'test_result_base': None}[0m
[0.886s] [34mcolcon.colcon_core.verb[0m [1;30mLevel 5[0m set package 'barrel_manager' build argument 'cmake_args' from command line to 'None'
[0.886s] [34mcolcon.colcon_core.verb[0m [1;30mLevel 5[0m set package 'barrel_manager' build argument 'cmake_target' from command line to 'None'
[0.886s] [34mcolcon.colcon_core.verb[0m [1;30mLevel 5[0m set package 'barrel_manager' build argument 'cmake_target_skip_unavailable' from command line to 'False'
[0.886s] [34mcolcon.colcon_core.verb[0m [1;30mLevel 5[0m set package 'barrel_manager' build argument 'cmake_clean_cache' from command line to 'False'
[0.886s] [34mcolcon.colcon_core.verb[0m [1;30mLevel 5[0m set package 'barrel_manager' build argument 'cmake_clean_first' from command line to 'False'
[0.886s] [34mcolcon.colcon_core.verb[0m [1;30mLevel 5[0m set package 'barrel_manager' build argument 'cmake_force_configure' from command line to 'False'
[0.886s] [34mcolcon.colcon_core.verb[0m [1;30mLevel 5[0m set package 'barrel_manager' build argument 'ament_cmake_args' from command line to 'None'
[0.886s] [34mcolcon.colcon_core.verb[0m [1;30mLevel 5[0m set package 'barrel_manager' build argument 'catkin_cmake_args' from command line to 'None'
[0.886s] [34mcolcon.colcon_core.verb[0m [1;30mLevel 5[0m set package 'barrel_manager' build argument 'catkin_skip_building_tests' from command line to 'False'
[0.886s] [34mcolcon.colcon_core.verb[0m [1;30mDEBUG[0m [32mBuilding package 'barrel_manager' with the following arguments: {'ament_cmake_args': None, 'build_base': '/home/fly2_ws/build/barrel_manager', 'catkin_cmake_args': None, 'catkin_skip_building_tests': False, 'cmake_args': None, 'cmake_clean_cache': False, 'cmake_clean_first': False, 'cmake_force_configure': False, 'cmake_target': None, 'cmake_target_skip_unavailable': False, 'install_base': '/home/fly2_ws/install/barrel_manager', 'merge_install': False, 'path': '/home/fly2_ws/src/barrel_manager', 'symlink_install': False, 'test_result_base': None}[0m
[0.887s] [34mcolcon.colcon_core.verb[0m [1;30mLevel 5[0m set package 'control' build argument 'cmake_args' from command line to 'None'
[0.887s] [34mcolcon.colcon_core.verb[0m [1;30mLevel 5[0m set package 'control' build argument 'cmake_target' from command line to 'None'
[0.887s] [34mcolcon.colcon_core.verb[0m [1;30mLevel 5[0m set package 'control' build argument 'cmake_target_skip_unavailable' from command line to 'False'
[0.887s] [34mcolcon.colcon_core.verb[0m [1;30mLevel 5[0m set package 'control' build argument 'cmake_clean_cache' from command line to 'False'
[0.887s] [34mcolcon.colcon_core.verb[0m [1;30mLevel 5[0m set package 'control' build argument 'cmake_clean_first' from command line to 'False'
[0.887s] [34mcolcon.colcon_core.verb[0m [1;30mLevel 5[0m set package 'control' build argument 'cmake_force_configure' from command line to 'False'
[0.887s] [34mcolcon.colcon_core.verb[0m [1;30mLevel 5[0m set package 'control' build argument 'ament_cmake_args' from command line to 'None'
[0.887s] [34mcolcon.colcon_core.verb[0m [1;30mLevel 5[0m set package 'control' build argument 'catkin_cmake_args' from command line to 'None'
[0.887s] [34mcolcon.colcon_core.verb[0m [1;30mLevel 5[0m set package 'control' build argument 'catkin_skip_building_tests' from command line to 'False'
[0.887s] [34mcolcon.colcon_core.verb[0m [1;30mDEBUG[0m [32mBuilding package 'control' with the following arguments: {'ament_cmake_args': None, 'build_base': '/home/fly2_ws/build/control', 'catkin_cmake_args': None, 'catkin_skip_building_tests': False, 'cmake_args': None, 'cmake_clean_cache': False, 'cmake_clean_first': False, 'cmake_force_configure': False, 'cmake_target': None, 'cmake_target_skip_unavailable': False, 'install_base': '/home/fly2_ws/install/control', 'merge_install': False, 'path': '/home/fly2_ws/src/fly1', 'symlink_install': False, 'test_result_base': None}[0m
[0.888s] [34mcolcon.colcon_core.verb[0m [1;30mLevel 5[0m set package 'detect' build argument 'cmake_args' from command line to 'None'
[0.888s] [34mcolcon.colcon_core.verb[0m [1;30mLevel 5[0m set package 'detect' build argument 'cmake_target' from command line to 'None'
[0.888s] [34mcolcon.colcon_core.verb[0m [1;30mLevel 5[0m set package 'detect' build argument 'cmake_target_skip_unavailable' from command line to 'False'
[0.888s] [34mcolcon.colcon_core.verb[0m [1;30mLevel 5[0m set package 'detect' build argument 'cmake_clean_cache' from command line to 'False'
[0.888s] [34mcolcon.colcon_core.verb[0m [1;30mLevel 5[0m set package 'detect' build argument 'cmake_clean_first' from command line to 'False'
[0.888s] [34mcolcon.colcon_core.verb[0m [1;30mLevel 5[0m set package 'detect' build argument 'cmake_force_configure' from command line to 'False'
[0.888s] [34mcolcon.colcon_core.verb[0m [1;30mLevel 5[0m set package 'detect' build argument 'ament_cmake_args' from command line to 'None'
[0.888s] [34mcolcon.colcon_core.verb[0m [1;30mLevel 5[0m set package 'detect' build argument 'catkin_cmake_args' from command line to 'None'
[0.888s] [34mcolcon.colcon_core.verb[0m [1;30mLevel 5[0m set package 'detect' build argument 'catkin_skip_building_tests' from command line to 'False'
[0.888s] [34mcolcon.colcon_core.verb[0m [1;30mDEBUG[0m [32mBuilding package 'detect' with the following arguments: {'ament_cmake_args': None, 'build_base': '/home/fly2_ws/build/detect', 'catkin_cmake_args': None, 'catkin_skip_building_tests': False, 'cmake_args': None, 'cmake_clean_cache': False, 'cmake_clean_first': False, 'cmake_force_configure': False, 'cmake_target': None, 'cmake_target_skip_unavailable': False, 'install_base': '/home/fly2_ws/install/detect', 'merge_install': False, 'path': '/home/fly2_ws/src/detect', 'symlink_install': False, 'test_result_base': None}[0m
[0.889s] [34mcolcon.colcon_core.executor[0m [1;30mINFO[0m Executing jobs using 'parallel' executor
[0.891s] [34mcolcon.colcon_parallel_executor.executor.parallel[0m [1;30mDEBUG[0m [32mrun_until_complete[0m
[0.892s] [34mcolcon.colcon_ros.task.ament_cmake.build[0m [1;30mINFO[0m Building ROS package in '/home/fly2_ws/src/px4_msgs' with build type 'ament_cmake'
[0.892s] [34mcolcon.colcon_cmake.task.cmake.build[0m [1;30mINFO[0m Building CMake package in '/home/fly2_ws/src/px4_msgs'
[0.897s] [34mcolcon.colcon_core.plugin_system[0m [1;30mINFO[0m Skipping extension 'colcon_core.shell.bat': Not used on non-Windows systems
[0.897s] [34mcolcon.colcon_core.shell[0m [1;30mINFO[0m Skip shell extension 'powershell' for command environment: Not usable outside of PowerShell
[0.897s] [34mcolcon.colcon_core.shell[0m [1;30mDEBUG[0m [32mSkip shell extension 'dsv' for command environment[0m
[0.923s] [34mcolcon.colcon_core.event_handler.log_command[0m [1;30mDEBUG[0m [32mInvoking command in '/home/fly2_ws/build/px4_msgs': CMAKE_PREFIX_PATH=${CMAKE_PREFIX_PATH}:/home/fly2_ws/fly2_ws/install/detect:/home/fly2_ws/fly2_ws/install/control:/home/fly2_ws/fly2_ws/install/barrel_manager:/home/fly2_ws/install/detect:/home/fly2_ws/install/control:/home/fly2_ws/install/barrel_manager:/opt/ros/humble /usr/bin/cmake --build /home/fly2_ws/build/px4_msgs -- -j6 -l6[0m
[3.281s] [34mcolcon.colcon_core.event_handler.log_command[0m [1;30mDEBUG[0m [32mInvoked command in '/home/fly2_ws/build/px4_msgs' returned '0': CMAKE_PREFIX_PATH=${CMAKE_PREFIX_PATH}:/home/fly2_ws/fly2_ws/install/detect:/home/fly2_ws/fly2_ws/install/control:/home/fly2_ws/fly2_ws/install/barrel_manager:/home/fly2_ws/install/detect:/home/fly2_ws/install/control:/home/fly2_ws/install/barrel_manager:/opt/ros/humble /usr/bin/cmake --build /home/fly2_ws/build/px4_msgs -- -j6 -l6[0m
[3.304s] [34mcolcon.colcon_core.event_handler.log_command[0m [1;30mDEBUG[0m [32mInvoking command in '/home/fly2_ws/build/px4_msgs': CMAKE_PREFIX_PATH=${CMAKE_PREFIX_PATH}:/home/fly2_ws/fly2_ws/install/detect:/home/fly2_ws/fly2_ws/install/control:/home/fly2_ws/fly2_ws/install/barrel_manager:/home/fly2_ws/install/detect:/home/fly2_ws/install/control:/home/fly2_ws/install/barrel_manager:/opt/ros/humble /usr/bin/cmake --install /home/fly2_ws/build/px4_msgs[0m
[3.996s] [34mcolcon.colcon_core.environment[0m [1;30mLevel 1[0m create_environment_scripts_only(px4_msgs)
[4.006s] [34mcolcon.colcon_core.environment[0m [1;30mLevel 1[0m checking '/home/fly2_ws/install/px4_msgs' for CMake module files
[4.013s] [34mcolcon.colcon_core.environment[0m [1;30mLevel 1[0m checking '/home/fly2_ws/install/px4_msgs' for CMake config files
[4.065s] [34mcolcon.colcon_core.shell[0m [1;30mLevel 1[0m create_environment_hook('px4_msgs', 'cmake_prefix_path')
[4.065s] [34mcolcon.colcon_core.shell[0m [1;30mINFO[0m Creating environment hook '/home/fly2_ws/install/px4_msgs/share/px4_msgs/hook/cmake_prefix_path.ps1'
[4.069s] [34mcolcon.colcon_core.shell[0m [1;30mINFO[0m Creating environment descriptor '/home/fly2_ws/install/px4_msgs/share/px4_msgs/hook/cmake_prefix_path.dsv'
[4.072s] [34mcolcon.colcon_core.shell[0m [1;30mINFO[0m Creating environment hook '/home/fly2_ws/install/px4_msgs/share/px4_msgs/hook/cmake_prefix_path.sh'
[4.077s] [34mcolcon.colcon_core.environment[0m [1;30mLevel 1[0m checking '/home/fly2_ws/install/px4_msgs/lib'
[4.078s] [34mcolcon.colcon_core.shell[0m [1;30mLevel 1[0m create_environment_hook('px4_msgs', 'ld_library_path_lib')
[4.079s] [34mcolcon.colcon_core.shell[0m [1;30mINFO[0m Creating environment hook '/home/fly2_ws/install/px4_msgs/share/px4_msgs/hook/ld_library_path_lib.ps1'
[4.080s] [34mcolcon.colcon_core.shell[0m [1;30mINFO[0m Creating environment descriptor '/home/fly2_ws/install/px4_msgs/share/px4_msgs/hook/ld_library_path_lib.dsv'
[4.082s] [34mcolcon.colcon_core.shell[0m [1;30mINFO[0m Creating environment hook '/home/fly2_ws/install/px4_msgs/share/px4_msgs/hook/ld_library_path_lib.sh'
[4.084s] [34mcolcon.colcon_core.environment[0m [1;30mLevel 1[0m checking '/home/fly2_ws/install/px4_msgs/bin'
[4.084s] [34mcolcon.colcon_core.environment[0m [1;30mLevel 1[0m checking '/home/fly2_ws/install/px4_msgs/lib/pkgconfig/px4_msgs.pc'
[4.085s] [34mcolcon.colcon_core.environment[0m [1;30mLevel 1[0m checking '/home/fly2_ws/install/px4_msgs/lib/python3.10/site-packages'
[4.085s] [34mcolcon.colcon_core.environment[0m [1;30mLevel 1[0m checking '/home/fly2_ws/install/px4_msgs/bin'
[4.086s] [34mcolcon.colcon_core.shell[0m [1;30mINFO[0m Creating package script '/home/fly2_ws/install/px4_msgs/share/px4_msgs/package.ps1'
[4.088s] [34mcolcon.colcon_core.shell[0m [1;30mINFO[0m Creating package descriptor '/home/fly2_ws/install/px4_msgs/share/px4_msgs/package.dsv'
[4.090s] [34mcolcon.colcon_core.shell[0m [1;30mINFO[0m Creating package script '/home/fly2_ws/install/px4_msgs/share/px4_msgs/package.sh'
[4.092s] [34mcolcon.colcon_core.shell[0m [1;30mINFO[0m Creating package script '/home/fly2_ws/install/px4_msgs/share/px4_msgs/package.bash'
[4.094s] [34mcolcon.colcon_core.shell[0m [1;30mINFO[0m Creating package script '/home/fly2_ws/install/px4_msgs/share/px4_msgs/package.zsh'
[4.096s] [34mcolcon.colcon_core.environment[0m [1;30mLevel 1[0m create_file_with_runtime_dependencies(/home/fly2_ws/install/px4_msgs/share/colcon-core/packages/px4_msgs)
[4.098s] [34mcolcon.colcon_core.environment[0m [1;30mLevel 1[0m create_environment_scripts_only(px4_msgs)
[4.098s] [34mcolcon.colcon_core.environment[0m [1;30mLevel 1[0m checking '/home/fly2_ws/install/px4_msgs' for CMake module files
[4.102s] [34mcolcon.colcon_core.environment[0m [1;30mLevel 1[0m checking '/home/fly2_ws/install/px4_msgs' for CMake config files
[4.116s] [34mcolcon.colcon_core.event_handler.log_command[0m [1;30mDEBUG[0m [32mInvoked command in '/home/fly2_ws/build/px4_msgs' returned '0': CMAKE_PREFIX_PATH=${CMAKE_PREFIX_PATH}:/home/fly2_ws/fly2_ws/install/detect:/home/fly2_ws/fly2_ws/install/control:/home/fly2_ws/fly2_ws/install/barrel_manager:/home/fly2_ws/install/detect:/home/fly2_ws/install/control:/home/fly2_ws/install/barrel_manager:/opt/ros/humble /usr/bin/cmake --install /home/fly2_ws/build/px4_msgs[0m
[4.123s] [34mcolcon.colcon_core.shell[0m [1;30mLevel 1[0m create_environment_hook('px4_msgs', 'cmake_prefix_path')
[4.123s] [34mcolcon.colcon_core.shell[0m [1;30mINFO[0m Creating environment hook '/home/fly2_ws/install/px4_msgs/share/px4_msgs/hook/cmake_prefix_path.ps1'
[4.125s] [34mcolcon.colcon_core.shell[0m [1;30mINFO[0m Creating environment descriptor '/home/fly2_ws/install/px4_msgs/share/px4_msgs/hook/cmake_prefix_path.dsv'
[4.126s] [34mcolcon.colcon_core.shell[0m [1;30mINFO[0m Creating environment hook '/home/fly2_ws/install/px4_msgs/share/px4_msgs/hook/cmake_prefix_path.sh'
[4.127s] [34mcolcon.colcon_core.environment[0m [1;30mLevel 1[0m checking '/home/fly2_ws/install/px4_msgs/lib'
[4.127s] [34mcolcon.colcon_core.shell[0m [1;30mLevel 1[0m create_environment_hook('px4_msgs', 'ld_library_path_lib')
[4.128s] [34mcolcon.colcon_core.shell[0m [1;30mINFO[0m Creating environment hook '/home/fly2_ws/install/px4_msgs/share/px4_msgs/hook/ld_library_path_lib.ps1'
[4.129s] [34mcolcon.colcon_core.shell[0m [1;30mINFO[0m Creating environment descriptor '/home/fly2_ws/install/px4_msgs/share/px4_msgs/hook/ld_library_path_lib.dsv'
[4.130s] [34mcolcon.colcon_core.shell[0m [1;30mINFO[0m Creating environment hook '/home/fly2_ws/install/px4_msgs/share/px4_msgs/hook/ld_library_path_lib.sh'
[4.130s] [34mcolcon.colcon_core.environment[0m [1;30mLevel 1[0m checking '/home/fly2_ws/install/px4_msgs/bin'
[4.131s] [34mcolcon.colcon_core.environment[0m [1;30mLevel 1[0m checking '/home/fly2_ws/install/px4_msgs/lib/pkgconfig/px4_msgs.pc'
[4.131s] [34mcolcon.colcon_core.environment[0m [1;30mLevel 1[0m checking '/home/fly2_ws/install/px4_msgs/lib/python3.10/site-packages'
[4.132s] [34mcolcon.colcon_core.environment[0m [1;30mLevel 1[0m checking '/home/fly2_ws/install/px4_msgs/bin'
[4.132s] [34mcolcon.colcon_core.shell[0m [1;30mINFO[0m Creating package script '/home/fly2_ws/install/px4_msgs/share/px4_msgs/package.ps1'
[4.134s] [34mcolcon.colcon_core.shell[0m [1;30mINFO[0m Creating package descriptor '/home/fly2_ws/install/px4_msgs/share/px4_msgs/package.dsv'
[4.135s] [34mcolcon.colcon_core.shell[0m [1;30mINFO[0m Creating package script '/home/fly2_ws/install/px4_msgs/share/px4_msgs/package.sh'
[4.136s] [34mcolcon.colcon_core.shell[0m [1;30mINFO[0m Creating package script '/home/fly2_ws/install/px4_msgs/share/px4_msgs/package.bash'
[4.137s] [34mcolcon.colcon_core.shell[0m [1;30mINFO[0m Creating package script '/home/fly2_ws/install/px4_msgs/share/px4_msgs/package.zsh'
[4.138s] [34mcolcon.colcon_core.environment[0m [1;30mLevel 1[0m create_file_with_runtime_dependencies(/home/fly2_ws/install/px4_msgs/share/colcon-core/packages/px4_msgs)
[4.139s] [34mcolcon.colcon_ros.task.ament_python.build[0m [1;30mINFO[0m Building ROS package in '/home/fly2_ws/src/barrel_manager' with build type 'ament_python'
[4.139s] [34mcolcon.colcon_core.shell[0m [1;30mLevel 1[0m create_environment_hook('barrel_manager', 'ament_prefix_path')
[4.140s] [34mcolcon.colcon_core.shell[0m [1;30mINFO[0m Creating environment hook '/home/fly2_ws/install/barrel_manager/share/barrel_manager/hook/ament_prefix_path.ps1'
[4.142s] [34mcolcon.colcon_core.shell[0m [1;30mINFO[0m Creating environment descriptor '/home/fly2_ws/install/barrel_manager/share/barrel_manager/hook/ament_prefix_path.dsv'
[4.143s] [34mcolcon.colcon_core.shell[0m [1;30mINFO[0m Creating environment hook '/home/fly2_ws/install/barrel_manager/share/barrel_manager/hook/ament_prefix_path.sh'
[4.144s] [34mcolcon.colcon_core.shell[0m [1;30mINFO[0m Skip shell extension 'powershell' for command environment: Not usable outside of PowerShell
[4.144s] [34mcolcon.colcon_core.shell[0m [1;30mDEBUG[0m [32mSkip shell extension 'dsv' for command environment[0m
[4.151s] [34mcolcon.colcon_ros.task.ament_python.build[0m [1;30mINFO[0m Building ROS package in '/home/fly2_ws/src/fly1' with build type 'ament_python'
[4.152s] [34mcolcon.colcon_core.shell[0m [1;30mLevel 1[0m create_environment_hook('control', 'ament_prefix_path')
[4.153s] [34mcolcon.colcon_core.shell[0m [1;30mINFO[0m Creating environment hook '/home/fly2_ws/install/control/share/control/hook/ament_prefix_path.ps1'
[4.155s] [34mcolcon.colcon_core.shell[0m [1;30mINFO[0m Creating environment descriptor '/home/fly2_ws/install/control/share/control/hook/ament_prefix_path.dsv'
[4.158s] [34mcolcon.colcon_core.shell[0m [1;30mINFO[0m Creating environment hook '/home/fly2_ws/install/control/share/control/hook/ament_prefix_path.sh'
[4.160s] [34mcolcon.colcon_core.shell[0m [1;30mINFO[0m Skip shell extension 'powershell' for command environment: Not usable outside of PowerShell
[4.160s] [34mcolcon.colcon_core.shell[0m [1;30mDEBUG[0m [32mSkip shell extension 'dsv' for command environment[0m
[4.168s] [34mcolcon.colcon_ros.task.ament_python.build[0m [1;30mINFO[0m Building ROS package in '/home/fly2_ws/src/detect' with build type 'ament_python'
[4.168s] [34mcolcon.colcon_core.shell[0m [1;30mLevel 1[0m create_environment_hook('detect', 'ament_prefix_path')
[4.169s] [34mcolcon.colcon_core.shell[0m [1;30mINFO[0m Creating environment hook '/home/fly2_ws/install/detect/share/detect/hook/ament_prefix_path.ps1'
[4.172s] [34mcolcon.colcon_core.shell[0m [1;30mINFO[0m Creating environment descriptor '/home/fly2_ws/install/detect/share/detect/hook/ament_prefix_path.dsv'
[4.173s] [34mcolcon.colcon_core.shell[0m [1;30mINFO[0m Creating environment hook '/home/fly2_ws/install/detect/share/detect/hook/ament_prefix_path.sh'
[4.175s] [34mcolcon.colcon_core.shell[0m [1;30mINFO[0m Skip shell extension 'powershell' for command environment: Not usable outside of PowerShell
[4.175s] [34mcolcon.colcon_core.shell[0m [1;30mDEBUG[0m [32mSkip shell extension 'dsv' for command environment[0m
[4.723s] [34mcolcon.colcon_core.task.python.build[0m [1;30mINFO[0m Building Python package in '/home/fly2_ws/src/barrel_manager'
[4.724s] [34mcolcon.colcon_core.shell[0m [1;30mINFO[0m Skip shell extension 'powershell' for command environment: Not usable outside of PowerShell
[4.724s] [34mcolcon.colcon_core.shell[0m [1;30mDEBUG[0m [32mSkip shell extension 'dsv' for command environment[0m
[5.323s] [34mcolcon.colcon_core.task.python.build[0m [1;30mINFO[0m Building Python package in '/home/fly2_ws/src/fly1'
[5.324s] [34mcolcon.colcon_core.shell[0m [1;30mINFO[0m Skip shell extension 'powershell' for command environment: Not usable outside of PowerShell
[5.324s] [34mcolcon.colcon_core.shell[0m [1;30mDEBUG[0m [32mSkip shell extension 'dsv' for command environment[0m
[5.887s] [34mcolcon.colcon_core.task.python.build[0m [1;30mINFO[0m Building Python package in '/home/fly2_ws/src/detect'
[5.889s] [34mcolcon.colcon_core.shell[0m [1;30mINFO[0m Skip shell extension 'powershell' for command environment: Not usable outside of PowerShell
[5.889s] [34mcolcon.colcon_core.shell[0m [1;30mDEBUG[0m [32mSkip shell extension 'dsv' for command environment[0m
[6.843s] [34mcolcon.colcon_core.event_handler.log_command[0m [1;30mDEBUG[0m [32mInvoking command in '/home/fly2_ws/src/barrel_manager': CMAKE_PREFIX_PATH=/home/fly2_ws/install/px4_msgs:/home/fly2_ws/fly2_ws/install/test_interface:/home/fly2_ws/fly2_ws/install/px4_msgs LD_LIBRARY_PATH=/home/fly2_ws/install/px4_msgs/lib:/home/fly2_ws/fly2_ws/install/test_interface/lib:/home/fly2_ws/fly2_ws/install/px4_msgs/lib:/opt/ros/humble/lib/aarch64-linux-gnu:/opt/ros/humble/lib:/usr/local/cuda/lib64 PYTHONPATH=/home/fly2_ws/build/barrel_manager/prefix_override:/usr/lib/python3/dist-packages/colcon_core/task/python/colcon_distutils_commands:/home/fly2_ws/install/barrel_manager/lib/python3.10/site-packages:${PYTHONPATH} /usr/bin/python3 -W ignore:setup.py install is deprecated -W ignore:easy_install command is deprecated setup.py egg_info --egg-base ../../build/barrel_manager build --build-base /home/fly2_ws/build/barrel_manager/build install --record /home/fly2_ws/build/barrel_manager/install.log --single-version-externally-managed install_data[0m
[6.928s] [34mcolcon.colcon_core.event_handler.log_command[0m [1;30mDEBUG[0m [32mInvoking command in '/home/fly2_ws/src/fly1': CMAKE_PREFIX_PATH=/home/fly2_ws/install/px4_msgs:/home/fly2_ws/fly2_ws/install/test_interface:/home/fly2_ws/fly2_ws/install/px4_msgs LD_LIBRARY_PATH=/home/fly2_ws/install/px4_msgs/lib:/home/fly2_ws/fly2_ws/install/test_interface/lib:/home/fly2_ws/fly2_ws/install/px4_msgs/lib:/opt/ros/humble/lib/aarch64-linux-gnu:/opt/ros/humble/lib:/usr/local/cuda/lib64 PYTHONPATH=/home/fly2_ws/build/control/prefix_override:/usr/lib/python3/dist-packages/colcon_core/task/python/colcon_distutils_commands:/home/fly2_ws/install/control/lib/python3.10/site-packages:${PYTHONPATH} /usr/bin/python3 -W ignore:setup.py install is deprecated -W ignore:easy_install command is deprecated setup.py egg_info --egg-base ../../build/control build --build-base /home/fly2_ws/build/control/build install --record /home/fly2_ws/build/control/install.log --single-version-externally-managed install_data[0m
[6.939s] [34mcolcon.colcon_core.event_handler.log_command[0m [1;30mDEBUG[0m [32mInvoking command in '/home/fly2_ws/src/detect': CMAKE_PREFIX_PATH=/home/fly2_ws/install/px4_msgs:/home/fly2_ws/fly2_ws/install/test_interface:/home/fly2_ws/fly2_ws/install/px4_msgs LD_LIBRARY_PATH=/home/fly2_ws/install/px4_msgs/lib:/home/fly2_ws/fly2_ws/install/test_interface/lib:/home/fly2_ws/fly2_ws/install/px4_msgs/lib:/opt/ros/humble/lib/aarch64-linux-gnu:/opt/ros/humble/lib:/usr/local/cuda/lib64 PYTHONPATH=/home/fly2_ws/build/detect/prefix_override:/usr/lib/python3/dist-packages/colcon_core/task/python/colcon_distutils_commands:/home/fly2_ws/install/detect/lib/python3.10/site-packages:${PYTHONPATH} /usr/bin/python3 -W ignore:setup.py install is deprecated -W ignore:easy_install command is deprecated setup.py egg_info --egg-base ../../build/detect build --build-base /home/fly2_ws/build/detect/build install --record /home/fly2_ws/build/detect/install.log --single-version-externally-managed install_data[0m
[7.553s] [34mcolcon.colcon_core.environment[0m [1;30mLevel 1[0m checking '/home/fly2_ws/install/control' for CMake module files
[7.555s] [34mcolcon.colcon_core.event_handler.log_command[0m [1;30mDEBUG[0m [32mInvoked command in '/home/fly2_ws/src/fly1' returned '0': CMAKE_PREFIX_PATH=/home/fly2_ws/install/px4_msgs:/home/fly2_ws/fly2_ws/install/test_interface:/home/fly2_ws/fly2_ws/install/px4_msgs LD_LIBRARY_PATH=/home/fly2_ws/install/px4_msgs/lib:/home/fly2_ws/fly2_ws/install/test_interface/lib:/home/fly2_ws/fly2_ws/install/px4_msgs/lib:/opt/ros/humble/lib/aarch64-linux-gnu:/opt/ros/humble/lib:/usr/local/cuda/lib64 PYTHONPATH=/home/fly2_ws/build/control/prefix_override:/usr/lib/python3/dist-packages/colcon_core/task/python/colcon_distutils_commands:/home/fly2_ws/install/control/lib/python3.10/site-packages:${PYTHONPATH} /usr/bin/python3 -W ignore:setup.py install is deprecated -W ignore:easy_install command is deprecated setup.py egg_info --egg-base ../../build/control build --build-base /home/fly2_ws/build/control/build install --record /home/fly2_ws/build/control/install.log --single-version-externally-managed install_data[0m
[7.556s] [34mcolcon.colcon_core.environment[0m [1;30mLevel 1[0m checking '/home/fly2_ws/install/control' for CMake config files
[7.557s] [34mcolcon.colcon_core.environment[0m [1;30mLevel 1[0m checking '/home/fly2_ws/install/control/lib'
[7.558s] [34mcolcon.colcon_core.environment[0m [1;30mLevel 1[0m checking '/home/fly2_ws/install/control/bin'
[7.558s] [34mcolcon.colcon_core.environment[0m [1;30mLevel 1[0m checking '/home/fly2_ws/install/control/lib/pkgconfig/control.pc'
[7.558s] [34mcolcon.colcon_core.environment[0m [1;30mLevel 1[0m checking '/home/fly2_ws/install/control/lib/python3.10/site-packages'
[7.560s] [34mcolcon.colcon_core.shell[0m [1;30mLevel 1[0m create_environment_hook('control', 'pythonpath')
[7.561s] [34mcolcon.colcon_core.shell[0m [1;30mINFO[0m Creating environment hook '/home/fly2_ws/install/control/share/control/hook/pythonpath.ps1'
[7.563s] [34mcolcon.colcon_core.shell[0m [1;30mINFO[0m Creating environment descriptor '/home/fly2_ws/install/control/share/control/hook/pythonpath.dsv'
[7.565s] [34mcolcon.colcon_core.shell[0m [1;30mINFO[0m Creating environment hook '/home/fly2_ws/install/control/share/control/hook/pythonpath.sh'
[7.567s] [34mcolcon.colcon_core.environment[0m [1;30mLevel 1[0m checking '/home/fly2_ws/install/control/bin'
[7.568s] [34mcolcon.colcon_core.environment[0m [1;30mLevel 1[0m create_environment_scripts_only(control)
[7.569s] [34mcolcon.colcon_core.shell[0m [1;30mINFO[0m Creating package script '/home/fly2_ws/install/control/share/control/package.ps1'
[7.570s] [34mcolcon.colcon_core.shell[0m [1;30mINFO[0m Creating package descriptor '/home/fly2_ws/install/control/share/control/package.dsv'
[7.573s] [34mcolcon.colcon_core.shell[0m [1;30mINFO[0m Creating package script '/home/fly2_ws/install/control/share/control/package.sh'
[7.575s] [34mcolcon.colcon_core.shell[0m [1;30mINFO[0m Creating package script '/home/fly2_ws/install/control/share/control/package.bash'
[7.576s] [34mcolcon.colcon_core.shell[0m [1;30mINFO[0m Creating package script '/home/fly2_ws/install/control/share/control/package.zsh'
[7.577s] [34mcolcon.colcon_core.environment[0m [1;30mLevel 1[0m create_file_with_runtime_dependencies(/home/fly2_ws/install/control/share/colcon-core/packages/control)
[7.654s] [34mcolcon.colcon_core.environment[0m [1;30mLevel 1[0m checking '/home/fly2_ws/install/barrel_manager' for CMake module files
[7.655s] [34mcolcon.colcon_core.environment[0m [1;30mLevel 1[0m checking '/home/fly2_ws/install/barrel_manager' for CMake config files
[7.657s] [34mcolcon.colcon_core.environment[0m [1;30mLevel 1[0m checking '/home/fly2_ws/install/barrel_manager/lib'
[7.657s] [34mcolcon.colcon_core.environment[0m [1;30mLevel 1[0m checking '/home/fly2_ws/install/barrel_manager/bin'
[7.657s] [34mcolcon.colcon_core.environment[0m [1;30mLevel 1[0m checking '/home/fly2_ws/install/barrel_manager/lib/pkgconfig/barrel_manager.pc'
[7.658s] [34mcolcon.colcon_core.environment[0m [1;30mLevel 1[0m checking '/home/fly2_ws/install/barrel_manager/lib/python3.10/site-packages'
[7.658s] [34mcolcon.colcon_core.shell[0m [1;30mLevel 1[0m create_environment_hook('barrel_manager', 'pythonpath')
[7.658s] [34mcolcon.colcon_core.shell[0m [1;30mINFO[0m Creating environment hook '/home/fly2_ws/install/barrel_manager/share/barrel_manager/hook/pythonpath.ps1'
[7.660s] [34mcolcon.colcon_core.shell[0m [1;30mINFO[0m Creating environment descriptor '/home/fly2_ws/install/barrel_manager/share/barrel_manager/hook/pythonpath.dsv'
[7.661s] [34mcolcon.colcon_core.event_handler.log_command[0m [1;30mDEBUG[0m [32mInvoked command in '/home/fly2_ws/src/barrel_manager' returned '0': CMAKE_PREFIX_PATH=/home/fly2_ws/install/px4_msgs:/home/fly2_ws/fly2_ws/install/test_interface:/home/fly2_ws/fly2_ws/install/px4_msgs LD_LIBRARY_PATH=/home/fly2_ws/install/px4_msgs/lib:/home/fly2_ws/fly2_ws/install/test_interface/lib:/home/fly2_ws/fly2_ws/install/px4_msgs/lib:/opt/ros/humble/lib/aarch64-linux-gnu:/opt/ros/humble/lib:/usr/local/cuda/lib64 PYTHONPATH=/home/fly2_ws/build/barrel_manager/prefix_override:/usr/lib/python3/dist-packages/colcon_core/task/python/colcon_distutils_commands:/home/fly2_ws/install/barrel_manager/lib/python3.10/site-packages:${PYTHONPATH} /usr/bin/python3 -W ignore:setup.py install is deprecated -W ignore:easy_install command is deprecated setup.py egg_info --egg-base ../../build/barrel_manager build --build-base /home/fly2_ws/build/barrel_manager/build install --record /home/fly2_ws/build/barrel_manager/install.log --single-version-externally-managed install_data[0m
[7.663s] [34mcolcon.colcon_core.shell[0m [1;30mINFO[0m Creating environment hook '/home/fly2_ws/install/barrel_manager/share/barrel_manager/hook/pythonpath.sh'
[7.664s] [34mcolcon.colcon_core.environment[0m [1;30mLevel 1[0m checking '/home/fly2_ws/install/barrel_manager/bin'
[7.664s] [34mcolcon.colcon_core.environment[0m [1;30mLevel 1[0m create_environment_scripts_only(barrel_manager)
[7.665s] [34mcolcon.colcon_core.shell[0m [1;30mINFO[0m Creating package script '/home/fly2_ws/install/barrel_manager/share/barrel_manager/package.ps1'
[7.667s] [34mcolcon.colcon_core.shell[0m [1;30mINFO[0m Creating package descriptor '/home/fly2_ws/install/barrel_manager/share/barrel_manager/package.dsv'
[7.668s] [34mcolcon.colcon_core.shell[0m [1;30mINFO[0m Creating package script '/home/fly2_ws/install/barrel_manager/share/barrel_manager/package.sh'
[7.669s] [34mcolcon.colcon_core.shell[0m [1;30mINFO[0m Creating package script '/home/fly2_ws/install/barrel_manager/share/barrel_manager/package.bash'
[7.670s] [34mcolcon.colcon_core.shell[0m [1;30mINFO[0m Creating package script '/home/fly2_ws/install/barrel_manager/share/barrel_manager/package.zsh'
[7.670s] [34mcolcon.colcon_core.environment[0m [1;30mLevel 1[0m create_file_with_runtime_dependencies(/home/fly2_ws/install/barrel_manager/share/colcon-core/packages/barrel_manager)
[7.703s] [34mcolcon.colcon_core.environment[0m [1;30mLevel 1[0m checking '/home/fly2_ws/install/detect' for CMake module files
[7.705s] [34mcolcon.colcon_core.environment[0m [1;30mLevel 1[0m checking '/home/fly2_ws/install/detect' for CMake config files
[7.707s] [34mcolcon.colcon_core.event_handler.log_command[0m [1;30mDEBUG[0m [32mInvoked command in '/home/fly2_ws/src/detect' returned '0': CMAKE_PREFIX_PATH=/home/fly2_ws/install/px4_msgs:/home/fly2_ws/fly2_ws/install/test_interface:/home/fly2_ws/fly2_ws/install/px4_msgs LD_LIBRARY_PATH=/home/fly2_ws/install/px4_msgs/lib:/home/fly2_ws/fly2_ws/install/test_interface/lib:/home/fly2_ws/fly2_ws/install/px4_msgs/lib:/opt/ros/humble/lib/aarch64-linux-gnu:/opt/ros/humble/lib:/usr/local/cuda/lib64 PYTHONPATH=/home/fly2_ws/build/detect/prefix_override:/usr/lib/python3/dist-packages/colcon_core/task/python/colcon_distutils_commands:/home/fly2_ws/install/detect/lib/python3.10/site-packages:${PYTHONPATH} /usr/bin/python3 -W ignore:setup.py install is deprecated -W ignore:easy_install command is deprecated setup.py egg_info --egg-base ../../build/detect build --build-base /home/fly2_ws/build/detect/build install --record /home/fly2_ws/build/detect/install.log --single-version-externally-managed install_data[0m
[7.707s] [34mcolcon.colcon_core.environment[0m [1;30mLevel 1[0m checking '/home/fly2_ws/install/detect/lib'
[7.708s] [34mcolcon.colcon_core.environment[0m [1;30mLevel 1[0m checking '/home/fly2_ws/install/detect/bin'
[7.708s] [34mcolcon.colcon_core.environment[0m [1;30mLevel 1[0m checking '/home/fly2_ws/install/detect/lib/pkgconfig/detect.pc'
[7.711s] [34mcolcon.colcon_core.environment[0m [1;30mLevel 1[0m checking '/home/fly2_ws/install/detect/lib/python3.10/site-packages'
[7.712s] [34mcolcon.colcon_core.shell[0m [1;30mLevel 1[0m create_environment_hook('detect', 'pythonpath')
[7.712s] [34mcolcon.colcon_core.shell[0m [1;30mINFO[0m Creating environment hook '/home/fly2_ws/install/detect/share/detect/hook/pythonpath.ps1'
[7.714s] [34mcolcon.colcon_core.shell[0m [1;30mINFO[0m Creating environment descriptor '/home/fly2_ws/install/detect/share/detect/hook/pythonpath.dsv'
[7.715s] [34mcolcon.colcon_core.shell[0m [1;30mINFO[0m Creating environment hook '/home/fly2_ws/install/detect/share/detect/hook/pythonpath.sh'
[7.716s] [34mcolcon.colcon_core.environment[0m [1;30mLevel 1[0m checking '/home/fly2_ws/install/detect/bin'
[7.716s] [34mcolcon.colcon_core.environment[0m [1;30mLevel 1[0m create_environment_scripts_only(detect)
[7.716s] [34mcolcon.colcon_core.shell[0m [1;30mINFO[0m Creating package script '/home/fly2_ws/install/detect/share/detect/package.ps1'
[7.718s] [34mcolcon.colcon_core.shell[0m [1;30mINFO[0m Creating package descriptor '/home/fly2_ws/install/detect/share/detect/package.dsv'
[7.719s] [34mcolcon.colcon_core.shell[0m [1;30mINFO[0m Creating package script '/home/fly2_ws/install/detect/share/detect/package.sh'
[7.721s] [34mcolcon.colcon_core.shell[0m [1;30mINFO[0m Creating package script '/home/fly2_ws/install/detect/share/detect/package.bash'
[7.722s] [34mcolcon.colcon_core.shell[0m [1;30mINFO[0m Creating package script '/home/fly2_ws/install/detect/share/detect/package.zsh'
[7.723s] [34mcolcon.colcon_core.environment[0m [1;30mLevel 1[0m create_file_with_runtime_dependencies(/home/fly2_ws/install/detect/share/colcon-core/packages/detect)
[7.724s] [34mcolcon.colcon_parallel_executor.executor.parallel[0m [1;30mDEBUG[0m [32mclosing loop[0m
[7.725s] [34mcolcon.colcon_parallel_executor.executor.parallel[0m [1;30mDEBUG[0m [32mloop closed[0m
[7.726s] [34mcolcon.colcon_parallel_executor.executor.parallel[0m [1;30mDEBUG[0m [32mrun_until_complete finished with '0'[0m
[7.726s] [34mcolcon.colcon_core.event_reactor[0m [1;30mDEBUG[0m [32mjoining thread[0m
[7.744s] [34mcolcon.colcon_core.plugin_system[0m [1;30mINFO[0m Skipping extension 'colcon_notification.desktop_notification.notify_send': Could not find 'notify-send'
[7.745s] [34mcolcon.colcon_core.plugin_system[0m [1;30mINFO[0m Skipping extension 'colcon_notification.desktop_notification.terminal_notifier': Not used on non-Darwin systems
[7.745s] [34mcolcon.colcon_core.plugin_system[0m [1;30mINFO[0m Skipping extension 'colcon_notification.desktop_notification.win32': Not used on non-Windows systems
[7.745s] [34mcolcon.colcon_notification.desktop_notification[0m [1;30mINFO[0m Sending desktop notification using 'notify2'
[7.753s] [34mcolcon.colcon_notification.desktop_notification.notify2[0m [1;30mDEBUG[0m [32mFailed to initialize notify2: org.freedesktop.DBus.Error.Spawn.ExecFailed: /usr/bin/dbus-launch terminated abnormally without any error message[0m
[7.754s] [34mcolcon.colcon_core.event_reactor[0m [1;30mDEBUG[0m [32mjoined thread[0m
[7.756s] [34mcolcon.colcon_core.shell[0m [1;30mINFO[0m Creating prefix script '/home/fly2_ws/install/local_setup.ps1'
[7.760s] [34mcolcon.colcon_core.shell[0m [1;30mINFO[0m Creating prefix util module '/home/fly2_ws/install/_local_setup_util_ps1.py'
[7.764s] [34mcolcon.colcon_core.shell[0m [1;30mINFO[0m Creating prefix chain script '/home/fly2_ws/install/setup.ps1'
[7.773s] [34mcolcon.colcon_core.shell[0m [1;30mINFO[0m Creating prefix script '/home/fly2_ws/install/local_setup.sh'
[7.774s] [34mcolcon.colcon_core.shell[0m [1;30mINFO[0m Creating prefix util module '/home/fly2_ws/install/_local_setup_util_sh.py'
[7.776s] [34mcolcon.colcon_core.shell[0m [1;30mINFO[0m Creating prefix chain script '/home/fly2_ws/install/setup.sh'
[7.779s] [34mcolcon.colcon_core.shell[0m [1;30mINFO[0m Creating prefix script '/home/fly2_ws/install/local_setup.bash'
[7.780s] [34mcolcon.colcon_core.shell[0m [1;30mINFO[0m Creating prefix chain script '/home/fly2_ws/install/setup.bash'
[7.783s] [34mcolcon.colcon_core.shell[0m [1;30mINFO[0m Creating prefix script '/home/fly2_ws/install/local_setup.zsh'
[7.784s] [34mcolcon.colcon_core.shell[0m [1;30mINFO[0m Creating prefix chain script '/home/fly2_ws/install/setup.zsh'
