[0.613s] Invoking command in '/home/cqu/fly2/src/barrel_manager': AMENT_PREFIX_PATH=/home/cqu/fly2/install/px4_msgs:${AMENT_PREFIX_PATH} CMAKE_PREFIX_PATH=/home/cqu/fly2/install/px4_msgs LD_LIBRARY_PATH=/home/cqu/fly2/install/px4_msgs/lib:${LD_LIBRARY_PATH} PYTHONPATH=/home/cqu/fly2/build/barrel_manager/prefix_override:/usr/lib/python3/dist-packages/colcon_core/task/python/colcon_distutils_commands:/home/cqu/fly2/install/barrel_manager/lib/python3.10/site-packages:/home/cqu/fly2/install/px4_msgs/local/lib/python3.10/dist-packages:${PYTHONPATH} /usr/bin/python3 -W ignore:setup.py install is deprecated -W ignore:easy_install command is deprecated setup.py egg_info --egg-base ../../build/barrel_manager build --build-base /home/cqu/fly2/build/barrel_manager/build install --record /home/cqu/fly2/build/barrel_manager/install.log --single-version-externally-managed install_data
[0.741s] running egg_info
[0.741s] writing ../../build/barrel_manager/barrel_manager.egg-info/PKG-INFO
[0.741s] writing dependency_links to ../../build/barrel_manager/barrel_manager.egg-info/dependency_links.txt
[0.741s] writing entry points to ../../build/barrel_manager/barrel_manager.egg-info/entry_points.txt
[0.741s] writing requirements to ../../build/barrel_manager/barrel_manager.egg-info/requires.txt
[0.741s] writing top-level names to ../../build/barrel_manager/barrel_manager.egg-info/top_level.txt
[0.742s] reading manifest file '../../build/barrel_manager/barrel_manager.egg-info/SOURCES.txt'
[0.743s] writing manifest file '../../build/barrel_manager/barrel_manager.egg-info/SOURCES.txt'
[0.743s] running build
[0.743s] running build_py
[0.743s] running install
[0.743s] running install_lib
[0.744s] running install_data
[0.744s] running install_egg_info
[0.745s] removing '/home/cqu/fly2/install/barrel_manager/lib/python3.10/site-packages/barrel_manager-0.0.0-py3.10.egg-info' (and everything under it)
[0.745s] Copying ../../build/barrel_manager/barrel_manager.egg-info to /home/cqu/fly2/install/barrel_manager/lib/python3.10/site-packages/barrel_manager-0.0.0-py3.10.egg-info
[0.745s] running install_scripts
[0.759s] Installing barrel_manager script to /home/cqu/fly2/install/barrel_manager/lib/barrel_manager
[0.759s] writing list of installed files to '/home/cqu/fly2/build/barrel_manager/install.log'
[0.780s] Invoked command in '/home/cqu/fly2/src/barrel_manager' returned '0': AMENT_PREFIX_PATH=/home/cqu/fly2/install/px4_msgs:${AMENT_PREFIX_PATH} CMAKE_PREFIX_PATH=/home/cqu/fly2/install/px4_msgs LD_LIBRARY_PATH=/home/cqu/fly2/install/px4_msgs/lib:${LD_LIBRARY_PATH} PYTHONPATH=/home/cqu/fly2/build/barrel_manager/prefix_override:/usr/lib/python3/dist-packages/colcon_core/task/python/colcon_distutils_commands:/home/cqu/fly2/install/barrel_manager/lib/python3.10/site-packages:/home/cqu/fly2/install/px4_msgs/local/lib/python3.10/dist-packages:${PYTHONPATH} /usr/bin/python3 -W ignore:setup.py install is deprecated -W ignore:easy_install command is deprecated setup.py egg_info --egg-base ../../build/barrel_manager build --build-base /home/cqu/fly2/build/barrel_manager/build install --record /home/cqu/fly2/build/barrel_manager/install.log --single-version-externally-managed install_data
