[0.600s] Invoking command in '/home/cqu/fly2/src/detect': PYTHONPATH=/home/cqu/fly2/build/detect/prefix_override:/usr/lib/python3/dist-packages/colcon_core/task/python/colcon_distutils_commands:/home/cqu/fly2/install/detect/lib/python3.10/site-packages:${PYTHONPATH} /usr/bin/python3 -W ignore:setup.py install is deprecated -W ignore:easy_install command is deprecated setup.py egg_info --egg-base ../../build/detect build --build-base /home/cqu/fly2/build/detect/build install --record /home/cqu/fly2/build/detect/install.log --single-version-externally-managed install_data
[0.725s] running egg_info
[0.726s] writing ../../build/detect/detect.egg-info/PKG-INFO
[0.726s] writing dependency_links to ../../build/detect/detect.egg-info/dependency_links.txt
[0.726s] writing entry points to ../../build/detect/detect.egg-info/entry_points.txt
[0.726s] writing requirements to ../../build/detect/detect.egg-info/requires.txt
[0.726s] writing top-level names to ../../build/detect/detect.egg-info/top_level.txt
[0.727s] reading manifest file '../../build/detect/detect.egg-info/SOURCES.txt'
[0.728s] writing manifest file '../../build/detect/detect.egg-info/SOURCES.txt'
[0.728s] running build
[0.728s] running build_py
[0.728s] copying detect/planb.py -> /home/cqu/fly2/build/detect/build/lib/detect
[0.728s] running install
[0.728s] running install_lib
[0.729s] copying /home/cqu/fly2/build/detect/build/lib/detect/planb.py -> /home/cqu/fly2/install/detect/lib/python3.10/site-packages/detect
[0.729s] byte-compiling /home/cqu/fly2/install/detect/lib/python3.10/site-packages/detect/planb.py to planb.cpython-310.pyc
[0.730s] running install_data
[0.730s] running install_egg_info
[0.732s] removing '/home/cqu/fly2/install/detect/lib/python3.10/site-packages/detect-0.0.0-py3.10.egg-info' (and everything under it)
[0.732s] Copying ../../build/detect/detect.egg-info to /home/cqu/fly2/install/detect/lib/python3.10/site-packages/detect-0.0.0-py3.10.egg-info
[0.732s] running install_scripts
[0.744s] Installing barrel_manager script to /home/cqu/fly2/install/detect/lib/detect
[0.744s] Installing planb script to /home/cqu/fly2/install/detect/lib/detect
[0.744s] Installing switchd script to /home/cqu/fly2/install/detect/lib/detect
[0.745s] writing list of installed files to '/home/cqu/fly2/build/detect/install.log'
[0.763s] Invoked command in '/home/cqu/fly2/src/detect' returned '0': PYTHONPATH=/home/cqu/fly2/build/detect/prefix_override:/usr/lib/python3/dist-packages/colcon_core/task/python/colcon_distutils_commands:/home/cqu/fly2/install/detect/lib/python3.10/site-packages:${PYTHONPATH} /usr/bin/python3 -W ignore:setup.py install is deprecated -W ignore:easy_install command is deprecated setup.py egg_info --egg-base ../../build/detect build --build-base /home/cqu/fly2/build/detect/build install --record /home/cqu/fly2/build/detect/install.log --single-version-externally-managed install_data
