[0.798s] Invoking command in '/home/cqu/fly2/src/fly1': PYTHONPATH=/home/cqu/fly2/build/control/prefix_override:/usr/lib/python3/dist-packages/colcon_core/task/python/colcon_distutils_commands:/home/cqu/fly2/install/control/lib/python3.10/site-packages:${PYTHONPATH} /usr/bin/python3 -W ignore:setup.py install is deprecated -W ignore:easy_install command is deprecated setup.py egg_info --egg-base ../../build/control build --build-base /home/cqu/fly2/build/control/build install --record /home/cqu/fly2/build/control/install.log --single-version-externally-managed install_data
[0.982s] running egg_info
[0.983s] writing ../../build/control/control.egg-info/PKG-INFO
[0.983s] writing dependency_links to ../../build/control/control.egg-info/dependency_links.txt
[0.983s] writing entry points to ../../build/control/control.egg-info/entry_points.txt
[0.984s] writing requirements to ../../build/control/control.egg-info/requires.txt
[0.984s] writing top-level names to ../../build/control/control.egg-info/top_level.txt
[0.985s] reading manifest file '../../build/control/control.egg-info/SOURCES.txt'
[0.986s] writing manifest file '../../build/control/control.egg-info/SOURCES.txt'
[0.986s] running build
[0.986s] running build_py
[0.986s] running install
[0.986s] running install_lib
[0.987s] running install_data
[0.987s] running install_egg_info
[0.989s] removing '/home/cqu/fly2/install/control/lib/python3.10/site-packages/control-0.0.0-py3.10.egg-info' (and everything under it)
[0.989s] Copying ../../build/control/control.egg-info to /home/cqu/fly2/install/control/lib/python3.10/site-packages/control-0.0.0-py3.10.egg-info
[0.989s] running install_scripts
[1.009s] Installing water_drop_mission script to /home/cqu/fly2/install/control/lib/control
[1.009s] writing list of installed files to '/home/cqu/fly2/build/control/install.log'
[1.039s] Invoked command in '/home/cqu/fly2/src/fly1' returned '0': PYTHONPATH=/home/cqu/fly2/build/control/prefix_override:/usr/lib/python3/dist-packages/colcon_core/task/python/colcon_distutils_commands:/home/cqu/fly2/install/control/lib/python3.10/site-packages:${PYTHONPATH} /usr/bin/python3 -W ignore:setup.py install is deprecated -W ignore:easy_install command is deprecated setup.py egg_info --egg-base ../../build/control build --build-base /home/cqu/fly2/build/control/build install --record /home/cqu/fly2/build/control/install.log --single-version-externally-managed install_data
