[0.552s] Invoking command in '/home/cqu/fly2/src/detect': AMENT_PREFIX_PATH=/home/cqu/fly2/install/px4_msgs:${AMENT_PREFIX_PATH} CMAKE_PREFIX_PATH=/home/cqu/fly2/install/px4_msgs LD_LIBRARY_PATH=/home/cqu/fly2/install/px4_msgs/lib:${LD_LIBRARY_PATH} PYTHONPATH=/home/cqu/fly2/build/detect/prefix_override:/usr/lib/python3/dist-packages/colcon_core/task/python/colcon_distutils_commands:/home/cqu/fly2/install/detect/lib/python3.10/site-packages:/home/cqu/fly2/install/px4_msgs/local/lib/python3.10/dist-packages:${PYTHONPATH} /usr/bin/python3 -W ignore:setup.py install is deprecated -W ignore:easy_install command is deprecated setup.py egg_info --egg-base ../../build/detect build --build-base /home/cqu/fly2/build/detect/build install --record /home/cqu/fly2/build/detect/install.log --single-version-externally-managed install_data
[0.670s] running egg_info
[0.671s] writing ../../build/detect/detect.egg-info/PKG-INFO
[0.671s] writing dependency_links to ../../build/detect/detect.egg-info/dependency_links.txt
[0.672s] writing entry points to ../../build/detect/detect.egg-info/entry_points.txt
[0.672s] writing requirements to ../../build/detect/detect.egg-info/requires.txt
[0.672s] writing top-level names to ../../build/detect/detect.egg-info/top_level.txt
[0.673s] reading manifest file '../../build/detect/detect.egg-info/SOURCES.txt'
[0.673s] writing manifest file '../../build/detect/detect.egg-info/SOURCES.txt'
[0.673s] running build
[0.673s] running build_py
[0.673s] running install
[0.673s] running install_lib
[0.673s] running install_data
[0.674s] running install_egg_info
[0.674s] removing '/home/cqu/fly2/install/detect/lib/python3.10/site-packages/detect-0.0.0-py3.10.egg-info' (and everything under it)
[0.674s] Copying ../../build/detect/detect.egg-info to /home/cqu/fly2/install/detect/lib/python3.10/site-packages/detect-0.0.0-py3.10.egg-info
[0.674s] running install_scripts
[0.686s] Installing barrel_manager script to /home/cqu/fly2/install/detect/lib/detect
[0.687s] Installing planb script to /home/cqu/fly2/install/detect/lib/detect
[0.687s] Installing switchd script to /home/cqu/fly2/install/detect/lib/detect
[0.687s] writing list of installed files to '/home/cqu/fly2/build/detect/install.log'
[0.710s] Invoked command in '/home/cqu/fly2/src/detect' returned '0': AMENT_PREFIX_PATH=/home/cqu/fly2/install/px4_msgs:${AMENT_PREFIX_PATH} CMAKE_PREFIX_PATH=/home/cqu/fly2/install/px4_msgs LD_LIBRARY_PATH=/home/cqu/fly2/install/px4_msgs/lib:${LD_LIBRARY_PATH} PYTHONPATH=/home/cqu/fly2/build/detect/prefix_override:/usr/lib/python3/dist-packages/colcon_core/task/python/colcon_distutils_commands:/home/cqu/fly2/install/detect/lib/python3.10/site-packages:/home/cqu/fly2/install/px4_msgs/local/lib/python3.10/dist-packages:${PYTHONPATH} /usr/bin/python3 -W ignore:setup.py install is deprecated -W ignore:easy_install command is deprecated setup.py egg_info --egg-base ../../build/detect build --build-base /home/cqu/fly2/build/detect/build install --record /home/cqu/fly2/build/detect/install.log --single-version-externally-managed install_data
