[0.368s] [34mcolcon[0m [1;30mDEBUG[0m [32mCommand line arguments: ['/usr/bin/colcon', 'build', '--packages-select', 'px4_msgs', '--symlink-install'][0m
[0.368s] [34mcolcon[0m [1;30mDEBUG[0m [32mParsed command line arguments: Namespace(log_base=None, log_level=None, verb_name='build', build_base='build', install_base='install', merge_install=False, symlink_install=True, test_result_base=None, continue_on_error=False, executor='parallel', parallel_workers=6, event_handlers=None, ignore_user_meta=False, metas=['./colcon.meta'], base_paths=['.'], packages_ignore=None, packages_ignore_regex=None, paths=None, packages_up_to=None, packages_up_to_regex=None, packages_above=None, packages_above_and_dependencies=None, packages_above_depth=None, packages_select_by_dep=None, packages_skip_by_dep=None, packages_skip_up_to=None, packages_select_build_failed=False, packages_skip_build_finished=False, packages_select_test_failures=False, packages_skip_test_passed=False, packages_select=['px4_msgs'], packages_skip=None, packages_select_regex=None, packages_skip_regex=None, packages_start=None, packages_end=None, allow_overriding=[], cmake_args=None, cmake_target=None, cmake_target_skip_unavailable=False, cmake_clean_cache=False, cmake_clean_first=False, cmake_force_configure=False, ament_cmake_args=None, catkin_cmake_args=None, catkin_skip_building_tests=False, verb_parser=<colcon_defaults.argument_parser.defaults.DefaultArgumentsDecorator object at 0xffff7f5db040>, verb_extension=<colcon_core.verb.build.BuildVerb object at 0xffff7f5d9930>, main=<bound method BuildVerb.main of <colcon_core.verb.build.BuildVerb object at 0xffff7f5d9930>>)[0m
[0.732s] [34mcolcon.colcon_core.package_discovery[0m [1;30mLevel 1[0m discover_packages(colcon_meta) check parameters
[0.732s] [34mcolcon.colcon_core.package_discovery[0m [1;30mLevel 1[0m discover_packages(recursive) check parameters
[0.733s] [34mcolcon.colcon_core.package_discovery[0m [1;30mLevel 1[0m discover_packages(ignore) check parameters
[0.733s] [34mcolcon.colcon_core.package_discovery[0m [1;30mLevel 1[0m discover_packages(path) check parameters
[0.733s] [34mcolcon.colcon_core.package_discovery[0m [1;30mLevel 1[0m discover_packages(colcon_meta) discover
[0.733s] [34mcolcon.colcon_core.package_discovery[0m [1;30mLevel 1[0m discover_packages(recursive) discover
[0.733s] [34mcolcon.colcon_core.package_discovery[0m [1;30mINFO[0m Crawling recursively for packages in '/home/fly_ws'
[0.734s] [34mcolcon.colcon_core.package_identification[0m [1;30mLevel 1[0m _identify(.) by extensions ['ignore', 'ignore_ament_install']
[0.734s] [34mcolcon.colcon_core.package_identification[0m [1;30mLevel 1[0m _identify(.) by extension 'ignore'
[0.734s] [34mcolcon.colcon_core.package_identification[0m [1;30mLevel 1[0m _identify(.) by extension 'ignore_ament_install'
[0.734s] [34mcolcon.colcon_core.package_identification[0m [1;30mLevel 1[0m _identify(.) by extensions ['colcon_pkg']
[0.734s] [34mcolcon.colcon_core.package_identification[0m [1;30mLevel 1[0m _identify(.) by extension 'colcon_pkg'
[0.735s] [34mcolcon.colcon_core.package_identification[0m [1;30mLevel 1[0m _identify(.) by extensions ['colcon_meta']
[0.735s] [34mcolcon.colcon_core.package_identification[0m [1;30mLevel 1[0m _identify(.) by extension 'colcon_meta'
[0.735s] [34mcolcon.colcon_core.package_identification[0m [1;30mLevel 1[0m _identify(.) by extensions ['ros']
[0.735s] [34mcolcon.colcon_core.package_identification[0m [1;30mLevel 1[0m _identify(.) by extension 'ros'
[0.912s] [34mcolcon.colcon_core.package_identification[0m [1;30mLevel 1[0m _identify(.) by extensions ['cmake', 'python']
[0.912s] [34mcolcon.colcon_core.package_identification[0m [1;30mLevel 1[0m _identify(.) by extension 'cmake'
[0.912s] [34mcolcon.colcon_core.package_identification[0m [1;30mLevel 1[0m _identify(.) by extension 'python'
[0.912s] [34mcolcon.colcon_core.package_identification[0m [1;30mLevel 1[0m _identify(.) by extensions ['python_setup_py']
[0.913s] [34mcolcon.colcon_core.package_identification[0m [1;30mLevel 1[0m _identify(.) by extension 'python_setup_py'
[0.913s] [34mcolcon.colcon_core.package_identification[0m [1;30mLevel 1[0m _identify(build) by extensions ['ignore', 'ignore_ament_install']
[0.913s] [34mcolcon.colcon_core.package_identification[0m [1;30mLevel 1[0m _identify(build) by extension 'ignore'
[0.914s] [34mcolcon.colcon_core.package_identification[0m [1;30mLevel 1[0m _identify(build) ignored
[0.914s] [34mcolcon.colcon_core.package_identification[0m [1;30mLevel 1[0m _identify(install) by extensions ['ignore', 'ignore_ament_install']
[0.914s] [34mcolcon.colcon_core.package_identification[0m [1;30mLevel 1[0m _identify(install) by extension 'ignore'
[0.914s] [34mcolcon.colcon_core.package_identification[0m [1;30mLevel 1[0m _identify(install) ignored
[0.915s] [34mcolcon.colcon_core.package_identification[0m [1;30mLevel 1[0m _identify(log) by extensions ['ignore', 'ignore_ament_install']
[0.915s] [34mcolcon.colcon_core.package_identification[0m [1;30mLevel 1[0m _identify(log) by extension 'ignore'
[0.915s] [34mcolcon.colcon_core.package_identification[0m [1;30mLevel 1[0m _identify(log) ignored
[0.915s] [34mcolcon.colcon_core.package_identification[0m [1;30mLevel 1[0m _identify(src) by extensions ['ignore', 'ignore_ament_install']
[0.916s] [34mcolcon.colcon_core.package_identification[0m [1;30mLevel 1[0m _identify(src) by extension 'ignore'
[0.916s] [34mcolcon.colcon_core.package_identification[0m [1;30mLevel 1[0m _identify(src) by extension 'ignore_ament_install'
[0.916s] [34mcolcon.colcon_core.package_identification[0m [1;30mLevel 1[0m _identify(src) by extensions ['colcon_pkg']
[0.916s] [34mcolcon.colcon_core.package_identification[0m [1;30mLevel 1[0m _identify(src) by extension 'colcon_pkg'
[0.916s] [34mcolcon.colcon_core.package_identification[0m [1;30mLevel 1[0m _identify(src) by extensions ['colcon_meta']
[0.916s] [34mcolcon.colcon_core.package_identification[0m [1;30mLevel 1[0m _identify(src) by extension 'colcon_meta'
[0.916s] [34mcolcon.colcon_core.package_identification[0m [1;30mLevel 1[0m _identify(src) by extensions ['ros']
[0.916s] [34mcolcon.colcon_core.package_identification[0m [1;30mLevel 1[0m _identify(src) by extension 'ros'
[0.917s] [34mcolcon.colcon_core.package_identification[0m [1;30mLevel 1[0m _identify(src) by extensions ['cmake', 'python']
[0.917s] [34mcolcon.colcon_core.package_identification[0m [1;30mLevel 1[0m _identify(src) by extension 'cmake'
[0.917s] [34mcolcon.colcon_core.package_identification[0m [1;30mLevel 1[0m _identify(src) by extension 'python'
[0.917s] [34mcolcon.colcon_core.package_identification[0m [1;30mLevel 1[0m _identify(src) by extensions ['python_setup_py']
[0.917s] [34mcolcon.colcon_core.package_identification[0m [1;30mLevel 1[0m _identify(src) by extension 'python_setup_py'
[0.917s] [34mcolcon.colcon_core.package_identification[0m [1;30mLevel 1[0m _identify(src/detect) by extensions ['ignore', 'ignore_ament_install']
[0.917s] [34mcolcon.colcon_core.package_identification[0m [1;30mLevel 1[0m _identify(src/detect) by extension 'ignore'
[0.918s] [34mcolcon.colcon_core.package_identification[0m [1;30mLevel 1[0m _identify(src/detect) by extension 'ignore_ament_install'
[0.918s] [34mcolcon.colcon_core.package_identification[0m [1;30mLevel 1[0m _identify(src/detect) by extensions ['colcon_pkg']
[0.918s] [34mcolcon.colcon_core.package_identification[0m [1;30mLevel 1[0m _identify(src/detect) by extension 'colcon_pkg'
[0.918s] [34mcolcon.colcon_core.package_identification[0m [1;30mLevel 1[0m _identify(src/detect) by extensions ['colcon_meta']
[0.918s] [34mcolcon.colcon_core.package_identification[0m [1;30mLevel 1[0m _identify(src/detect) by extension 'colcon_meta'
[0.918s] [34mcolcon.colcon_core.package_identification[0m [1;30mLevel 1[0m _identify(src/detect) by extensions ['ros']
[0.918s] [34mcolcon.colcon_core.package_identification[0m [1;30mLevel 1[0m _identify(src/detect) by extension 'ros'
[0.924s] [34mcolcon.colcon_core.package_identification[0m [1;30mDEBUG[0m [32mPackage 'src/detect' with type 'ros.ament_python' and name 'detect'[0m
[0.925s] [34mcolcon.colcon_core.package_identification[0m [1;30mLevel 1[0m _identify(src/fly1) by extensions ['ignore', 'ignore_ament_install']
[0.925s] [34mcolcon.colcon_core.package_identification[0m [1;30mLevel 1[0m _identify(src/fly1) by extension 'ignore'
[0.926s] [34mcolcon.colcon_core.package_identification[0m [1;30mLevel 1[0m _identify(src/fly1) by extension 'ignore_ament_install'
[0.926s] [34mcolcon.colcon_core.package_identification[0m [1;30mLevel 1[0m _identify(src/fly1) by extensions ['colcon_pkg']
[0.926s] [34mcolcon.colcon_core.package_identification[0m [1;30mLevel 1[0m _identify(src/fly1) by extension 'colcon_pkg'
[0.926s] [34mcolcon.colcon_core.package_identification[0m [1;30mLevel 1[0m _identify(src/fly1) by extensions ['colcon_meta']
[0.926s] [34mcolcon.colcon_core.package_identification[0m [1;30mLevel 1[0m _identify(src/fly1) by extension 'colcon_meta'
[0.926s] [34mcolcon.colcon_core.package_identification[0m [1;30mLevel 1[0m _identify(src/fly1) by extensions ['ros']
[0.926s] [34mcolcon.colcon_core.package_identification[0m [1;30mLevel 1[0m _identify(src/fly1) by extension 'ros'
[0.928s] [34mcolcon.colcon_core.package_identification[0m [1;30mDEBUG[0m [32mPackage 'src/fly1' with type 'ros.ament_python' and name 'control'[0m
[0.928s] [34mcolcon.colcon_core.package_identification[0m [1;30mLevel 1[0m _identify(src/px4_msgs) by extensions ['ignore', 'ignore_ament_install']
[0.929s] [34mcolcon.colcon_core.package_identification[0m [1;30mLevel 1[0m _identify(src/px4_msgs) by extension 'ignore'
[0.929s] [34mcolcon.colcon_core.package_identification[0m [1;30mLevel 1[0m _identify(src/px4_msgs) by extension 'ignore_ament_install'
[0.929s] [34mcolcon.colcon_core.package_identification[0m [1;30mLevel 1[0m _identify(src/px4_msgs) by extensions ['colcon_pkg']
[0.929s] [34mcolcon.colcon_core.package_identification[0m [1;30mLevel 1[0m _identify(src/px4_msgs) by extension 'colcon_pkg'
[0.929s] [34mcolcon.colcon_core.package_identification[0m [1;30mLevel 1[0m _identify(src/px4_msgs) by extensions ['colcon_meta']
[0.929s] [34mcolcon.colcon_core.package_identification[0m [1;30mLevel 1[0m _identify(src/px4_msgs) by extension 'colcon_meta'
[0.929s] [34mcolcon.colcon_core.package_identification[0m [1;30mLevel 1[0m _identify(src/px4_msgs) by extensions ['ros']
[0.929s] [34mcolcon.colcon_core.package_identification[0m [1;30mLevel 1[0m _identify(src/px4_msgs) by extension 'ros'
[0.931s] [34mcolcon.colcon_core.package_identification[0m [1;30mDEBUG[0m [32mPackage 'src/px4_msgs' with type 'ros.ament_cmake' and name 'px4_msgs'[0m
[0.931s] [34mcolcon.colcon_core.package_discovery[0m [1;30mLevel 1[0m discover_packages(recursive) using defaults
[0.931s] [34mcolcon.colcon_core.package_discovery[0m [1;30mLevel 1[0m discover_packages(ignore) discover
[0.931s] [34mcolcon.colcon_core.package_discovery[0m [1;30mLevel 1[0m discover_packages(ignore) using defaults
[0.931s] [34mcolcon.colcon_core.package_discovery[0m [1;30mLevel 1[0m discover_packages(path) discover
[0.932s] [34mcolcon.colcon_core.package_discovery[0m [1;30mLevel 1[0m discover_packages(path) using defaults
[0.975s] [34mcolcon.colcon_core.package_selection[0m [1;30mINFO[0m Skipping not selected package 'detect' in 'src/detect'
[0.975s] [34mcolcon.colcon_core.package_selection[0m [1;30mINFO[0m Skipping not selected package 'control' in 'src/fly1'
[0.976s] [34mcolcon.colcon_core.package_discovery[0m [1;30mLevel 1[0m discover_packages(prefix_path) check parameters
[0.976s] [34mcolcon.colcon_core.package_discovery[0m [1;30mLevel 1[0m discover_packages(prefix_path) discover
[0.984s] [34mcolcon.colcon_installed_package_information.package_discovery[0m [1;30mDEBUG[0m [32mFound 189 installed packages in /opt/ros/humble[0m
[0.986s] [34mcolcon.colcon_core.package_discovery[0m [1;30mLevel 1[0m discover_packages(prefix_path) using defaults
[1.040s] [34mcolcon.colcon_core.verb[0m [1;30mLevel 5[0m set package 'px4_msgs' build argument 'cmake_args' from command line to 'None'
[1.041s] [34mcolcon.colcon_core.verb[0m [1;30mLevel 5[0m set package 'px4_msgs' build argument 'cmake_target' from command line to 'None'
[1.041s] [34mcolcon.colcon_core.verb[0m [1;30mLevel 5[0m set package 'px4_msgs' build argument 'cmake_target_skip_unavailable' from command line to 'False'
[1.041s] [34mcolcon.colcon_core.verb[0m [1;30mLevel 5[0m set package 'px4_msgs' build argument 'cmake_clean_cache' from command line to 'False'
[1.041s] [34mcolcon.colcon_core.verb[0m [1;30mLevel 5[0m set package 'px4_msgs' build argument 'cmake_clean_first' from command line to 'False'
[1.041s] [34mcolcon.colcon_core.verb[0m [1;30mLevel 5[0m set package 'px4_msgs' build argument 'cmake_force_configure' from command line to 'False'
[1.041s] [34mcolcon.colcon_core.verb[0m [1;30mLevel 5[0m set package 'px4_msgs' build argument 'ament_cmake_args' from command line to 'None'
[1.041s] [34mcolcon.colcon_core.verb[0m [1;30mLevel 5[0m set package 'px4_msgs' build argument 'catkin_cmake_args' from command line to 'None'
[1.041s] [34mcolcon.colcon_core.verb[0m [1;30mLevel 5[0m set package 'px4_msgs' build argument 'catkin_skip_building_tests' from command line to 'False'
[1.041s] [34mcolcon.colcon_core.verb[0m [1;30mDEBUG[0m [32mBuilding package 'px4_msgs' with the following arguments: {'ament_cmake_args': None, 'build_base': '/home/fly_ws/build/px4_msgs', 'catkin_cmake_args': None, 'catkin_skip_building_tests': False, 'cmake_args': None, 'cmake_clean_cache': False, 'cmake_clean_first': False, 'cmake_force_configure': False, 'cmake_target': None, 'cmake_target_skip_unavailable': False, 'install_base': '/home/fly_ws/install/px4_msgs', 'merge_install': False, 'path': '/home/fly_ws/src/px4_msgs', 'symlink_install': True, 'test_result_base': None}[0m
[1.042s] [34mcolcon.colcon_core.executor[0m [1;30mINFO[0m Executing jobs using 'parallel' executor
[1.044s] [34mcolcon.colcon_parallel_executor.executor.parallel[0m [1;30mDEBUG[0m [32mrun_until_complete[0m
[1.045s] [34mcolcon.colcon_ros.task.ament_cmake.build[0m [1;30mINFO[0m Building ROS package in '/home/fly_ws/src/px4_msgs' with build type 'ament_cmake'
[1.045s] [34mcolcon.colcon_cmake.task.cmake.build[0m [1;30mINFO[0m Building CMake package in '/home/fly_ws/src/px4_msgs'
[1.051s] [34mcolcon.colcon_core.plugin_system[0m [1;30mINFO[0m Skipping extension 'colcon_core.shell.bat': Not used on non-Windows systems
[1.051s] [34mcolcon.colcon_core.shell[0m [1;30mINFO[0m Skip shell extension 'powershell' for command environment: Not usable outside of PowerShell
[1.051s] [34mcolcon.colcon_core.shell[0m [1;30mDEBUG[0m [32mSkip shell extension 'dsv' for command environment[0m
[1.071s] [34mcolcon.colcon_core.event_handler.log_command[0m [1;30mDEBUG[0m [32mInvoking command in '/home/fly_ws/build/px4_msgs': CMAKE_PREFIX_PATH=/opt/ros/humble /usr/bin/cmake /home/fly_ws/src/px4_msgs -DAMENT_CMAKE_SYMLINK_INSTALL=1 -DCMAKE_INSTALL_PREFIX=/home/fly_ws/install/px4_msgs[0m
[9.957s] [34mcolcon.colcon_core.event_handler.log_command[0m [1;30mDEBUG[0m [32mInvoked command in '/home/fly_ws/build/px4_msgs' returned '0': CMAKE_PREFIX_PATH=/opt/ros/humble /usr/bin/cmake /home/fly_ws/src/px4_msgs -DAMENT_CMAKE_SYMLINK_INSTALL=1 -DCMAKE_INSTALL_PREFIX=/home/fly_ws/install/px4_msgs[0m
[9.958s] [34mcolcon.colcon_core.event_handler.log_command[0m [1;30mDEBUG[0m [32mInvoking command in '/home/fly_ws/build/px4_msgs': CMAKE_PREFIX_PATH=/opt/ros/humble /usr/bin/cmake --build /home/fly_ws/build/px4_msgs -- -j6 -l6[0m
[1039.517s] [34mcolcon.colcon_core.event_handler.log_command[0m [1;30mDEBUG[0m [32mInvoked command in '/home/fly_ws/build/px4_msgs' returned '0': CMAKE_PREFIX_PATH=/opt/ros/humble /usr/bin/cmake --build /home/fly_ws/build/px4_msgs -- -j6 -l6[0m
[1039.543s] [34mcolcon.colcon_core.event_handler.log_command[0m [1;30mDEBUG[0m [32mInvoking command in '/home/fly_ws/build/px4_msgs': CMAKE_PREFIX_PATH=/opt/ros/humble /usr/bin/cmake --install /home/fly_ws/build/px4_msgs[0m
[1120.028s] [34mcolcon.colcon_core.environment[0m [1;30mLevel 1[0m create_environment_scripts_only(px4_msgs)
[1120.029s] [34mcolcon.colcon_core.event_handler.log_command[0m [1;30mDEBUG[0m [32mInvoked command in '/home/fly_ws/build/px4_msgs' returned '0': CMAKE_PREFIX_PATH=/opt/ros/humble /usr/bin/cmake --install /home/fly_ws/build/px4_msgs[0m
[1120.035s] [34mcolcon.colcon_core.environment[0m [1;30mLevel 1[0m checking '/home/fly_ws/install/px4_msgs' for CMake module files
[1120.037s] [34mcolcon.colcon_core.environment[0m [1;30mLevel 1[0m checking '/home/fly_ws/install/px4_msgs' for CMake config files
[1120.046s] [34mcolcon.colcon_core.shell[0m [1;30mLevel 1[0m create_environment_hook('px4_msgs', 'cmake_prefix_path')
[1120.047s] [34mcolcon.colcon_core.shell[0m [1;30mINFO[0m Creating environment hook '/home/fly_ws/install/px4_msgs/share/px4_msgs/hook/cmake_prefix_path.ps1'
[1120.049s] [34mcolcon.colcon_core.shell[0m [1;30mINFO[0m Creating environment descriptor '/home/fly_ws/install/px4_msgs/share/px4_msgs/hook/cmake_prefix_path.dsv'
[1120.050s] [34mcolcon.colcon_core.shell[0m [1;30mINFO[0m Creating environment hook '/home/fly_ws/install/px4_msgs/share/px4_msgs/hook/cmake_prefix_path.sh'
[1120.055s] [34mcolcon.colcon_core.environment[0m [1;30mLevel 1[0m checking '/home/fly_ws/install/px4_msgs/lib'
[1120.056s] [34mcolcon.colcon_core.shell[0m [1;30mLevel 1[0m create_environment_hook('px4_msgs', 'ld_library_path_lib')
[1120.056s] [34mcolcon.colcon_core.shell[0m [1;30mINFO[0m Creating environment hook '/home/fly_ws/install/px4_msgs/share/px4_msgs/hook/ld_library_path_lib.ps1'
[1120.058s] [34mcolcon.colcon_core.shell[0m [1;30mINFO[0m Creating environment descriptor '/home/fly_ws/install/px4_msgs/share/px4_msgs/hook/ld_library_path_lib.dsv'
[1120.059s] [34mcolcon.colcon_core.shell[0m [1;30mINFO[0m Creating environment hook '/home/fly_ws/install/px4_msgs/share/px4_msgs/hook/ld_library_path_lib.sh'
[1120.059s] [34mcolcon.colcon_core.environment[0m [1;30mLevel 1[0m checking '/home/fly_ws/install/px4_msgs/bin'
[1120.060s] [34mcolcon.colcon_core.environment[0m [1;30mLevel 1[0m checking '/home/fly_ws/install/px4_msgs/lib/pkgconfig/px4_msgs.pc'
[1120.060s] [34mcolcon.colcon_core.environment[0m [1;30mLevel 1[0m checking '/home/fly_ws/install/px4_msgs/lib/python3.10/site-packages'
[1120.061s] [34mcolcon.colcon_core.environment[0m [1;30mLevel 1[0m checking '/home/fly_ws/install/px4_msgs/bin'
[1120.061s] [34mcolcon.colcon_core.shell[0m [1;30mINFO[0m Creating package script '/home/fly_ws/install/px4_msgs/share/px4_msgs/package.ps1'
[1120.063s] [34mcolcon.colcon_core.shell[0m [1;30mINFO[0m Creating package descriptor '/home/fly_ws/install/px4_msgs/share/px4_msgs/package.dsv'
[1120.065s] [34mcolcon.colcon_core.shell[0m [1;30mINFO[0m Creating package script '/home/fly_ws/install/px4_msgs/share/px4_msgs/package.sh'
[1120.066s] [34mcolcon.colcon_core.shell[0m [1;30mINFO[0m Creating package script '/home/fly_ws/install/px4_msgs/share/px4_msgs/package.bash'
[1120.068s] [34mcolcon.colcon_core.shell[0m [1;30mINFO[0m Creating package script '/home/fly_ws/install/px4_msgs/share/px4_msgs/package.zsh'
[1120.069s] [34mcolcon.colcon_core.environment[0m [1;30mLevel 1[0m create_file_with_runtime_dependencies(/home/fly_ws/install/px4_msgs/share/colcon-core/packages/px4_msgs)
[1120.071s] [34mcolcon.colcon_core.environment[0m [1;30mLevel 1[0m create_environment_scripts_only(px4_msgs)
[1120.071s] [34mcolcon.colcon_core.environment[0m [1;30mLevel 1[0m checking '/home/fly_ws/install/px4_msgs' for CMake module files
[1120.073s] [34mcolcon.colcon_core.environment[0m [1;30mLevel 1[0m checking '/home/fly_ws/install/px4_msgs' for CMake config files
[1120.081s] [34mcolcon.colcon_core.shell[0m [1;30mLevel 1[0m create_environment_hook('px4_msgs', 'cmake_prefix_path')
[1120.082s] [34mcolcon.colcon_core.shell[0m [1;30mINFO[0m Creating environment hook '/home/fly_ws/install/px4_msgs/share/px4_msgs/hook/cmake_prefix_path.ps1'
[1120.084s] [34mcolcon.colcon_core.shell[0m [1;30mINFO[0m Creating environment descriptor '/home/fly_ws/install/px4_msgs/share/px4_msgs/hook/cmake_prefix_path.dsv'
[1120.084s] [34mcolcon.colcon_core.shell[0m [1;30mINFO[0m Creating environment hook '/home/fly_ws/install/px4_msgs/share/px4_msgs/hook/cmake_prefix_path.sh'
[1120.086s] [34mcolcon.colcon_core.environment[0m [1;30mLevel 1[0m checking '/home/fly_ws/install/px4_msgs/lib'
[1120.086s] [34mcolcon.colcon_core.shell[0m [1;30mLevel 1[0m create_environment_hook('px4_msgs', 'ld_library_path_lib')
[1120.087s] [34mcolcon.colcon_core.shell[0m [1;30mINFO[0m Creating environment hook '/home/fly_ws/install/px4_msgs/share/px4_msgs/hook/ld_library_path_lib.ps1'
[1120.088s] [34mcolcon.colcon_core.shell[0m [1;30mINFO[0m Creating environment descriptor '/home/fly_ws/install/px4_msgs/share/px4_msgs/hook/ld_library_path_lib.dsv'
[1120.089s] [34mcolcon.colcon_core.shell[0m [1;30mINFO[0m Creating environment hook '/home/fly_ws/install/px4_msgs/share/px4_msgs/hook/ld_library_path_lib.sh'
[1120.091s] [34mcolcon.colcon_core.environment[0m [1;30mLevel 1[0m checking '/home/fly_ws/install/px4_msgs/bin'
[1120.091s] [34mcolcon.colcon_core.environment[0m [1;30mLevel 1[0m checking '/home/fly_ws/install/px4_msgs/lib/pkgconfig/px4_msgs.pc'
[1120.091s] [34mcolcon.colcon_core.environment[0m [1;30mLevel 1[0m checking '/home/fly_ws/install/px4_msgs/lib/python3.10/site-packages'
[1120.092s] [34mcolcon.colcon_core.environment[0m [1;30mLevel 1[0m checking '/home/fly_ws/install/px4_msgs/bin'
[1120.093s] [34mcolcon.colcon_core.shell[0m [1;30mINFO[0m Creating package script '/home/fly_ws/install/px4_msgs/share/px4_msgs/package.ps1'
[1120.094s] [34mcolcon.colcon_core.shell[0m [1;30mINFO[0m Creating package descriptor '/home/fly_ws/install/px4_msgs/share/px4_msgs/package.dsv'
[1120.095s] [34mcolcon.colcon_core.shell[0m [1;30mINFO[0m Creating package script '/home/fly_ws/install/px4_msgs/share/px4_msgs/package.sh'
[1120.096s] [34mcolcon.colcon_core.shell[0m [1;30mINFO[0m Creating package script '/home/fly_ws/install/px4_msgs/share/px4_msgs/package.bash'
[1120.097s] [34mcolcon.colcon_core.shell[0m [1;30mINFO[0m Creating package script '/home/fly_ws/install/px4_msgs/share/px4_msgs/package.zsh'
[1120.098s] [34mcolcon.colcon_core.environment[0m [1;30mLevel 1[0m create_file_with_runtime_dependencies(/home/fly_ws/install/px4_msgs/share/colcon-core/packages/px4_msgs)
[1120.099s] [34mcolcon.colcon_parallel_executor.executor.parallel[0m [1;30mDEBUG[0m [32mclosing loop[0m
[1120.100s] [34mcolcon.colcon_parallel_executor.executor.parallel[0m [1;30mDEBUG[0m [32mloop closed[0m
[1120.100s] [34mcolcon.colcon_parallel_executor.executor.parallel[0m [1;30mDEBUG[0m [32mrun_until_complete finished with '0'[0m
[1120.100s] [34mcolcon.colcon_core.event_reactor[0m [1;30mDEBUG[0m [32mjoining thread[0m
[1120.114s] [34mcolcon.colcon_core.plugin_system[0m [1;30mINFO[0m Skipping extension 'colcon_notification.desktop_notification.notify_send': Could not find 'notify-send'
[1120.114s] [34mcolcon.colcon_core.plugin_system[0m [1;30mINFO[0m Skipping extension 'colcon_notification.desktop_notification.terminal_notifier': Not used on non-Darwin systems
[1120.114s] [34mcolcon.colcon_core.plugin_system[0m [1;30mINFO[0m Skipping extension 'colcon_notification.desktop_notification.win32': Not used on non-Windows systems
[1120.114s] [34mcolcon.colcon_notification.desktop_notification[0m [1;30mINFO[0m Sending desktop notification using 'notify2'
[1120.121s] [34mcolcon.colcon_notification.desktop_notification.notify2[0m [1;30mDEBUG[0m [32mFailed to initialize notify2: org.freedesktop.DBus.Error.Spawn.ExecFailed: /usr/bin/dbus-launch terminated abnormally without any error message[0m
[1120.122s] [34mcolcon.colcon_core.event_reactor[0m [1;30mDEBUG[0m [32mjoined thread[0m
[1120.123s] [34mcolcon.colcon_core.shell[0m [1;30mINFO[0m Creating prefix script '/home/fly_ws/install/local_setup.ps1'
[1120.126s] [34mcolcon.colcon_core.shell[0m [1;30mINFO[0m Creating prefix util module '/home/fly_ws/install/_local_setup_util_ps1.py'
[1120.129s] [34mcolcon.colcon_core.shell[0m [1;30mINFO[0m Creating prefix chain script '/home/fly_ws/install/setup.ps1'
[1120.132s] [34mcolcon.colcon_core.shell[0m [1;30mINFO[0m Creating prefix script '/home/fly_ws/install/local_setup.sh'
[1120.133s] [34mcolcon.colcon_core.shell[0m [1;30mINFO[0m Creating prefix util module '/home/fly_ws/install/_local_setup_util_sh.py'
[1120.135s] [34mcolcon.colcon_core.shell[0m [1;30mINFO[0m Creating prefix chain script '/home/fly_ws/install/setup.sh'
[1120.137s] [34mcolcon.colcon_core.shell[0m [1;30mINFO[0m Creating prefix script '/home/fly_ws/install/local_setup.bash'
[1120.138s] [34mcolcon.colcon_core.shell[0m [1;30mINFO[0m Creating prefix chain script '/home/fly_ws/install/setup.bash'
[1120.140s] [34mcolcon.colcon_core.shell[0m [1;30mINFO[0m Creating prefix script '/home/fly_ws/install/local_setup.zsh'
[1120.141s] [34mcolcon.colcon_core.shell[0m [1;30mINFO[0m Creating prefix chain script '/home/fly_ws/install/setup.zsh'
