[2.690s] Invoking command in '/home/fly2_ws/src/detect': CMAKE_PREFIX_PATH=/home/fly2_ws/install/px4_msgs:/home/fly2_ws/fly2_ws/install/test_interface:/home/fly2_ws/fly2_ws/install/px4_msgs LD_LIBRARY_PATH=/home/fly2_ws/install/px4_msgs/lib:/home/fly2_ws/fly2_ws/install/test_interface/lib:/home/fly2_ws/fly2_ws/install/px4_msgs/lib:/opt/ros/humble/lib/aarch64-linux-gnu:/opt/ros/humble/lib:/usr/local/cuda/lib64 PYTHONPATH=/home/fly2_ws/build/detect/prefix_override:/usr/lib/python3/dist-packages/colcon_core/task/python/colcon_distutils_commands:/home/fly2_ws/install/detect/lib/python3.10/site-packages:${PYTHONPATH} /usr/bin/python3 -W ignore:setup.py install is deprecated -W ignore:easy_install command is deprecated setup.py egg_info --egg-base ../../build/detect build --build-base /home/fly2_ws/build/detect/build install --record /home/fly2_ws/build/detect/install.log --single-version-externally-managed install_data
[3.271s] running egg_info
[3.285s] writing ../../build/detect/detect.egg-info/PKG-INFO
[3.286s] writing dependency_links to ../../build/detect/detect.egg-info/dependency_links.txt
[3.286s] writing entry points to ../../build/detect/detect.egg-info/entry_points.txt
[3.286s] writing requirements to ../../build/detect/detect.egg-info/requires.txt
[3.287s] writing top-level names to ../../build/detect/detect.egg-info/top_level.txt
[3.287s] reading manifest file '../../build/detect/detect.egg-info/SOURCES.txt'
[3.288s] writing manifest file '../../build/detect/detect.egg-info/SOURCES.txt'
[3.289s] running build
[3.289s] running build_py
[3.290s] copying detect/barrel_manager_node.py -> /home/fly2_ws/build/detect/build/lib/detect
[3.290s] warning: build_py: byte-compiling is disabled, skipping.
[3.291s] 
[3.291s] running install
[3.292s] running install_lib
[3.293s] copying /home/fly2_ws/build/detect/build/lib/detect/barrel_manager_node.py -> /home/fly2_ws/install/detect/lib/python3.10/site-packages/detect
[3.294s] warning: install_lib: byte-compiling is disabled, skipping.
[3.295s] 
[3.297s] running install_data
[3.299s] running install_egg_info
[3.299s] removing '/home/fly2_ws/install/detect/lib/python3.10/site-packages/detect-0.0.0-py3.10.egg-info' (and everything under it)
[3.305s] Copying ../../build/detect/detect.egg-info to /home/fly2_ws/install/detect/lib/python3.10/site-packages/detect-0.0.0-py3.10.egg-info
[3.306s] running install_scripts
[3.349s] Installing barrel_manager script to /home/fly2_ws/install/detect/lib/detect
[3.349s] Installing planb script to /home/fly2_ws/install/detect/lib/detect
[3.350s] Installing switchd script to /home/fly2_ws/install/detect/lib/detect
[3.351s] writing list of installed files to '/home/fly2_ws/build/detect/install.log'
[3.472s] Invoked command in '/home/fly2_ws/src/detect' returned '0': CMAKE_PREFIX_PATH=/home/fly2_ws/install/px4_msgs:/home/fly2_ws/fly2_ws/install/test_interface:/home/fly2_ws/fly2_ws/install/px4_msgs LD_LIBRARY_PATH=/home/fly2_ws/install/px4_msgs/lib:/home/fly2_ws/fly2_ws/install/test_interface/lib:/home/fly2_ws/fly2_ws/install/px4_msgs/lib:/opt/ros/humble/lib/aarch64-linux-gnu:/opt/ros/humble/lib:/usr/local/cuda/lib64 PYTHONPATH=/home/fly2_ws/build/detect/prefix_override:/usr/lib/python3/dist-packages/colcon_core/task/python/colcon_distutils_commands:/home/fly2_ws/install/detect/lib/python3.10/site-packages:${PYTHONPATH} /usr/bin/python3 -W ignore:setup.py install is deprecated -W ignore:easy_install command is deprecated setup.py egg_info --egg-base ../../build/detect build --build-base /home/fly2_ws/build/detect/build install --record /home/fly2_ws/build/detect/install.log --single-version-externally-managed install_data
