[2.777s] Invoking command in '/home/fly2_ws/src/detect': AMENT_PREFIX_PATH=/home/fly2_ws/install/px4_msgs:${AMENT_PREFIX_PATH} CMAKE_PREFIX_PATH=/home/fly2_ws/install/px4_msgs LD_LIBRARY_PATH=/home/fly2_ws/install/px4_msgs/lib:/opt/ros/humble/lib/aarch64-linux-gnu:/opt/ros/humble/lib:/usr/local/cuda/lib64 PYTHONPATH=/home/fly2_ws/build/detect/prefix_override:/usr/lib/python3/dist-packages/colcon_core/task/python/colcon_distutils_commands:/home/fly2_ws/install/detect/lib/python3.10/site-packages:/home/fly2_ws/install/px4_msgs/local/lib/python3.10/dist-packages:${PYTHONPATH} /usr/bin/python3 -W ignore:setup.py install is deprecated -W ignore:easy_install command is deprecated setup.py egg_info --egg-base ../../build/detect build --build-base /home/fly2_ws/build/detect/build install --record /home/fly2_ws/build/detect/install.log --single-version-externally-managed install_data
[3.276s] running egg_info
[3.278s] writing ../../build/detect/detect.egg-info/PKG-INFO
[3.280s] writing dependency_links to ../../build/detect/detect.egg-info/dependency_links.txt
[3.280s] writing entry points to ../../build/detect/detect.egg-info/entry_points.txt
[3.280s] writing requirements to ../../build/detect/detect.egg-info/requires.txt
[3.280s] writing top-level names to ../../build/detect/detect.egg-info/top_level.txt
[3.283s] reading manifest file '../../build/detect/detect.egg-info/SOURCES.txt'
[3.285s] writing manifest file '../../build/detect/detect.egg-info/SOURCES.txt'
[3.285s] running build
[3.286s] running build_py
[3.286s] copying detect/switchd.py -> /home/fly2_ws/build/detect/build/lib/detect
[3.288s] warning: build_py: byte-compiling is disabled, skipping.
[3.288s] 
[3.288s] running install
[3.288s] running install_lib
[3.290s] copying /home/fly2_ws/build/detect/build/lib/detect/switchd.py -> /home/fly2_ws/install/detect/lib/python3.10/site-packages/detect
[3.291s] running install_data
[3.291s] warning: install_lib: byte-compiling is disabled, skipping.
[3.291s] 
[3.291s] running install_egg_info
[3.295s] removing '/home/fly2_ws/install/detect/lib/python3.10/site-packages/detect-0.0.0-py3.10.egg-info' (and everything under it)
[3.297s] Copying ../../build/detect/detect.egg-info to /home/fly2_ws/install/detect/lib/python3.10/site-packages/detect-0.0.0-py3.10.egg-info
[3.299s] running install_scripts
[3.343s] Installing barrel_manager script to /home/fly2_ws/install/detect/lib/detect
[3.343s] Installing planb script to /home/fly2_ws/install/detect/lib/detect
[3.344s] Installing switchd script to /home/fly2_ws/install/detect/lib/detect
[3.345s] writing list of installed files to '/home/fly2_ws/build/detect/install.log'
[3.468s] Invoked command in '/home/fly2_ws/src/detect' returned '0': AMENT_PREFIX_PATH=/home/fly2_ws/install/px4_msgs:${AMENT_PREFIX_PATH} CMAKE_PREFIX_PATH=/home/fly2_ws/install/px4_msgs LD_LIBRARY_PATH=/home/fly2_ws/install/px4_msgs/lib:/opt/ros/humble/lib/aarch64-linux-gnu:/opt/ros/humble/lib:/usr/local/cuda/lib64 PYTHONPATH=/home/fly2_ws/build/detect/prefix_override:/usr/lib/python3/dist-packages/colcon_core/task/python/colcon_distutils_commands:/home/fly2_ws/install/detect/lib/python3.10/site-packages:/home/fly2_ws/install/px4_msgs/local/lib/python3.10/dist-packages:${PYTHONPATH} /usr/bin/python3 -W ignore:setup.py install is deprecated -W ignore:easy_install command is deprecated setup.py egg_info --egg-base ../../build/detect build --build-base /home/fly2_ws/build/detect/build install --record /home/fly2_ws/build/detect/install.log --single-version-externally-managed install_data
