[1.959s] Invoking command in '/home/fly_ws/src/detect': LD_LIBRARY_PATH=/home/fly_ws/install/test_interface/lib:/home/fly_ws/install/px4_msgs/lib:/opt/ros/humble/lib/aarch64-linux-gnu:/opt/ros/humble/lib:/usr/local/cuda/lib64 PYTHONPATH=/home/fly_ws/build/detect/prefix_override:/usr/lib/python3/dist-packages/colcon_core/task/python/colcon_distutils_commands:/home/fly_ws/install/detect/lib/python3.10/site-packages:${PYTHONPATH} /usr/bin/python3 -W ignore:setup.py install is deprecated -W ignore:easy_install command is deprecated setup.py egg_info --egg-base ../../build/detect build --build-base /home/fly_ws/build/detect/build install --record /home/fly_ws/build/detect/install.log --single-version-externally-managed install_data
[2.158s] running egg_info
[2.158s] writing ../../build/detect/detect.egg-info/PKG-INFO
[2.159s] writing dependency_links to ../../build/detect/detect.egg-info/dependency_links.txt
[2.160s] writing entry points to ../../build/detect/detect.egg-info/entry_points.txt
[2.160s] writing requirements to ../../build/detect/detect.egg-info/requires.txt
[2.160s] writing top-level names to ../../build/detect/detect.egg-info/top_level.txt
[2.165s] reading manifest file '../../build/detect/detect.egg-info/SOURCES.txt'
[2.166s] writing manifest file '../../build/detect/detect.egg-info/SOURCES.txt'
[2.167s] running build
[2.167s] running build_py
[2.168s] warning: build_py: byte-compiling is disabled, skipping.
[2.168s] 
[2.168s] running install
[2.168s] running install_lib
[2.171s] warning: install_lib: byte-compiling is disabled, skipping.
[2.171s] 
[2.171s] running install_data
[2.171s] running install_egg_info
[2.181s] removing '/home/fly_ws/install/detect/lib/python3.10/site-packages/detect-0.0.0-py3.10.egg-info' (and everything under it)
[2.182s] Copying ../../build/detect/detect.egg-info to /home/fly_ws/install/detect/lib/python3.10/site-packages/detect-0.0.0-py3.10.egg-info
[2.184s] running install_scripts
[2.229s] Installing detect script to /home/fly_ws/install/detect/lib/detect
[2.229s] Installing filter script to /home/fly_ws/install/detect/lib/detect
[2.229s] Installing test script to /home/fly_ws/install/detect/lib/detect
[2.229s] Installing without script to /home/fly_ws/install/detect/lib/detect
[2.230s] writing list of installed files to '/home/fly_ws/build/detect/install.log'
[2.660s] Invoked command in '/home/fly_ws/src/detect' returned '0': LD_LIBRARY_PATH=/home/fly_ws/install/test_interface/lib:/home/fly_ws/install/px4_msgs/lib:/opt/ros/humble/lib/aarch64-linux-gnu:/opt/ros/humble/lib:/usr/local/cuda/lib64 PYTHONPATH=/home/fly_ws/build/detect/prefix_override:/usr/lib/python3/dist-packages/colcon_core/task/python/colcon_distutils_commands:/home/fly_ws/install/detect/lib/python3.10/site-packages:${PYTHONPATH} /usr/bin/python3 -W ignore:setup.py install is deprecated -W ignore:easy_install command is deprecated setup.py egg_info --egg-base ../../build/detect build --build-base /home/fly_ws/build/detect/build install --record /home/fly_ws/build/detect/install.log --single-version-externally-managed install_data
