/home/cqu/fly2/install/control/lib/python3.10/site-packages/control/AlignmentChecker.py
/home/cqu/fly2/install/control/lib/python3.10/site-packages/control/water_drop_mission_enhanced.py
/home/cqu/fly2/install/control/lib/python3.10/site-packages/control/__init__.py
/home/cqu/fly2/install/control/lib/python3.10/site-packages/control/DronePositionChecker.py
/home/cqu/fly2/install/control/lib/python3.10/site-packages/control/ServoControl.py
/home/cqu/fly2/install/control/lib/python3.10/site-packages/control/mode_change.py
/home/cqu/fly2/install/control/lib/python3.10/site-packages/control/latest_single_drop.py
/home/cqu/fly2/install/control/lib/python3.10/site-packages/control/__pycache__/AlignmentChecker.cpython-310.pyc
/home/cqu/fly2/install/control/lib/python3.10/site-packages/control/__pycache__/water_drop_mission_enhanced.cpython-310.pyc
/home/cqu/fly2/install/control/lib/python3.10/site-packages/control/__pycache__/__init__.cpython-310.pyc
/home/cqu/fly2/install/control/lib/python3.10/site-packages/control/__pycache__/DronePositionChecker.cpython-310.pyc
/home/cqu/fly2/install/control/lib/python3.10/site-packages/control/__pycache__/ServoControl.cpython-310.pyc
/home/cqu/fly2/install/control/lib/python3.10/site-packages/control/__pycache__/mode_change.cpython-310.pyc
/home/cqu/fly2/install/control/lib/python3.10/site-packages/control/__pycache__/latest_single_drop.cpython-310.pyc
/home/cqu/fly2/install/control/share/ament_index/resource_index/packages/control
/home/cqu/fly2/install/control/share/control/package.xml
/home/cqu/fly2/install/control/lib/python3.10/site-packages/control-0.0.0-py3.10.egg-info/PKG-INFO
/home/cqu/fly2/install/control/lib/python3.10/site-packages/control-0.0.0-py3.10.egg-info/SOURCES.txt
/home/cqu/fly2/install/control/lib/python3.10/site-packages/control-0.0.0-py3.10.egg-info/top_level.txt
/home/cqu/fly2/install/control/lib/python3.10/site-packages/control-0.0.0-py3.10.egg-info/zip-safe
/home/cqu/fly2/install/control/lib/python3.10/site-packages/control-0.0.0-py3.10.egg-info/dependency_links.txt
/home/cqu/fly2/install/control/lib/python3.10/site-packages/control-0.0.0-py3.10.egg-info/entry_points.txt
/home/cqu/fly2/install/control/lib/python3.10/site-packages/control-0.0.0-py3.10.egg-info/requires.txt
/home/cqu/fly2/install/control/lib/control/water_drop_mission
