[2.999s] Invoking command in '/home/fly2_ws/src/detect': AMENT_PREFIX_PATH=/home/fly2_ws/install/px4_msgs:${AMENT_PREFIX_PATH} CMAKE_PREFIX_PATH=/home/fly2_ws/install/px4_msgs LD_LIBRARY_PATH=/home/fly2_ws/install/px4_msgs/lib:/opt/ros/humble/lib/aarch64-linux-gnu:/opt/ros/humble/lib:/usr/local/cuda/lib64 PYTHONPATH=/home/fly2_ws/build/detect/prefix_override:/usr/lib/python3/dist-packages/colcon_core/task/python/colcon_distutils_commands:/home/fly2_ws/install/detect/lib/python3.10/site-packages:/home/fly2_ws/install/px4_msgs/local/lib/python3.10/dist-packages:${PYTHONPATH} /usr/bin/python3 -W ignore:setup.py install is deprecated -W ignore:easy_install command is deprecated setup.py egg_info --egg-base ../../build/detect build --build-base /home/fly2_ws/build/detect/build install --record /home/fly2_ws/build/detect/install.log --single-version-externally-managed install_data
[3.500s] running egg_info
[3.506s] writing ../../build/detect/detect.egg-info/PKG-INFO
[3.506s] writing dependency_links to ../../build/detect/detect.egg-info/dependency_links.txt
[3.506s] writing entry points to ../../build/detect/detect.egg-info/entry_points.txt
[3.506s] writing requirements to ../../build/detect/detect.egg-info/requires.txt
[3.506s] writing top-level names to ../../build/detect/detect.egg-info/top_level.txt
[3.507s] reading manifest file '../../build/detect/detect.egg-info/SOURCES.txt'
[3.511s] writing manifest file '../../build/detect/detect.egg-info/SOURCES.txt'
[3.511s] running build
[3.512s] running build_py
[3.512s] copying detect/switchd.py -> /home/fly2_ws/build/detect/build/lib/detect
[3.513s] running install
[3.513s] warning: build_py: byte-compiling is disabled, skipping.
[3.513s] 
[3.513s] running install_lib
[3.520s] copying /home/fly2_ws/build/detect/build/lib/detect/switchd.py -> /home/fly2_ws/install/detect/lib/python3.10/site-packages/detect
[3.520s] warning: install_lib: byte-compiling is disabled, skipping.
[3.520s] 
[3.520s] running install_data
[3.520s] running install_egg_info
[3.525s] removing '/home/fly2_ws/install/detect/lib/python3.10/site-packages/detect-0.0.0-py3.10.egg-info' (and everything under it)
[3.526s] Copying ../../build/detect/detect.egg-info to /home/fly2_ws/install/detect/lib/python3.10/site-packages/detect-0.0.0-py3.10.egg-info
[3.528s] running install_scripts
[3.576s] Installing barrel_manager script to /home/fly2_ws/install/detect/lib/detect
[3.576s] Installing planb script to /home/fly2_ws/install/detect/lib/detect
[3.576s] Installing switchd script to /home/fly2_ws/install/detect/lib/detect
[3.576s] writing list of installed files to '/home/fly2_ws/build/detect/install.log'
[3.664s] Invoked command in '/home/fly2_ws/src/detect' returned '0': AMENT_PREFIX_PATH=/home/fly2_ws/install/px4_msgs:${AMENT_PREFIX_PATH} CMAKE_PREFIX_PATH=/home/fly2_ws/install/px4_msgs LD_LIBRARY_PATH=/home/fly2_ws/install/px4_msgs/lib:/opt/ros/humble/lib/aarch64-linux-gnu:/opt/ros/humble/lib:/usr/local/cuda/lib64 PYTHONPATH=/home/fly2_ws/build/detect/prefix_override:/usr/lib/python3/dist-packages/colcon_core/task/python/colcon_distutils_commands:/home/fly2_ws/install/detect/lib/python3.10/site-packages:/home/fly2_ws/install/px4_msgs/local/lib/python3.10/dist-packages:${PYTHONPATH} /usr/bin/python3 -W ignore:setup.py install is deprecated -W ignore:easy_install command is deprecated setup.py egg_info --egg-base ../../build/detect build --build-base /home/fly2_ws/build/detect/build install --record /home/fly2_ws/build/detect/install.log --single-version-externally-managed install_data
