running egg_info
creating ../../build/barrel_manager/barrel_manager.egg-info
writing ../../build/barrel_manager/barrel_manager.egg-info/PKG-INFO
writing dependency_links to ../../build/barrel_manager/barrel_manager.egg-info/dependency_links.txt
writing entry points to ../../build/barrel_manager/barrel_manager.egg-info/entry_points.txt
writing requirements to ../../build/barrel_manager/barrel_manager.egg-info/requires.txt
writing top-level names to ../../build/barrel_manager/barrel_manager.egg-info/top_level.txt
writing manifest file '../../build/barrel_manager/barrel_manager.egg-info/SOURCES.txt'
reading manifest file '../../build/barrel_manager/barrel_manager.egg-info/SOURCES.txt'
writing manifest file '../../build/barrel_manager/barrel_manager.egg-info/SOURCES.txt'
running build
running build_py
creating /home/fly2_ws/build/barrel_manager/build
creating /home/fly2_ws/build/barrel_manager/build/lib
creating /home/fly2_ws/build/barrel_manager/build/lib/barrel_manager
copying barrel_manager/barrel_manager_node.py -> /home/fly2_ws/build/barrel_manager/build/lib/barrel_manager
copying barrel_manager/__init__.py -> /home/fly2_ws/build/barrel_manager/build/lib/barrel_manager
running install
running install_lib
creating /home/fly2_ws/install/barrel_manager/lib/python3.10/site-packages/barrel_manager
copying /home/fly2_ws/build/barrel_manager/build/lib/barrel_manager/barrel_manager_node.py -> /home/fly2_ws/install/barrel_manager/lib/python3.10/site-packages/barrel_manager
copying /home/fly2_ws/build/barrel_manager/build/lib/barrel_manager/__init__.py -> /home/fly2_ws/install/barrel_manager/lib/python3.10/site-packages/barrel_manager
running install_data
creating /home/fly2_ws/install/barrel_manager/share/ament_index
creating /home/fly2_ws/install/barrel_manager/share/ament_index/resource_index
creating /home/fly2_ws/install/barrel_manager/share/ament_index/resource_index/packages
copying resource/barrel_manager -> /home/fly2_ws/install/barrel_manager/share/ament_index/resource_index/packages
copying package.xml -> /home/fly2_ws/install/barrel_manager/share/barrel_manager
running install_egg_info
Copying ../../build/barrel_manager/barrel_manager.egg-info to /home/fly2_ws/install/barrel_manager/lib/python3.10/site-packages/barrel_manager-0.0.0-py3.10.egg-info
running install_scripts
writing list of installed files to '/home/fly2_ws/build/barrel_manager/install.log'
