[2.683s] Invoking command in '/home/fly2_ws/src/barrel_manager': CMAKE_PREFIX_PATH=/home/fly2_ws/install/px4_msgs:/home/fly2_ws/fly2_ws/install/test_interface:/home/fly2_ws/fly2_ws/install/px4_msgs LD_LIBRARY_PATH=/home/fly2_ws/install/px4_msgs/lib:/home/fly2_ws/fly2_ws/install/test_interface/lib:/home/fly2_ws/fly2_ws/install/px4_msgs/lib:/opt/ros/humble/lib/aarch64-linux-gnu:/opt/ros/humble/lib:/usr/local/cuda/lib64 PYTHONPATH=/home/fly2_ws/build/barrel_manager/prefix_override:/usr/lib/python3/dist-packages/colcon_core/task/python/colcon_distutils_commands:/home/fly2_ws/install/barrel_manager/lib/python3.10/site-packages:${PYTHONPATH} /usr/bin/python3 -W ignore:setup.py install is deprecated -W ignore:easy_install command is deprecated setup.py egg_info --egg-base ../../build/barrel_manager build --build-base /home/fly2_ws/build/barrel_manager/build install --record /home/fly2_ws/build/barrel_manager/install.log --single-version-externally-managed install_data
[3.192s] running egg_info
[3.193s] creating ../../build/barrel_manager/barrel_manager.egg-info
[3.194s] writing ../../build/barrel_manager/barrel_manager.egg-info/PKG-INFO
[3.194s] writing dependency_links to ../../build/barrel_manager/barrel_manager.egg-info/dependency_links.txt
[3.194s] writing entry points to ../../build/barrel_manager/barrel_manager.egg-info/entry_points.txt
[3.195s] writing requirements to ../../build/barrel_manager/barrel_manager.egg-info/requires.txt
[3.195s] writing top-level names to ../../build/barrel_manager/barrel_manager.egg-info/top_level.txt
[3.195s] writing manifest file '../../build/barrel_manager/barrel_manager.egg-info/SOURCES.txt'
[3.199s] reading manifest file '../../build/barrel_manager/barrel_manager.egg-info/SOURCES.txt'
[3.201s] writing manifest file '../../build/barrel_manager/barrel_manager.egg-info/SOURCES.txt'
[3.201s] running build
[3.201s] running build_py
[3.201s] creating /home/fly2_ws/build/barrel_manager/build
[3.202s] creating /home/fly2_ws/build/barrel_manager/build/lib
[3.202s] creating /home/fly2_ws/build/barrel_manager/build/lib/barrel_manager
[3.202s] copying barrel_manager/barrel_manager_node.py -> /home/fly2_ws/build/barrel_manager/build/lib/barrel_manager
[3.202s] copying barrel_manager/__init__.py -> /home/fly2_ws/build/barrel_manager/build/lib/barrel_manager
[3.203s] warning: build_py: byte-compiling is disabled, skipping.
[3.203s] 
[3.204s] running install
[3.206s] running install_lib
[3.207s] creating /home/fly2_ws/install/barrel_manager/lib/python3.10/site-packages/barrel_manager
[3.207s] copying /home/fly2_ws/build/barrel_manager/build/lib/barrel_manager/barrel_manager_node.py -> /home/fly2_ws/install/barrel_manager/lib/python3.10/site-packages/barrel_manager
[3.207s] copying /home/fly2_ws/build/barrel_manager/build/lib/barrel_manager/__init__.py -> /home/fly2_ws/install/barrel_manager/lib/python3.10/site-packages/barrel_manager
[3.207s] warning: install_lib: byte-compiling is disabled, skipping.
[3.209s] 
[3.209s] running install_data
[3.209s] creating /home/fly2_ws/install/barrel_manager/share/ament_index
[3.210s] creating /home/fly2_ws/install/barrel_manager/share/ament_index/resource_index
[3.210s] creating /home/fly2_ws/install/barrel_manager/share/ament_index/resource_index/packages
[3.210s] copying resource/barrel_manager -> /home/fly2_ws/install/barrel_manager/share/ament_index/resource_index/packages
[3.211s] copying package.xml -> /home/fly2_ws/install/barrel_manager/share/barrel_manager
[3.212s] running install_egg_info
[3.215s] Copying ../../build/barrel_manager/barrel_manager.egg-info to /home/fly2_ws/install/barrel_manager/lib/python3.10/site-packages/barrel_manager-0.0.0-py3.10.egg-info
[3.227s] running install_scripts
[3.265s] writing list of installed files to '/home/fly2_ws/build/barrel_manager/install.log'
[3.384s] Invoked command in '/home/fly2_ws/src/barrel_manager' returned '0': CMAKE_PREFIX_PATH=/home/fly2_ws/install/px4_msgs:/home/fly2_ws/fly2_ws/install/test_interface:/home/fly2_ws/fly2_ws/install/px4_msgs LD_LIBRARY_PATH=/home/fly2_ws/install/px4_msgs/lib:/home/fly2_ws/fly2_ws/install/test_interface/lib:/home/fly2_ws/fly2_ws/install/px4_msgs/lib:/opt/ros/humble/lib/aarch64-linux-gnu:/opt/ros/humble/lib:/usr/local/cuda/lib64 PYTHONPATH=/home/fly2_ws/build/barrel_manager/prefix_override:/usr/lib/python3/dist-packages/colcon_core/task/python/colcon_distutils_commands:/home/fly2_ws/install/barrel_manager/lib/python3.10/site-packages:${PYTHONPATH} /usr/bin/python3 -W ignore:setup.py install is deprecated -W ignore:easy_install command is deprecated setup.py egg_info --egg-base ../../build/barrel_manager build --build-base /home/fly2_ws/build/barrel_manager/build install --record /home/fly2_ws/build/barrel_manager/install.log --single-version-externally-managed install_data
