running egg_info
writing ../../build/control/control.egg-info/PKG-INFO
writing dependency_links to ../../build/control/control.egg-info/dependency_links.txt
writing entry points to ../../build/control/control.egg-info/entry_points.txt
writing requirements to ../../build/control/control.egg-info/requires.txt
writing top-level names to ../../build/control/control.egg-info/top_level.txt
reading manifest file '../../build/control/control.egg-info/SOURCES.txt'
writing manifest file '../../build/control/control.egg-info/SOURCES.txt'
running build
running build_py
warning: build_py: byte-compiling is disabled, skipping.

running install
running install_lib
warning: install_lib: byte-compiling is disabled, skipping.

running install_data
running install_egg_info
removing '/home/fly2_ws/install/control/lib/python3.10/site-packages/control-0.0.0-py3.10.egg-info' (and everything under it)
Copying ../../build/control/control.egg-info to /home/fly2_ws/install/control/lib/python3.10/site-packages/control-0.0.0-py3.10.egg-info
running install_scripts
Installing water_drop_mission script to /home/fly2_ws/install/control/lib/control
writing list of installed files to '/home/fly2_ws/build/control/install.log'
