[1.506s] Invoking command in '/home/fly_ws/src/detect': LD_LIBRARY_PATH=/home/fly_ws/install/test_interface/lib:/home/fly_ws/install/px4_msgs/lib:/opt/ros/humble/lib/aarch64-linux-gnu:/opt/ros/humble/lib:/usr/local/cuda/lib64 PYTHONPATH=/home/fly_ws/build/detect/prefix_override:/usr/lib/python3/dist-packages/colcon_core/task/python/colcon_distutils_commands:/home/fly_ws/install/detect/lib/python3.10/site-packages:${PYTHONPATH} /usr/bin/python3 -W ignore:setup.py install is deprecated -W ignore:easy_install command is deprecated setup.py egg_info --egg-base ../../build/detect build --build-base /home/fly_ws/build/detect/build install --record /home/fly_ws/build/detect/install.log --single-version-externally-managed install_data
[2.013s] running egg_info
[2.014s] writing ../../build/detect/detect.egg-info/PKG-INFO
[2.018s] writing dependency_links to ../../build/detect/detect.egg-info/dependency_links.txt
[2.018s] writing entry points to ../../build/detect/detect.egg-info/entry_points.txt
[2.019s] writing requirements to ../../build/detect/detect.egg-info/requires.txt
[2.019s] writing top-level names to ../../build/detect/detect.egg-info/top_level.txt
[2.022s] reading manifest file '../../build/detect/detect.egg-info/SOURCES.txt'
[2.024s] writing manifest file '../../build/detect/detect.egg-info/SOURCES.txt'
[2.025s] running build
[2.025s] running build_py
[2.025s] copying detect/successdetect.py -> /home/fly_ws/build/detect/build/lib/detect
[2.026s] running install
[2.027s] warning: build_py: byte-compiling is disabled, skipping.
[2.027s] 
[2.027s] running install_lib
[2.028s] copying /home/fly_ws/build/detect/build/lib/detect/successdetect.py -> /home/fly_ws/install/detect/lib/python3.10/site-packages/detect
[2.029s] warning: install_lib: byte-compiling is disabled, skipping.
[2.029s] 
[2.030s] running install_data
[2.030s] running install_egg_info
[2.033s] removing '/home/fly_ws/install/detect/lib/python3.10/site-packages/detect-0.0.0-py3.10.egg-info' (and everything under it)
[2.034s] Copying ../../build/detect/detect.egg-info to /home/fly_ws/install/detect/lib/python3.10/site-packages/detect-0.0.0-py3.10.egg-info
[2.037s] running install_scripts
[2.080s] Installing detect script to /home/fly_ws/install/detect/lib/detect
[2.080s] Installing detect2 script to /home/fly_ws/install/detect/lib/detect
[2.081s] Installing filter script to /home/fly_ws/install/detect/lib/detect
[2.081s] Installing test script to /home/fly_ws/install/detect/lib/detect
[2.081s] Installing without script to /home/fly_ws/install/detect/lib/detect
[2.082s] writing list of installed files to '/home/fly_ws/build/detect/install.log'
[2.150s] Invoked command in '/home/fly_ws/src/detect' returned '0': LD_LIBRARY_PATH=/home/fly_ws/install/test_interface/lib:/home/fly_ws/install/px4_msgs/lib:/opt/ros/humble/lib/aarch64-linux-gnu:/opt/ros/humble/lib:/usr/local/cuda/lib64 PYTHONPATH=/home/fly_ws/build/detect/prefix_override:/usr/lib/python3/dist-packages/colcon_core/task/python/colcon_distutils_commands:/home/fly_ws/install/detect/lib/python3.10/site-packages:${PYTHONPATH} /usr/bin/python3 -W ignore:setup.py install is deprecated -W ignore:easy_install command is deprecated setup.py egg_info --egg-base ../../build/detect build --build-base /home/fly_ws/build/detect/build install --record /home/fly_ws/build/detect/install.log --single-version-externally-managed install_data
