running egg_info
creating ../../build/control/control.egg-info
writing ../../build/control/control.egg-info/PKG-INFO
writing dependency_links to ../../build/control/control.egg-info/dependency_links.txt
writing entry points to ../../build/control/control.egg-info/entry_points.txt
writing requirements to ../../build/control/control.egg-info/requires.txt
writing top-level names to ../../build/control/control.egg-info/top_level.txt
writing manifest file '../../build/control/control.egg-info/SOURCES.txt'
reading manifest file '../../build/control/control.egg-info/SOURCES.txt'
writing manifest file '../../build/control/control.egg-info/SOURCES.txt'
running build
running build_py
creating /home/fly_ws/build/control/build
creating /home/fly_ws/build/control/build/lib
creating /home/fly_ws/build/control/build/lib/control
copying control/servo_control.py -> /home/fly_ws/build/control/build/lib/control
copying control/DronePositionChecker.py -> /home/fly_ws/build/control/build/lib/control
copying control/__init__.py -> /home/fly_ws/build/control/build/lib/control
copying control/AlignmentChecker.py -> /home/fly_ws/build/control/build/lib/control
copying control/servo_test.py -> /home/fly_ws/build/control/build/lib/control
copying control/latest_single_drop.py -> /home/fly_ws/build/control/build/lib/control
copying control/sim_pub.py -> /home/fly_ws/build/control/build/lib/control
copying control/ServoControl.py -> /home/fly_ws/build/control/build/lib/control
copying control/mode_change.py -> /home/fly_ws/build/control/build/lib/control
running install
running install_lib
creating /home/fly_ws/install/control/lib/python3.10/site-packages/control
copying /home/fly_ws/build/control/build/lib/control/servo_test.py -> /home/fly_ws/install/control/lib/python3.10/site-packages/control
copying /home/fly_ws/build/control/build/lib/control/servo_control.py -> /home/fly_ws/install/control/lib/python3.10/site-packages/control
copying /home/fly_ws/build/control/build/lib/control/latest_single_drop.py -> /home/fly_ws/install/control/lib/python3.10/site-packages/control
copying /home/fly_ws/build/control/build/lib/control/sim_pub.py -> /home/fly_ws/install/control/lib/python3.10/site-packages/control
copying /home/fly_ws/build/control/build/lib/control/DronePositionChecker.py -> /home/fly_ws/install/control/lib/python3.10/site-packages/control
copying /home/fly_ws/build/control/build/lib/control/ServoControl.py -> /home/fly_ws/install/control/lib/python3.10/site-packages/control
copying /home/fly_ws/build/control/build/lib/control/__init__.py -> /home/fly_ws/install/control/lib/python3.10/site-packages/control
copying /home/fly_ws/build/control/build/lib/control/mode_change.py -> /home/fly_ws/install/control/lib/python3.10/site-packages/control
copying /home/fly_ws/build/control/build/lib/control/AlignmentChecker.py -> /home/fly_ws/install/control/lib/python3.10/site-packages/control
running install_data
creating /home/fly_ws/install/control/share/ament_index
creating /home/fly_ws/install/control/share/ament_index/resource_index
creating /home/fly_ws/install/control/share/ament_index/resource_index/packages
copying resource/control -> /home/fly_ws/install/control/share/ament_index/resource_index/packages
copying package.xml -> /home/fly_ws/install/control/share/control
running install_egg_info
Copying ../../build/control/control.egg-info to /home/fly_ws/install/control/lib/python3.10/site-packages/control-0.0.0-py3.10.egg-info
running install_scripts
Installing fly script to /home/fly_ws/install/control/lib/control
Installing pub script to /home/fly_ws/install/control/lib/control
writing list of installed files to '/home/fly_ws/build/control/install.log'
