[1.463s] Invoking command in '/home/fly_ws/src/fly1': CMAKE_PREFIX_PATH=/home/fly_ws/install/px4_msgs:/home/fly_ws/install/test_interface LD_LIBRARY_PATH=/home/fly_ws/install/px4_msgs/lib:/home/fly_ws/install/test_interface/lib:/opt/ros/humble/lib/aarch64-linux-gnu:/opt/ros/humble/lib:/usr/local/cuda/lib64 PYTHONPATH=/home/fly_ws/build/control/prefix_override:/usr/lib/python3/dist-packages/colcon_core/task/python/colcon_distutils_commands:/home/fly_ws/install/control/lib/python3.10/site-packages:${PYTHONPATH} /usr/bin/python3 -W ignore:setup.py install is deprecated -W ignore:easy_install command is deprecated setup.py egg_info --egg-base ../../build/control build --build-base /home/fly_ws/build/control/build install --record /home/fly_ws/build/control/install.log --single-version-externally-managed install_data
[1.967s] running egg_info
[1.968s] creating ../../build/control/control.egg-info
[1.968s] writing ../../build/control/control.egg-info/PKG-INFO
[1.969s] writing dependency_links to ../../build/control/control.egg-info/dependency_links.txt
[1.969s] writing entry points to ../../build/control/control.egg-info/entry_points.txt
[1.969s] writing requirements to ../../build/control/control.egg-info/requires.txt
[1.969s] writing top-level names to ../../build/control/control.egg-info/top_level.txt
[1.970s] writing manifest file '../../build/control/control.egg-info/SOURCES.txt'
[1.973s] reading manifest file '../../build/control/control.egg-info/SOURCES.txt'
[1.975s] writing manifest file '../../build/control/control.egg-info/SOURCES.txt'
[1.975s] running build
[1.975s] running build_py
[1.976s] creating /home/fly_ws/build/control/build
[1.976s] creating /home/fly_ws/build/control/build/lib
[1.976s] creating /home/fly_ws/build/control/build/lib/control
[1.976s] copying control/servo_control.py -> /home/fly_ws/build/control/build/lib/control
[1.978s] copying control/DronePositionChecker.py -> /home/fly_ws/build/control/build/lib/control
[1.978s] copying control/__init__.py -> /home/fly_ws/build/control/build/lib/control
[1.979s] copying control/AlignmentChecker.py -> /home/fly_ws/build/control/build/lib/control
[1.979s] copying control/servo_test.py -> /home/fly_ws/build/control/build/lib/control
[1.980s] copying control/latest_single_drop.py -> /home/fly_ws/build/control/build/lib/control
[1.980s] copying control/sim_pub.py -> /home/fly_ws/build/control/build/lib/control
[1.981s] copying control/ServoControl.py -> /home/fly_ws/build/control/build/lib/control
[1.981s] copying control/mode_change.py -> /home/fly_ws/build/control/build/lib/control
[1.982s] warning: build_py: byte-compiling is disabled, skipping.
[1.983s] 
[1.983s] running install
[1.983s] running install_lib
[1.984s] creating /home/fly_ws/install/control/lib/python3.10/site-packages/control
[1.985s] copying /home/fly_ws/build/control/build/lib/control/servo_test.py -> /home/fly_ws/install/control/lib/python3.10/site-packages/control
[1.985s] copying /home/fly_ws/build/control/build/lib/control/servo_control.py -> /home/fly_ws/install/control/lib/python3.10/site-packages/control
[1.985s] copying /home/fly_ws/build/control/build/lib/control/latest_single_drop.py -> /home/fly_ws/install/control/lib/python3.10/site-packages/control
[1.986s] copying /home/fly_ws/build/control/build/lib/control/sim_pub.py -> /home/fly_ws/install/control/lib/python3.10/site-packages/control
[1.986s] copying /home/fly_ws/build/control/build/lib/control/DronePositionChecker.py -> /home/fly_ws/install/control/lib/python3.10/site-packages/control
[1.986s] copying /home/fly_ws/build/control/build/lib/control/ServoControl.py -> /home/fly_ws/install/control/lib/python3.10/site-packages/control
[1.987s] copying /home/fly_ws/build/control/build/lib/control/__init__.py -> /home/fly_ws/install/control/lib/python3.10/site-packages/control
[1.987s] copying /home/fly_ws/build/control/build/lib/control/mode_change.py -> /home/fly_ws/install/control/lib/python3.10/site-packages/control
[1.987s] copying /home/fly_ws/build/control/build/lib/control/AlignmentChecker.py -> /home/fly_ws/install/control/lib/python3.10/site-packages/control
[1.988s] warning: install_lib: byte-compiling is disabled, skipping.
[1.988s] 
[1.988s] running install_data
[1.988s] creating /home/fly_ws/install/control/share/ament_index
[1.988s] creating /home/fly_ws/install/control/share/ament_index/resource_index
[1.988s] creating /home/fly_ws/install/control/share/ament_index/resource_index/packages
[1.989s] copying resource/control -> /home/fly_ws/install/control/share/ament_index/resource_index/packages
[1.989s] copying package.xml -> /home/fly_ws/install/control/share/control
[1.989s] running install_egg_info
[1.993s] Copying ../../build/control/control.egg-info to /home/fly_ws/install/control/lib/python3.10/site-packages/control-0.0.0-py3.10.egg-info
[1.995s] running install_scripts
[2.043s] Installing fly script to /home/fly_ws/install/control/lib/control
[2.043s] Installing pub script to /home/fly_ws/install/control/lib/control
[2.043s] writing list of installed files to '/home/fly_ws/build/control/install.log'
[2.116s] Invoked command in '/home/fly_ws/src/fly1' returned '0': CMAKE_PREFIX_PATH=/home/fly_ws/install/px4_msgs:/home/fly_ws/install/test_interface LD_LIBRARY_PATH=/home/fly_ws/install/px4_msgs/lib:/home/fly_ws/install/test_interface/lib:/opt/ros/humble/lib/aarch64-linux-gnu:/opt/ros/humble/lib:/usr/local/cuda/lib64 PYTHONPATH=/home/fly_ws/build/control/prefix_override:/usr/lib/python3/dist-packages/colcon_core/task/python/colcon_distutils_commands:/home/fly_ws/install/control/lib/python3.10/site-packages:${PYTHONPATH} /usr/bin/python3 -W ignore:setup.py install is deprecated -W ignore:easy_install command is deprecated setup.py egg_info --egg-base ../../build/control build --build-base /home/fly_ws/build/control/build install --record /home/fly_ws/build/control/install.log --single-version-externally-managed install_data
