[1.547s] Invoking command in '/home/fly_ws/src/fly1': CMAKE_PREFIX_PATH=/home/fly_ws/install/px4_msgs:/home/fly_ws/install/test_interface LD_LIBRARY_PATH=/home/fly_ws/install/px4_msgs/lib:/home/fly_ws/install/test_interface/lib:/opt/ros/humble/lib/aarch64-linux-gnu:/opt/ros/humble/lib:/usr/local/cuda/lib64 PYTHONPATH=/home/fly_ws/build/control/prefix_override:/usr/lib/python3/dist-packages/colcon_core/task/python/colcon_distutils_commands:/home/fly_ws/install/control/lib/python3.10/site-packages:${PYTHONPATH} /usr/bin/python3 -W ignore:setup.py install is deprecated -W ignore:easy_install command is deprecated setup.py egg_info --egg-base ../../build/control build --build-base /home/fly_ws/build/control/build install --record /home/fly_ws/build/control/install.log --single-version-externally-managed install_data
[2.079s] running egg_info
[2.080s] writing ../../build/control/control.egg-info/PKG-INFO
[2.080s] writing dependency_links to ../../build/control/control.egg-info/dependency_links.txt
[2.081s] writing entry points to ../../build/control/control.egg-info/entry_points.txt
[2.081s] writing requirements to ../../build/control/control.egg-info/requires.txt
[2.083s] writing top-level names to ../../build/control/control.egg-info/top_level.txt
[2.087s] reading manifest file '../../build/control/control.egg-info/SOURCES.txt'
[2.090s] writing manifest file '../../build/control/control.egg-info/SOURCES.txt'
[2.090s] running build
[2.090s] running build_py
[2.091s] warning: build_py: byte-compiling is disabled, skipping.
[2.091s] 
[2.092s] running install
[2.092s] running install_lib
[2.094s] warning: install_lib: byte-compiling is disabled, skipping.
[2.095s] 
[2.095s] running install_data
[2.095s] running install_egg_info
[2.099s] removing '/home/fly_ws/install/control/lib/python3.10/site-packages/control-0.0.0-py3.10.egg-info' (and everything under it)
[2.100s] Copying ../../build/control/control.egg-info to /home/fly_ws/install/control/lib/python3.10/site-packages/control-0.0.0-py3.10.egg-info
[2.103s] running install_scripts
[2.151s] Installing fly script to /home/fly_ws/install/control/lib/control
[2.151s] Installing pub script to /home/fly_ws/install/control/lib/control
[2.152s] writing list of installed files to '/home/fly_ws/build/control/install.log'
[2.240s] Invoked command in '/home/fly_ws/src/fly1' returned '0': CMAKE_PREFIX_PATH=/home/fly_ws/install/px4_msgs:/home/fly_ws/install/test_interface LD_LIBRARY_PATH=/home/fly_ws/install/px4_msgs/lib:/home/fly_ws/install/test_interface/lib:/opt/ros/humble/lib/aarch64-linux-gnu:/opt/ros/humble/lib:/usr/local/cuda/lib64 PYTHONPATH=/home/fly_ws/build/control/prefix_override:/usr/lib/python3/dist-packages/colcon_core/task/python/colcon_distutils_commands:/home/fly_ws/install/control/lib/python3.10/site-packages:${PYTHONPATH} /usr/bin/python3 -W ignore:setup.py install is deprecated -W ignore:easy_install command is deprecated setup.py egg_info --egg-base ../../build/control build --build-base /home/fly_ws/build/control/build install --record /home/fly_ws/build/control/install.log --single-version-externally-managed install_data
