/home/fly_ws/install/control/lib/python3.10/site-packages/control/servo_control.py
/home/fly_ws/install/control/lib/python3.10/site-packages/control/DronePositionChecker.py
/home/fly_ws/install/control/lib/python3.10/site-packages/control/__init__.py
/home/fly_ws/install/control/lib/python3.10/site-packages/control/AlignmentChecker.py
/home/fly_ws/install/control/lib/python3.10/site-packages/control/servo_test.py
/home/fly_ws/install/control/lib/python3.10/site-packages/control/latest_single_drop.py
/home/fly_ws/install/control/lib/python3.10/site-packages/control/sim_pub.py
/home/fly_ws/install/control/lib/python3.10/site-packages/control/ServoControl.py
/home/fly_ws/install/control/lib/python3.10/site-packages/control/mode_change.py
/home/fly_ws/install/control/lib/python3.10/site-packages/control/__pycache__/servo_control.cpython-310.pyc
/home/fly_ws/install/control/lib/python3.10/site-packages/control/__pycache__/DronePositionChecker.cpython-310.pyc
/home/fly_ws/install/control/lib/python3.10/site-packages/control/__pycache__/__init__.cpython-310.pyc
/home/fly_ws/install/control/lib/python3.10/site-packages/control/__pycache__/AlignmentChecker.cpython-310.pyc
/home/fly_ws/install/control/lib/python3.10/site-packages/control/__pycache__/servo_test.cpython-310.pyc
/home/fly_ws/install/control/lib/python3.10/site-packages/control/__pycache__/latest_single_drop.cpython-310.pyc
/home/fly_ws/install/control/lib/python3.10/site-packages/control/__pycache__/sim_pub.cpython-310.pyc
/home/fly_ws/install/control/lib/python3.10/site-packages/control/__pycache__/ServoControl.cpython-310.pyc
/home/fly_ws/install/control/lib/python3.10/site-packages/control/__pycache__/mode_change.cpython-310.pyc
/home/fly_ws/install/control/share/ament_index/resource_index/packages/control
/home/fly_ws/install/control/share/control/package.xml
/home/fly_ws/install/control/lib/python3.10/site-packages/control-0.0.0-py3.10.egg-info/PKG-INFO
/home/fly_ws/install/control/lib/python3.10/site-packages/control-0.0.0-py3.10.egg-info/requires.txt
/home/fly_ws/install/control/lib/python3.10/site-packages/control-0.0.0-py3.10.egg-info/entry_points.txt
/home/fly_ws/install/control/lib/python3.10/site-packages/control-0.0.0-py3.10.egg-info/zip-safe
/home/fly_ws/install/control/lib/python3.10/site-packages/control-0.0.0-py3.10.egg-info/top_level.txt
/home/fly_ws/install/control/lib/python3.10/site-packages/control-0.0.0-py3.10.egg-info/SOURCES.txt
/home/fly_ws/install/control/lib/python3.10/site-packages/control-0.0.0-py3.10.egg-info/dependency_links.txt
/home/fly_ws/install/control/lib/control/fly
/home/fly_ws/install/control/lib/control/pub
