[0.421s] [34mcolcon[0m [1;30mDEBUG[0m [32mCommand line arguments: ['/usr/bin/colcon', 'build'][0m
[0.421s] [34mcolcon[0m [1;30mDEBUG[0m [32mParsed command line arguments: Namespace(log_base=None, log_level=None, verb_name='build', build_base='build', install_base='install', merge_install=False, symlink_install=False, test_result_base=None, continue_on_error=False, executor='parallel', parallel_workers=6, event_handlers=None, ignore_user_meta=False, metas=['./colcon.meta'], base_paths=['.'], packages_ignore=None, packages_ignore_regex=None, paths=None, packages_up_to=None, packages_up_to_regex=None, packages_above=None, packages_above_and_dependencies=None, packages_above_depth=None, packages_select_by_dep=None, packages_skip_by_dep=None, packages_skip_up_to=None, packages_select_build_failed=False, packages_skip_build_finished=False, packages_select_test_failures=False, packages_skip_test_passed=False, packages_select=None, packages_skip=None, packages_select_regex=None, packages_skip_regex=None, packages_start=None, packages_end=None, allow_overriding=[], cmake_args=None, cmake_target=None, cmake_target_skip_unavailable=False, cmake_clean_cache=False, cmake_clean_first=False, cmake_force_configure=False, ament_cmake_args=None, catkin_cmake_args=None, catkin_skip_building_tests=False, verb_parser=<colcon_defaults.argument_parser.defaults.DefaultArgumentsDecorator object at 0xffff935171c0>, verb_extension=<colcon_core.verb.build.BuildVerb object at 0xffff93516ad0>, main=<bound method BuildVerb.main of <colcon_core.verb.build.BuildVerb object at 0xffff93516ad0>>)[0m
[0.834s] [34mcolcon.colcon_core.package_discovery[0m [1;30mLevel 1[0m discover_packages(colcon_meta) check parameters
[0.834s] [34mcolcon.colcon_core.package_discovery[0m [1;30mLevel 1[0m discover_packages(recursive) check parameters
[0.834s] [34mcolcon.colcon_core.package_discovery[0m [1;30mLevel 1[0m discover_packages(ignore) check parameters
[0.834s] [34mcolcon.colcon_core.package_discovery[0m [1;30mLevel 1[0m discover_packages(path) check parameters
[0.834s] [34mcolcon.colcon_core.package_discovery[0m [1;30mLevel 1[0m discover_packages(colcon_meta) discover
[0.835s] [34mcolcon.colcon_core.package_discovery[0m [1;30mLevel 1[0m discover_packages(recursive) discover
[0.835s] [34mcolcon.colcon_core.package_discovery[0m [1;30mINFO[0m Crawling recursively for packages in '/home/fly_ws'
[0.835s] [34mcolcon.colcon_core.package_identification[0m [1;30mLevel 1[0m _identify(.) by extensions ['ignore', 'ignore_ament_install']
[0.835s] [34mcolcon.colcon_core.package_identification[0m [1;30mLevel 1[0m _identify(.) by extension 'ignore'
[0.836s] [34mcolcon.colcon_core.package_identification[0m [1;30mLevel 1[0m _identify(.) by extension 'ignore_ament_install'
[0.836s] [34mcolcon.colcon_core.package_identification[0m [1;30mLevel 1[0m _identify(.) by extensions ['colcon_pkg']
[0.836s] [34mcolcon.colcon_core.package_identification[0m [1;30mLevel 1[0m _identify(.) by extension 'colcon_pkg'
[0.836s] [34mcolcon.colcon_core.package_identification[0m [1;30mLevel 1[0m _identify(.) by extensions ['colcon_meta']
[0.836s] [34mcolcon.colcon_core.package_identification[0m [1;30mLevel 1[0m _identify(.) by extension 'colcon_meta'
[0.836s] [34mcolcon.colcon_core.package_identification[0m [1;30mLevel 1[0m _identify(.) by extensions ['ros']
[0.836s] [34mcolcon.colcon_core.package_identification[0m [1;30mLevel 1[0m _identify(.) by extension 'ros'
[1.007s] [34mcolcon.colcon_core.package_identification[0m [1;30mLevel 1[0m _identify(.) by extensions ['cmake', 'python']
[1.008s] [34mcolcon.colcon_core.package_identification[0m [1;30mLevel 1[0m _identify(.) by extension 'cmake'
[1.008s] [34mcolcon.colcon_core.package_identification[0m [1;30mLevel 1[0m _identify(.) by extension 'python'
[1.008s] [34mcolcon.colcon_core.package_identification[0m [1;30mLevel 1[0m _identify(.) by extensions ['python_setup_py']
[1.008s] [34mcolcon.colcon_core.package_identification[0m [1;30mLevel 1[0m _identify(.) by extension 'python_setup_py'
[1.008s] [34mcolcon.colcon_core.package_identification[0m [1;30mLevel 1[0m _identify(build) by extensions ['ignore', 'ignore_ament_install']
[1.009s] [34mcolcon.colcon_core.package_identification[0m [1;30mLevel 1[0m _identify(build) by extension 'ignore'
[1.009s] [34mcolcon.colcon_core.package_identification[0m [1;30mLevel 1[0m _identify(build) ignored
[1.009s] [34mcolcon.colcon_core.package_identification[0m [1;30mLevel 1[0m _identify(install) by extensions ['ignore', 'ignore_ament_install']
[1.010s] [34mcolcon.colcon_core.package_identification[0m [1;30mLevel 1[0m _identify(install) by extension 'ignore'
[1.010s] [34mcolcon.colcon_core.package_identification[0m [1;30mLevel 1[0m _identify(install) ignored
[1.010s] [34mcolcon.colcon_core.package_identification[0m [1;30mLevel 1[0m _identify(log) by extensions ['ignore', 'ignore_ament_install']
[1.010s] [34mcolcon.colcon_core.package_identification[0m [1;30mLevel 1[0m _identify(log) by extension 'ignore'
[1.010s] [34mcolcon.colcon_core.package_identification[0m [1;30mLevel 1[0m _identify(log) ignored
[1.011s] [34mcolcon.colcon_core.package_identification[0m [1;30mLevel 1[0m _identify(src) by extensions ['ignore', 'ignore_ament_install']
[1.011s] [34mcolcon.colcon_core.package_identification[0m [1;30mLevel 1[0m _identify(src) by extension 'ignore'
[1.011s] [34mcolcon.colcon_core.package_identification[0m [1;30mLevel 1[0m _identify(src) by extension 'ignore_ament_install'
[1.011s] [34mcolcon.colcon_core.package_identification[0m [1;30mLevel 1[0m _identify(src) by extensions ['colcon_pkg']
[1.011s] [34mcolcon.colcon_core.package_identification[0m [1;30mLevel 1[0m _identify(src) by extension 'colcon_pkg'
[1.011s] [34mcolcon.colcon_core.package_identification[0m [1;30mLevel 1[0m _identify(src) by extensions ['colcon_meta']
[1.012s] [34mcolcon.colcon_core.package_identification[0m [1;30mLevel 1[0m _identify(src) by extension 'colcon_meta'
[1.012s] [34mcolcon.colcon_core.package_identification[0m [1;30mLevel 1[0m _identify(src) by extensions ['ros']
[1.012s] [34mcolcon.colcon_core.package_identification[0m [1;30mLevel 1[0m _identify(src) by extension 'ros'
[1.012s] [34mcolcon.colcon_core.package_identification[0m [1;30mLevel 1[0m _identify(src) by extensions ['cmake', 'python']
[1.012s] [34mcolcon.colcon_core.package_identification[0m [1;30mLevel 1[0m _identify(src) by extension 'cmake'
[1.012s] [34mcolcon.colcon_core.package_identification[0m [1;30mLevel 1[0m _identify(src) by extension 'python'
[1.012s] [34mcolcon.colcon_core.package_identification[0m [1;30mLevel 1[0m _identify(src) by extensions ['python_setup_py']
[1.012s] [34mcolcon.colcon_core.package_identification[0m [1;30mLevel 1[0m _identify(src) by extension 'python_setup_py'
[1.013s] [34mcolcon.colcon_core.package_identification[0m [1;30mLevel 1[0m _identify(src/detect) by extensions ['ignore', 'ignore_ament_install']
[1.013s] [34mcolcon.colcon_core.package_identification[0m [1;30mLevel 1[0m _identify(src/detect) by extension 'ignore'
[1.013s] [34mcolcon.colcon_core.package_identification[0m [1;30mLevel 1[0m _identify(src/detect) by extension 'ignore_ament_install'
[1.013s] [34mcolcon.colcon_core.package_identification[0m [1;30mLevel 1[0m _identify(src/detect) by extensions ['colcon_pkg']
[1.013s] [34mcolcon.colcon_core.package_identification[0m [1;30mLevel 1[0m _identify(src/detect) by extension 'colcon_pkg'
[1.013s] [34mcolcon.colcon_core.package_identification[0m [1;30mLevel 1[0m _identify(src/detect) by extensions ['colcon_meta']
[1.014s] [34mcolcon.colcon_core.package_identification[0m [1;30mLevel 1[0m _identify(src/detect) by extension 'colcon_meta'
[1.014s] [34mcolcon.colcon_core.package_identification[0m [1;30mLevel 1[0m _identify(src/detect) by extensions ['ros']
[1.014s] [34mcolcon.colcon_core.package_identification[0m [1;30mLevel 1[0m _identify(src/detect) by extension 'ros'
[1.020s] [34mcolcon.colcon_core.package_identification[0m [1;30mDEBUG[0m [32mPackage 'src/detect' with type 'ros.ament_python' and name 'detect'[0m
[1.021s] [34mcolcon.colcon_core.package_identification[0m [1;30mLevel 1[0m _identify(src/fly1) by extensions ['ignore', 'ignore_ament_install']
[1.021s] [34mcolcon.colcon_core.package_identification[0m [1;30mLevel 1[0m _identify(src/fly1) by extension 'ignore'
[1.022s] [34mcolcon.colcon_core.package_identification[0m [1;30mLevel 1[0m _identify(src/fly1) by extension 'ignore_ament_install'
[1.022s] [34mcolcon.colcon_core.package_identification[0m [1;30mLevel 1[0m _identify(src/fly1) by extensions ['colcon_pkg']
[1.022s] [34mcolcon.colcon_core.package_identification[0m [1;30mLevel 1[0m _identify(src/fly1) by extension 'colcon_pkg'
[1.022s] [34mcolcon.colcon_core.package_identification[0m [1;30mLevel 1[0m _identify(src/fly1) by extensions ['colcon_meta']
[1.022s] [34mcolcon.colcon_core.package_identification[0m [1;30mLevel 1[0m _identify(src/fly1) by extension 'colcon_meta'
[1.022s] [34mcolcon.colcon_core.package_identification[0m [1;30mLevel 1[0m _identify(src/fly1) by extensions ['ros']
[1.022s] [34mcolcon.colcon_core.package_identification[0m [1;30mLevel 1[0m _identify(src/fly1) by extension 'ros'
[1.024s] [34mcolcon.colcon_core.package_identification[0m [1;30mDEBUG[0m [32mPackage 'src/fly1' with type 'ros.ament_python' and name 'control'[0m
[1.024s] [34mcolcon.colcon_core.package_identification[0m [1;30mLevel 1[0m _identify(src/px4_msgs) by extensions ['ignore', 'ignore_ament_install']
[1.025s] [34mcolcon.colcon_core.package_identification[0m [1;30mLevel 1[0m _identify(src/px4_msgs) by extension 'ignore'
[1.025s] [34mcolcon.colcon_core.package_identification[0m [1;30mLevel 1[0m _identify(src/px4_msgs) by extension 'ignore_ament_install'
[1.025s] [34mcolcon.colcon_core.package_identification[0m [1;30mLevel 1[0m _identify(src/px4_msgs) by extensions ['colcon_pkg']
[1.025s] [34mcolcon.colcon_core.package_identification[0m [1;30mLevel 1[0m _identify(src/px4_msgs) by extension 'colcon_pkg'
[1.025s] [34mcolcon.colcon_core.package_identification[0m [1;30mLevel 1[0m _identify(src/px4_msgs) by extensions ['colcon_meta']
[1.025s] [34mcolcon.colcon_core.package_identification[0m [1;30mLevel 1[0m _identify(src/px4_msgs) by extension 'colcon_meta'
[1.025s] [34mcolcon.colcon_core.package_identification[0m [1;30mLevel 1[0m _identify(src/px4_msgs) by extensions ['ros']
[1.026s] [34mcolcon.colcon_core.package_identification[0m [1;30mLevel 1[0m _identify(src/px4_msgs) by extension 'ros'
[1.027s] [34mcolcon.colcon_core.package_identification[0m [1;30mDEBUG[0m [32mPackage 'src/px4_msgs' with type 'ros.ament_cmake' and name 'px4_msgs'[0m
[1.027s] [34mcolcon.colcon_core.package_discovery[0m [1;30mLevel 1[0m discover_packages(recursive) using defaults
[1.028s] [34mcolcon.colcon_core.package_discovery[0m [1;30mLevel 1[0m discover_packages(ignore) discover
[1.028s] [34mcolcon.colcon_core.package_discovery[0m [1;30mLevel 1[0m discover_packages(ignore) using defaults
[1.028s] [34mcolcon.colcon_core.package_discovery[0m [1;30mLevel 1[0m discover_packages(path) discover
[1.028s] [34mcolcon.colcon_core.package_discovery[0m [1;30mLevel 1[0m discover_packages(path) using defaults
[1.072s] [34mcolcon.colcon_core.package_discovery[0m [1;30mLevel 1[0m discover_packages(prefix_path) check parameters
[1.073s] [34mcolcon.colcon_core.package_discovery[0m [1;30mLevel 1[0m discover_packages(prefix_path) discover
[1.080s] [34mcolcon.colcon_installed_package_information.package_discovery[0m [1;30mDEBUG[0m [32mFound 4 installed packages in /home/fly_ws/install[0m
[1.082s] [34mcolcon.colcon_installed_package_information.package_discovery[0m [1;30mDEBUG[0m [32mFound 189 installed packages in /opt/ros/humble[0m
[1.084s] [34mcolcon.colcon_core.package_discovery[0m [1;30mLevel 1[0m discover_packages(prefix_path) using defaults
[1.163s] [34mcolcon.colcon_core.verb[0m [1;30mLevel 5[0m set package 'detect' build argument 'cmake_args' from command line to 'None'
[1.164s] [34mcolcon.colcon_core.verb[0m [1;30mLevel 5[0m set package 'detect' build argument 'cmake_target' from command line to 'None'
[1.164s] [34mcolcon.colcon_core.verb[0m [1;30mLevel 5[0m set package 'detect' build argument 'cmake_target_skip_unavailable' from command line to 'False'
[1.164s] [34mcolcon.colcon_core.verb[0m [1;30mLevel 5[0m set package 'detect' build argument 'cmake_clean_cache' from command line to 'False'
[1.164s] [34mcolcon.colcon_core.verb[0m [1;30mLevel 5[0m set package 'detect' build argument 'cmake_clean_first' from command line to 'False'
[1.164s] [34mcolcon.colcon_core.verb[0m [1;30mLevel 5[0m set package 'detect' build argument 'cmake_force_configure' from command line to 'False'
[1.164s] [34mcolcon.colcon_core.verb[0m [1;30mLevel 5[0m set package 'detect' build argument 'ament_cmake_args' from command line to 'None'
[1.164s] [34mcolcon.colcon_core.verb[0m [1;30mLevel 5[0m set package 'detect' build argument 'catkin_cmake_args' from command line to 'None'
[1.164s] [34mcolcon.colcon_core.verb[0m [1;30mLevel 5[0m set package 'detect' build argument 'catkin_skip_building_tests' from command line to 'False'
[1.164s] [34mcolcon.colcon_core.verb[0m [1;30mDEBUG[0m [32mBuilding package 'detect' with the following arguments: {'ament_cmake_args': None, 'build_base': '/home/fly_ws/build/detect', 'catkin_cmake_args': None, 'catkin_skip_building_tests': False, 'cmake_args': None, 'cmake_clean_cache': False, 'cmake_clean_first': False, 'cmake_force_configure': False, 'cmake_target': None, 'cmake_target_skip_unavailable': False, 'install_base': '/home/fly_ws/install/detect', 'merge_install': False, 'path': '/home/fly_ws/src/detect', 'symlink_install': False, 'test_result_base': None}[0m
[1.165s] [34mcolcon.colcon_core.verb[0m [1;30mLevel 5[0m set package 'px4_msgs' build argument 'cmake_args' from command line to 'None'
[1.165s] [34mcolcon.colcon_core.verb[0m [1;30mLevel 5[0m set package 'px4_msgs' build argument 'cmake_target' from command line to 'None'
[1.165s] [34mcolcon.colcon_core.verb[0m [1;30mLevel 5[0m set package 'px4_msgs' build argument 'cmake_target_skip_unavailable' from command line to 'False'
[1.165s] [34mcolcon.colcon_core.verb[0m [1;30mLevel 5[0m set package 'px4_msgs' build argument 'cmake_clean_cache' from command line to 'False'
[1.165s] [34mcolcon.colcon_core.verb[0m [1;30mLevel 5[0m set package 'px4_msgs' build argument 'cmake_clean_first' from command line to 'False'
[1.165s] [34mcolcon.colcon_core.verb[0m [1;30mLevel 5[0m set package 'px4_msgs' build argument 'cmake_force_configure' from command line to 'False'
[1.165s] [34mcolcon.colcon_core.verb[0m [1;30mLevel 5[0m set package 'px4_msgs' build argument 'ament_cmake_args' from command line to 'None'
[1.165s] [34mcolcon.colcon_core.verb[0m [1;30mLevel 5[0m set package 'px4_msgs' build argument 'catkin_cmake_args' from command line to 'None'
[1.165s] [34mcolcon.colcon_core.verb[0m [1;30mLevel 5[0m set package 'px4_msgs' build argument 'catkin_skip_building_tests' from command line to 'False'
[1.166s] [34mcolcon.colcon_core.verb[0m [1;30mDEBUG[0m [32mBuilding package 'px4_msgs' with the following arguments: {'ament_cmake_args': None, 'build_base': '/home/fly_ws/build/px4_msgs', 'catkin_cmake_args': None, 'catkin_skip_building_tests': False, 'cmake_args': None, 'cmake_clean_cache': False, 'cmake_clean_first': False, 'cmake_force_configure': False, 'cmake_target': None, 'cmake_target_skip_unavailable': False, 'install_base': '/home/fly_ws/install/px4_msgs', 'merge_install': False, 'path': '/home/fly_ws/src/px4_msgs', 'symlink_install': False, 'test_result_base': None}[0m
[1.166s] [34mcolcon.colcon_core.verb[0m [1;30mLevel 5[0m set package 'control' build argument 'cmake_args' from command line to 'None'
[1.166s] [34mcolcon.colcon_core.verb[0m [1;30mLevel 5[0m set package 'control' build argument 'cmake_target' from command line to 'None'
[1.166s] [34mcolcon.colcon_core.verb[0m [1;30mLevel 5[0m set package 'control' build argument 'cmake_target_skip_unavailable' from command line to 'False'
[1.166s] [34mcolcon.colcon_core.verb[0m [1;30mLevel 5[0m set package 'control' build argument 'cmake_clean_cache' from command line to 'False'
[1.166s] [34mcolcon.colcon_core.verb[0m [1;30mLevel 5[0m set package 'control' build argument 'cmake_clean_first' from command line to 'False'
[1.167s] [34mcolcon.colcon_core.verb[0m [1;30mLevel 5[0m set package 'control' build argument 'cmake_force_configure' from command line to 'False'
[1.167s] [34mcolcon.colcon_core.verb[0m [1;30mLevel 5[0m set package 'control' build argument 'ament_cmake_args' from command line to 'None'
[1.167s] [34mcolcon.colcon_core.verb[0m [1;30mLevel 5[0m set package 'control' build argument 'catkin_cmake_args' from command line to 'None'
[1.167s] [34mcolcon.colcon_core.verb[0m [1;30mLevel 5[0m set package 'control' build argument 'catkin_skip_building_tests' from command line to 'False'
[1.167s] [34mcolcon.colcon_core.verb[0m [1;30mDEBUG[0m [32mBuilding package 'control' with the following arguments: {'ament_cmake_args': None, 'build_base': '/home/fly_ws/build/control', 'catkin_cmake_args': None, 'catkin_skip_building_tests': False, 'cmake_args': None, 'cmake_clean_cache': False, 'cmake_clean_first': False, 'cmake_force_configure': False, 'cmake_target': None, 'cmake_target_skip_unavailable': False, 'install_base': '/home/fly_ws/install/control', 'merge_install': False, 'path': '/home/fly_ws/src/fly1', 'symlink_install': False, 'test_result_base': None}[0m
[1.167s] [34mcolcon.colcon_core.executor[0m [1;30mINFO[0m Executing jobs using 'parallel' executor
[1.170s] [34mcolcon.colcon_parallel_executor.executor.parallel[0m [1;30mDEBUG[0m [32mrun_until_complete[0m
[1.171s] [34mcolcon.colcon_ros.task.ament_cmake.build[0m [1;30mINFO[0m Building ROS package in '/home/fly_ws/src/px4_msgs' with build type 'ament_cmake'
[1.171s] [34mcolcon.colcon_cmake.task.cmake.build[0m [1;30mINFO[0m Building CMake package in '/home/fly_ws/src/px4_msgs'
[1.180s] [34mcolcon.colcon_core.plugin_system[0m [1;30mINFO[0m Skipping extension 'colcon_core.shell.bat': Not used on non-Windows systems
[1.180s] [34mcolcon.colcon_core.shell[0m [1;30mINFO[0m Skip shell extension 'powershell' for command environment: Not usable outside of PowerShell
[1.180s] [34mcolcon.colcon_core.shell[0m [1;30mDEBUG[0m [32mSkip shell extension 'dsv' for command environment[0m
[1.190s] [34mcolcon.colcon_ros.task.ament_python.build[0m [1;30mINFO[0m Building ROS package in '/home/fly_ws/src/detect' with build type 'ament_python'
[1.191s] [34mcolcon.colcon_core.shell[0m [1;30mLevel 1[0m create_environment_hook('detect', 'ament_prefix_path')
[1.192s] [34mcolcon.colcon_core.shell[0m [1;30mINFO[0m Creating environment hook '/home/fly_ws/install/detect/share/detect/hook/ament_prefix_path.ps1'
[1.194s] [34mcolcon.colcon_core.shell[0m [1;30mINFO[0m Creating environment descriptor '/home/fly_ws/install/detect/share/detect/hook/ament_prefix_path.dsv'
[1.196s] [34mcolcon.colcon_core.shell[0m [1;30mINFO[0m Creating environment hook '/home/fly_ws/install/detect/share/detect/hook/ament_prefix_path.sh'
[1.197s] [34mcolcon.colcon_core.shell[0m [1;30mINFO[0m Skip shell extension 'powershell' for command environment: Not usable outside of PowerShell
[1.198s] [34mcolcon.colcon_core.shell[0m [1;30mDEBUG[0m [32mSkip shell extension 'dsv' for command environment[0m
[1.214s] [34mcolcon.colcon_core.event_handler.log_command[0m [1;30mDEBUG[0m [32mInvoking command in '/home/fly_ws/build/px4_msgs': CMAKE_PREFIX_PATH=${CMAKE_PREFIX_PATH}:/home/fly_ws/install/detect:/home/fly_ws/install/control:/opt/ros/humble /usr/bin/cmake --build /home/fly_ws/build/px4_msgs -- -j6 -l6[0m
[1.827s] [34mcolcon.colcon_core.task.python.build[0m [1;30mINFO[0m Building Python package in '/home/fly_ws/src/detect'
[1.828s] [34mcolcon.colcon_core.shell[0m [1;30mINFO[0m Skip shell extension 'powershell' for command environment: Not usable outside of PowerShell
[1.828s] [34mcolcon.colcon_core.shell[0m [1;30mDEBUG[0m [32mSkip shell extension 'dsv' for command environment[0m
[3.033s] [34mcolcon.colcon_core.event_handler.log_command[0m [1;30mDEBUG[0m [32mInvoking command in '/home/fly_ws/src/detect': PYTHONPATH=/home/fly_ws/build/detect/prefix_override:/usr/lib/python3/dist-packages/colcon_core/task/python/colcon_distutils_commands:/home/fly_ws/install/detect/lib/python3.10/site-packages:${PYTHONPATH} /usr/bin/python3 -W ignore:setup.py install is deprecated -W ignore:easy_install command is deprecated setup.py egg_info --egg-base ../../build/detect build --build-base /home/fly_ws/build/detect/build install --record /home/fly_ws/build/detect/install.log --single-version-externally-managed install_data[0m
[3.207s] [34mcolcon.colcon_core.event_handler.log_command[0m [1;30mDEBUG[0m [32mInvoked command in '/home/fly_ws/build/px4_msgs' returned '0': CMAKE_PREFIX_PATH=${CMAKE_PREFIX_PATH}:/home/fly_ws/install/detect:/home/fly_ws/install/control:/opt/ros/humble /usr/bin/cmake --build /home/fly_ws/build/px4_msgs -- -j6 -l6[0m
[3.229s] [34mcolcon.colcon_core.event_handler.log_command[0m [1;30mDEBUG[0m [32mInvoking command in '/home/fly_ws/build/px4_msgs': CMAKE_PREFIX_PATH=${CMAKE_PREFIX_PATH}:/home/fly_ws/install/detect:/home/fly_ws/install/control:/opt/ros/humble /usr/bin/cmake --install /home/fly_ws/build/px4_msgs[0m
[3.767s] [34mcolcon.colcon_core.event_handler.log_command[0m [1;30mDEBUG[0m [32mInvoked command in '/home/fly_ws/src/detect' returned '0': PYTHONPATH=/home/fly_ws/build/detect/prefix_override:/usr/lib/python3/dist-packages/colcon_core/task/python/colcon_distutils_commands:/home/fly_ws/install/detect/lib/python3.10/site-packages:${PYTHONPATH} /usr/bin/python3 -W ignore:setup.py install is deprecated -W ignore:easy_install command is deprecated setup.py egg_info --egg-base ../../build/detect build --build-base /home/fly_ws/build/detect/build install --record /home/fly_ws/build/detect/install.log --single-version-externally-managed install_data[0m
[3.786s] [34mcolcon.colcon_core.environment[0m [1;30mLevel 1[0m checking '/home/fly_ws/install/detect' for CMake module files
[3.793s] [34mcolcon.colcon_core.environment[0m [1;30mLevel 1[0m checking '/home/fly_ws/install/detect' for CMake config files
[3.798s] [34mcolcon.colcon_core.environment[0m [1;30mLevel 1[0m checking '/home/fly_ws/install/detect/lib'
[3.799s] [34mcolcon.colcon_core.environment[0m [1;30mLevel 1[0m checking '/home/fly_ws/install/detect/bin'
[3.800s] [34mcolcon.colcon_core.environment[0m [1;30mLevel 1[0m checking '/home/fly_ws/install/detect/lib/pkgconfig/detect.pc'
[3.800s] [34mcolcon.colcon_core.environment[0m [1;30mLevel 1[0m checking '/home/fly_ws/install/detect/lib/python3.10/site-packages'
[3.801s] [34mcolcon.colcon_core.shell[0m [1;30mLevel 1[0m create_environment_hook('detect', 'pythonpath')
[3.801s] [34mcolcon.colcon_core.shell[0m [1;30mINFO[0m Creating environment hook '/home/fly_ws/install/detect/share/detect/hook/pythonpath.ps1'
[3.810s] [34mcolcon.colcon_core.shell[0m [1;30mINFO[0m Creating environment descriptor '/home/fly_ws/install/detect/share/detect/hook/pythonpath.dsv'
[3.818s] [34mcolcon.colcon_core.shell[0m [1;30mINFO[0m Creating environment hook '/home/fly_ws/install/detect/share/detect/hook/pythonpath.sh'
[3.840s] [34mcolcon.colcon_core.environment[0m [1;30mLevel 1[0m checking '/home/fly_ws/install/detect/bin'
[3.841s] [34mcolcon.colcon_core.environment[0m [1;30mLevel 1[0m create_environment_scripts_only(detect)
[3.845s] [34mcolcon.colcon_core.shell[0m [1;30mINFO[0m Creating package script '/home/fly_ws/install/detect/share/detect/package.ps1'
[3.850s] [34mcolcon.colcon_core.shell[0m [1;30mINFO[0m Creating package descriptor '/home/fly_ws/install/detect/share/detect/package.dsv'
[3.852s] [34mcolcon.colcon_core.shell[0m [1;30mINFO[0m Creating package script '/home/fly_ws/install/detect/share/detect/package.sh'
[3.855s] [34mcolcon.colcon_core.shell[0m [1;30mINFO[0m Creating package script '/home/fly_ws/install/detect/share/detect/package.bash'
[3.857s] [34mcolcon.colcon_core.shell[0m [1;30mINFO[0m Creating package script '/home/fly_ws/install/detect/share/detect/package.zsh'
[3.860s] [34mcolcon.colcon_core.environment[0m [1;30mLevel 1[0m create_file_with_runtime_dependencies(/home/fly_ws/install/detect/share/colcon-core/packages/detect)
[4.680s] [34mcolcon.colcon_core.environment[0m [1;30mLevel 1[0m create_environment_scripts_only(px4_msgs)
[4.681s] [34mcolcon.colcon_core.environment[0m [1;30mLevel 1[0m checking '/home/fly_ws/install/px4_msgs' for CMake module files
[4.682s] [34mcolcon.colcon_core.event_handler.log_command[0m [1;30mDEBUG[0m [32mInvoked command in '/home/fly_ws/build/px4_msgs' returned '0': CMAKE_PREFIX_PATH=${CMAKE_PREFIX_PATH}:/home/fly_ws/install/detect:/home/fly_ws/install/control:/opt/ros/humble /usr/bin/cmake --install /home/fly_ws/build/px4_msgs[0m
[4.686s] [34mcolcon.colcon_core.environment[0m [1;30mLevel 1[0m checking '/home/fly_ws/install/px4_msgs' for CMake config files
[4.700s] [34mcolcon.colcon_core.shell[0m [1;30mLevel 1[0m create_environment_hook('px4_msgs', 'cmake_prefix_path')
[4.701s] [34mcolcon.colcon_core.shell[0m [1;30mINFO[0m Creating environment hook '/home/fly_ws/install/px4_msgs/share/px4_msgs/hook/cmake_prefix_path.ps1'
[4.703s] [34mcolcon.colcon_core.shell[0m [1;30mINFO[0m Creating environment descriptor '/home/fly_ws/install/px4_msgs/share/px4_msgs/hook/cmake_prefix_path.dsv'
[4.704s] [34mcolcon.colcon_core.shell[0m [1;30mINFO[0m Creating environment hook '/home/fly_ws/install/px4_msgs/share/px4_msgs/hook/cmake_prefix_path.sh'
[4.707s] [34mcolcon.colcon_core.environment[0m [1;30mLevel 1[0m checking '/home/fly_ws/install/px4_msgs/lib'
[4.707s] [34mcolcon.colcon_core.shell[0m [1;30mLevel 1[0m create_environment_hook('px4_msgs', 'ld_library_path_lib')
[4.708s] [34mcolcon.colcon_core.shell[0m [1;30mINFO[0m Creating environment hook '/home/fly_ws/install/px4_msgs/share/px4_msgs/hook/ld_library_path_lib.ps1'
[4.709s] [34mcolcon.colcon_core.shell[0m [1;30mINFO[0m Creating environment descriptor '/home/fly_ws/install/px4_msgs/share/px4_msgs/hook/ld_library_path_lib.dsv'
[4.710s] [34mcolcon.colcon_core.shell[0m [1;30mINFO[0m Creating environment hook '/home/fly_ws/install/px4_msgs/share/px4_msgs/hook/ld_library_path_lib.sh'
[4.711s] [34mcolcon.colcon_core.environment[0m [1;30mLevel 1[0m checking '/home/fly_ws/install/px4_msgs/bin'
[4.712s] [34mcolcon.colcon_core.environment[0m [1;30mLevel 1[0m checking '/home/fly_ws/install/px4_msgs/lib/pkgconfig/px4_msgs.pc'
[4.712s] [34mcolcon.colcon_core.environment[0m [1;30mLevel 1[0m checking '/home/fly_ws/install/px4_msgs/lib/python3.10/site-packages'
[4.713s] [34mcolcon.colcon_core.environment[0m [1;30mLevel 1[0m checking '/home/fly_ws/install/px4_msgs/bin'
[4.714s] [34mcolcon.colcon_core.shell[0m [1;30mINFO[0m Creating package script '/home/fly_ws/install/px4_msgs/share/px4_msgs/package.ps1'
[4.715s] [34mcolcon.colcon_core.shell[0m [1;30mINFO[0m Creating package descriptor '/home/fly_ws/install/px4_msgs/share/px4_msgs/package.dsv'
[4.716s] [34mcolcon.colcon_core.shell[0m [1;30mINFO[0m Creating package script '/home/fly_ws/install/px4_msgs/share/px4_msgs/package.sh'
[4.718s] [34mcolcon.colcon_core.shell[0m [1;30mINFO[0m Creating package script '/home/fly_ws/install/px4_msgs/share/px4_msgs/package.bash'
[4.719s] [34mcolcon.colcon_core.shell[0m [1;30mINFO[0m Creating package script '/home/fly_ws/install/px4_msgs/share/px4_msgs/package.zsh'
[4.719s] [34mcolcon.colcon_core.environment[0m [1;30mLevel 1[0m create_file_with_runtime_dependencies(/home/fly_ws/install/px4_msgs/share/colcon-core/packages/px4_msgs)
[4.721s] [34mcolcon.colcon_core.environment[0m [1;30mLevel 1[0m create_environment_scripts_only(px4_msgs)
[4.722s] [34mcolcon.colcon_core.environment[0m [1;30mLevel 1[0m checking '/home/fly_ws/install/px4_msgs' for CMake module files
[4.723s] [34mcolcon.colcon_core.environment[0m [1;30mLevel 1[0m checking '/home/fly_ws/install/px4_msgs' for CMake config files
[4.732s] [34mcolcon.colcon_core.shell[0m [1;30mLevel 1[0m create_environment_hook('px4_msgs', 'cmake_prefix_path')
[4.733s] [34mcolcon.colcon_core.shell[0m [1;30mINFO[0m Creating environment hook '/home/fly_ws/install/px4_msgs/share/px4_msgs/hook/cmake_prefix_path.ps1'
[4.734s] [34mcolcon.colcon_core.shell[0m [1;30mINFO[0m Creating environment descriptor '/home/fly_ws/install/px4_msgs/share/px4_msgs/hook/cmake_prefix_path.dsv'
[4.735s] [34mcolcon.colcon_core.shell[0m [1;30mINFO[0m Creating environment hook '/home/fly_ws/install/px4_msgs/share/px4_msgs/hook/cmake_prefix_path.sh'
[4.736s] [34mcolcon.colcon_core.environment[0m [1;30mLevel 1[0m checking '/home/fly_ws/install/px4_msgs/lib'
[4.736s] [34mcolcon.colcon_core.shell[0m [1;30mLevel 1[0m create_environment_hook('px4_msgs', 'ld_library_path_lib')
[4.737s] [34mcolcon.colcon_core.shell[0m [1;30mINFO[0m Creating environment hook '/home/fly_ws/install/px4_msgs/share/px4_msgs/hook/ld_library_path_lib.ps1'
[4.738s] [34mcolcon.colcon_core.shell[0m [1;30mINFO[0m Creating environment descriptor '/home/fly_ws/install/px4_msgs/share/px4_msgs/hook/ld_library_path_lib.dsv'
[4.739s] [34mcolcon.colcon_core.shell[0m [1;30mINFO[0m Creating environment hook '/home/fly_ws/install/px4_msgs/share/px4_msgs/hook/ld_library_path_lib.sh'
[4.741s] [34mcolcon.colcon_core.environment[0m [1;30mLevel 1[0m checking '/home/fly_ws/install/px4_msgs/bin'
[4.741s] [34mcolcon.colcon_core.environment[0m [1;30mLevel 1[0m checking '/home/fly_ws/install/px4_msgs/lib/pkgconfig/px4_msgs.pc'
[4.741s] [34mcolcon.colcon_core.environment[0m [1;30mLevel 1[0m checking '/home/fly_ws/install/px4_msgs/lib/python3.10/site-packages'
[4.742s] [34mcolcon.colcon_core.environment[0m [1;30mLevel 1[0m checking '/home/fly_ws/install/px4_msgs/bin'
[4.744s] [34mcolcon.colcon_core.shell[0m [1;30mINFO[0m Creating package script '/home/fly_ws/install/px4_msgs/share/px4_msgs/package.ps1'
[4.746s] [34mcolcon.colcon_core.shell[0m [1;30mINFO[0m Creating package descriptor '/home/fly_ws/install/px4_msgs/share/px4_msgs/package.dsv'
[4.748s] [34mcolcon.colcon_core.shell[0m [1;30mINFO[0m Creating package script '/home/fly_ws/install/px4_msgs/share/px4_msgs/package.sh'
[4.749s] [34mcolcon.colcon_core.shell[0m [1;30mINFO[0m Creating package script '/home/fly_ws/install/px4_msgs/share/px4_msgs/package.bash'
[4.751s] [34mcolcon.colcon_core.shell[0m [1;30mINFO[0m Creating package script '/home/fly_ws/install/px4_msgs/share/px4_msgs/package.zsh'
[4.752s] [34mcolcon.colcon_core.environment[0m [1;30mLevel 1[0m create_file_with_runtime_dependencies(/home/fly_ws/install/px4_msgs/share/colcon-core/packages/px4_msgs)
[4.752s] [34mcolcon.colcon_ros.task.ament_python.build[0m [1;30mINFO[0m Building ROS package in '/home/fly_ws/src/fly1' with build type 'ament_python'
[4.753s] [34mcolcon.colcon_core.shell[0m [1;30mLevel 1[0m create_environment_hook('control', 'ament_prefix_path')
[4.754s] [34mcolcon.colcon_core.shell[0m [1;30mINFO[0m Creating environment hook '/home/fly_ws/install/control/share/control/hook/ament_prefix_path.ps1'
[4.756s] [34mcolcon.colcon_core.shell[0m [1;30mINFO[0m Creating environment descriptor '/home/fly_ws/install/control/share/control/hook/ament_prefix_path.dsv'
[4.758s] [34mcolcon.colcon_core.shell[0m [1;30mINFO[0m Creating environment hook '/home/fly_ws/install/control/share/control/hook/ament_prefix_path.sh'
[4.760s] [34mcolcon.colcon_core.shell[0m [1;30mINFO[0m Skip shell extension 'powershell' for command environment: Not usable outside of PowerShell
[4.760s] [34mcolcon.colcon_core.shell[0m [1;30mDEBUG[0m [32mSkip shell extension 'dsv' for command environment[0m
[5.375s] [34mcolcon.colcon_core.task.python.build[0m [1;30mINFO[0m Building Python package in '/home/fly_ws/src/fly1'
[5.376s] [34mcolcon.colcon_core.shell[0m [1;30mINFO[0m Skip shell extension 'powershell' for command environment: Not usable outside of PowerShell
[5.376s] [34mcolcon.colcon_core.shell[0m [1;30mDEBUG[0m [32mSkip shell extension 'dsv' for command environment[0m
[6.304s] [34mcolcon.colcon_core.event_handler.log_command[0m [1;30mDEBUG[0m [32mInvoking command in '/home/fly_ws/src/fly1': CMAKE_PREFIX_PATH=/home/fly_ws/install/px4_msgs:/home/fly_ws/install/test_interface LD_LIBRARY_PATH=/home/fly_ws/install/px4_msgs/lib:/home/fly_ws/install/test_interface/lib:/opt/ros/humble/lib/aarch64-linux-gnu:/opt/ros/humble/lib:/usr/local/cuda/lib64 PYTHONPATH=/home/fly_ws/build/control/prefix_override:/usr/lib/python3/dist-packages/colcon_core/task/python/colcon_distutils_commands:/home/fly_ws/install/control/lib/python3.10/site-packages:${PYTHONPATH} /usr/bin/python3 -W ignore:setup.py install is deprecated -W ignore:easy_install command is deprecated setup.py egg_info --egg-base ../../build/control build --build-base /home/fly_ws/build/control/build install --record /home/fly_ws/build/control/install.log --single-version-externally-managed install_data[0m
[6.996s] [34mcolcon.colcon_core.environment[0m [1;30mLevel 1[0m checking '/home/fly_ws/install/control' for CMake module files
[6.998s] [34mcolcon.colcon_core.event_handler.log_command[0m [1;30mDEBUG[0m [32mInvoked command in '/home/fly_ws/src/fly1' returned '0': CMAKE_PREFIX_PATH=/home/fly_ws/install/px4_msgs:/home/fly_ws/install/test_interface LD_LIBRARY_PATH=/home/fly_ws/install/px4_msgs/lib:/home/fly_ws/install/test_interface/lib:/opt/ros/humble/lib/aarch64-linux-gnu:/opt/ros/humble/lib:/usr/local/cuda/lib64 PYTHONPATH=/home/fly_ws/build/control/prefix_override:/usr/lib/python3/dist-packages/colcon_core/task/python/colcon_distutils_commands:/home/fly_ws/install/control/lib/python3.10/site-packages:${PYTHONPATH} /usr/bin/python3 -W ignore:setup.py install is deprecated -W ignore:easy_install command is deprecated setup.py egg_info --egg-base ../../build/control build --build-base /home/fly_ws/build/control/build install --record /home/fly_ws/build/control/install.log --single-version-externally-managed install_data[0m
[7.001s] [34mcolcon.colcon_core.environment[0m [1;30mLevel 1[0m checking '/home/fly_ws/install/control' for CMake config files
[7.004s] [34mcolcon.colcon_core.environment[0m [1;30mLevel 1[0m checking '/home/fly_ws/install/control/lib'
[7.004s] [34mcolcon.colcon_core.environment[0m [1;30mLevel 1[0m checking '/home/fly_ws/install/control/bin'
[7.005s] [34mcolcon.colcon_core.environment[0m [1;30mLevel 1[0m checking '/home/fly_ws/install/control/lib/pkgconfig/control.pc'
[7.005s] [34mcolcon.colcon_core.environment[0m [1;30mLevel 1[0m checking '/home/fly_ws/install/control/lib/python3.10/site-packages'
[7.006s] [34mcolcon.colcon_core.shell[0m [1;30mLevel 1[0m create_environment_hook('control', 'pythonpath')
[7.007s] [34mcolcon.colcon_core.shell[0m [1;30mINFO[0m Creating environment hook '/home/fly_ws/install/control/share/control/hook/pythonpath.ps1'
[7.009s] [34mcolcon.colcon_core.shell[0m [1;30mINFO[0m Creating environment descriptor '/home/fly_ws/install/control/share/control/hook/pythonpath.dsv'
[7.010s] [34mcolcon.colcon_core.shell[0m [1;30mINFO[0m Creating environment hook '/home/fly_ws/install/control/share/control/hook/pythonpath.sh'
[7.012s] [34mcolcon.colcon_core.environment[0m [1;30mLevel 1[0m checking '/home/fly_ws/install/control/bin'
[7.013s] [34mcolcon.colcon_core.environment[0m [1;30mLevel 1[0m create_environment_scripts_only(control)
[7.014s] [34mcolcon.colcon_core.shell[0m [1;30mINFO[0m Creating package script '/home/fly_ws/install/control/share/control/package.ps1'
[7.016s] [34mcolcon.colcon_core.shell[0m [1;30mINFO[0m Creating package descriptor '/home/fly_ws/install/control/share/control/package.dsv'
[7.018s] [34mcolcon.colcon_core.shell[0m [1;30mINFO[0m Creating package script '/home/fly_ws/install/control/share/control/package.sh'
[7.019s] [34mcolcon.colcon_core.shell[0m [1;30mINFO[0m Creating package script '/home/fly_ws/install/control/share/control/package.bash'
[7.021s] [34mcolcon.colcon_core.shell[0m [1;30mINFO[0m Creating package script '/home/fly_ws/install/control/share/control/package.zsh'
[7.022s] [34mcolcon.colcon_core.environment[0m [1;30mLevel 1[0m create_file_with_runtime_dependencies(/home/fly_ws/install/control/share/colcon-core/packages/control)
[7.023s] [34mcolcon.colcon_parallel_executor.executor.parallel[0m [1;30mDEBUG[0m [32mclosing loop[0m
[7.024s] [34mcolcon.colcon_parallel_executor.executor.parallel[0m [1;30mDEBUG[0m [32mloop closed[0m
[7.025s] [34mcolcon.colcon_parallel_executor.executor.parallel[0m [1;30mDEBUG[0m [32mrun_until_complete finished with '0'[0m
[7.026s] [34mcolcon.colcon_core.event_reactor[0m [1;30mDEBUG[0m [32mjoining thread[0m
[7.056s] [34mcolcon.colcon_core.plugin_system[0m [1;30mINFO[0m Skipping extension 'colcon_notification.desktop_notification.notify_send': Could not find 'notify-send'
[7.057s] [34mcolcon.colcon_core.plugin_system[0m [1;30mINFO[0m Skipping extension 'colcon_notification.desktop_notification.terminal_notifier': Not used on non-Darwin systems
[7.057s] [34mcolcon.colcon_core.plugin_system[0m [1;30mINFO[0m Skipping extension 'colcon_notification.desktop_notification.win32': Not used on non-Windows systems
[7.057s] [34mcolcon.colcon_notification.desktop_notification[0m [1;30mINFO[0m Sending desktop notification using 'notify2'
[7.070s] [34mcolcon.colcon_notification.desktop_notification.notify2[0m [1;30mDEBUG[0m [32mFailed to initialize notify2: org.freedesktop.DBus.Error.Spawn.ExecFailed: /usr/bin/dbus-launch terminated abnormally without any error message[0m
[7.071s] [34mcolcon.colcon_core.event_reactor[0m [1;30mDEBUG[0m [32mjoined thread[0m
[7.072s] [34mcolcon.colcon_core.shell[0m [1;30mINFO[0m Creating prefix script '/home/fly_ws/install/local_setup.ps1'
[7.076s] [34mcolcon.colcon_core.shell[0m [1;30mINFO[0m Creating prefix util module '/home/fly_ws/install/_local_setup_util_ps1.py'
[7.080s] [34mcolcon.colcon_core.shell[0m [1;30mINFO[0m Creating prefix chain script '/home/fly_ws/install/setup.ps1'
[7.083s] [34mcolcon.colcon_core.shell[0m [1;30mINFO[0m Creating prefix script '/home/fly_ws/install/local_setup.sh'
[7.086s] [34mcolcon.colcon_core.shell[0m [1;30mINFO[0m Creating prefix util module '/home/fly_ws/install/_local_setup_util_sh.py'
[7.088s] [34mcolcon.colcon_core.shell[0m [1;30mINFO[0m Creating prefix chain script '/home/fly_ws/install/setup.sh'
[7.092s] [34mcolcon.colcon_core.shell[0m [1;30mINFO[0m Creating prefix script '/home/fly_ws/install/local_setup.bash'
[7.097s] [34mcolcon.colcon_core.shell[0m [1;30mINFO[0m Creating prefix chain script '/home/fly_ws/install/setup.bash'
[7.102s] [34mcolcon.colcon_core.shell[0m [1;30mINFO[0m Creating prefix script '/home/fly_ws/install/local_setup.zsh'
[7.104s] [34mcolcon.colcon_core.shell[0m [1;30mINFO[0m Creating prefix chain script '/home/fly_ws/install/setup.zsh'
